{"C:\\it\\it_frontend\\app\\composables\\useExcalidrawAttachment.ts": {"path":"C:\\it\\it_frontend\\app\\composables\\useExcalidrawAttachment.ts","statementMap":{"0":{"start":{"line":33,"column":28},"end":{"line":59,"column":null}},"1":{"start":{"line":37,"column":19},"end":{"line":37,"column":null}},"2":{"start":{"line":42,"column":35},"end":{"line":42,"column":null}},"3":{"start":{"line":44,"column":4},"end":{"line":56,"column":null}},"4":{"start":{"line":45,"column":8},"end":{"line":55,"column":null}},"5":{"start":{"line":46,"column":12},"end":{"line":54,"column":null}},"6":{"start":{"line":47,"column":16},"end":{"line":51,"column":null}},"7":{"start":{"line":52,"column":55},"end":{"line":52,"column":null}},"8":{"start":{"line":53,"column":16},"end":{"line":53,"column":null}},"9":{"start":{"line":58,"column":4},"end":{"line":58,"column":null}},"10":{"start":{"line":64,"column":29},"end":{"line":76,"column":null}},"11":{"start":{"line":65,"column":18},"end":{"line":65,"column":null}},"12":{"start":{"line":66,"column":23},"end":{"line":66,"column":null}},"13":{"start":{"line":67,"column":4},"end":{"line":69,"column":null}},"14":{"start":{"line":68,"column":8},"end":{"line":68,"column":null}},"15":{"start":{"line":70,"column":22},"end":{"line":70,"column":null}},"16":{"start":{"line":71,"column":18},"end":{"line":71,"column":null}},"17":{"start":{"line":72,"column":4},"end":{"line":74,"column":null}},"18":{"start":{"line":72,"column":17},"end":{"line":72,"column":20}},"19":{"start":{"line":73,"column":8},"end":{"line":73,"column":null}},"20":{"start":{"line":75,"column":4},"end":{"line":75,"column":null}},"21":{"start":{"line":79,"column":29},"end":{"line":81,"column":null}},"22":{"start":{"line":80,"column":4},"end":{"line":80,"column":null}},"23":{"start":{"line":84,"column":31},"end":{"line":86,"column":null}},"24":{"start":{"line":85,"column":4},"end":{"line":85,"column":null}},"25":{"start":{"line":89,"column":6},"end":{"line":89,"column":null}},"26":{"start":{"line":94,"column":39},"end":{"line":227,"column":null}},"27":{"start":{"line":95,"column":19},"end":{"line":95,"column":null}},"28":{"start":{"line":96,"column":26},"end":{"line":96,"column":null}},"29":{"start":{"line":97,"column":21},"end":{"line":97,"column":null}},"30":{"start":{"line":99,"column":28},"end":{"line":113,"column":null}},"31":{"start":{"line":100,"column":20},"end":{"line":100,"column":null}},"32":{"start":{"line":101,"column":21},"end":{"line":101,"column":null}},"33":{"start":{"line":102,"column":25},"end":{"line":102,"column":null}},"34":{"start":{"line":103,"column":8},"end":{"line":103,"column":null}},"35":{"start":{"line":104,"column":8},"end":{"line":104,"column":null}},"36":{"start":{"line":105,"column":8},"end":{"line":105,"column":null}},"37":{"start":{"line":106,"column":8},"end":{"line":106,"column":null}},"38":{"start":{"line":108,"column":23},"end":{"line":111,"column":null}},"39":{"start":{"line":112,"column":8},"end":{"line":112,"column":null}},"40":{"start":{"line":115,"column":28},"end":{"line":129,"column":null}},"41":{"start":{"line":116,"column":21},"end":{"line":116,"column":null}},"42":{"start":{"line":117,"column":21},"end":{"line":117,"column":null}},"43":{"start":{"line":118,"column":25},"end":{"line":118,"column":null}},"44":{"start":{"line":119,"column":8},"end":{"line":119,"column":null}},"45":{"start":{"line":120,"column":8},"end":{"line":120,"column":null}},"46":{"start":{"line":121,"column":8},"end":{"line":121,"column":null}},"47":{"start":{"line":122,"column":8},"end":{"line":122,"column":null}},"48":{"start":{"line":124,"column":23},"end":{"line":127,"column":null}},"49":{"start":{"line":128,"column":8},"end":{"line":128,"column":null}},"50":{"start":{"line":135,"column":22},"end":{"line":164,"column":null}},"51":{"start":{"line":136,"column":41},"end":{"line":136,"column":null}},"52":{"start":{"line":137,"column":42},"end":{"line":137,"column":null}},"53":{"start":{"line":140,"column":30},"end":{"line":142,"column":null}},"54":{"start":{"line":141,"column":27},"end":{"line":141,"column":75}},"55":{"start":{"line":143,"column":8},"end":{"line":143,"column":null}},"56":{"start":{"line":146,"column":28},"end":{"line":146,"column":null}},"57":{"start":{"line":150,"column":8},"end":{"line":154,"column":null}},"58":{"start":{"line":151,"column":12},"end":{"line":153,"column":null}},"59":{"start":{"line":152,"column":16},"end":{"line":152,"column":null}},"60":{"start":{"line":157,"column":27},"end":{"line":157,"column":null}},"61":{"start":{"line":158,"column":29},"end":{"line":158,"column":null}},"62":{"start":{"line":159,"column":8},"end":{"line":159,"column":null}},"63":{"start":{"line":161,"column":8},"end":{"line":161,"column":null}},"64":{"start":{"line":163,"column":8},"end":{"line":163,"column":null}},"65":{"start":{"line":170,"column":22},"end":{"line":211,"column":null}},"66":{"start":{"line":172,"column":27},"end":{"line":174,"column":null}},"67":{"start":{"line":175,"column":26},"end":{"line":175,"column":null}},"68":{"start":{"line":180,"column":8},"end":{"line":187,"column":null}},"69":{"start":{"line":181,"column":12},"end":{"line":181,"column":null}},"70":{"start":{"line":186,"column":12},"end":{"line":186,"column":null}},"71":{"start":{"line":190,"column":8},"end":{"line":208,"column":null}},"72":{"start":{"line":191,"column":33},"end":{"line":191,"column":null}},"73":{"start":{"line":191,"column":80},"end":{"line":191,"column":94}},"74":{"start":{"line":192,"column":12},"end":{"line":207,"column":null}},"75":{"start":{"line":194,"column":41},"end":{"line":194,"column":null}},"76":{"start":{"line":195,"column":33},"end":{"line":197,"column":null}},"77":{"start":{"line":198,"column":36},"end":{"line":203,"column":null}},"78":{"start":{"line":199,"column":39},"end":{"line":199,"column":null}},"79":{"start":{"line":200,"column":24},"end":{"line":200,"column":null}},"80":{"start":{"line":200,"column":49},"end":{"line":200,"column":null}},"81":{"start":{"line":201,"column":24},"end":{"line":201,"column":null}},"82":{"start":{"line":201,"column":47},"end":{"line":201,"column":null}},"83":{"start":{"line":202,"column":24},"end":{"line":202,"column":null}},"84":{"start":{"line":204,"column":20},"end":{"line":204,"column":null}},"85":{"start":{"line":205,"column":20},"end":{"line":205,"column":null}},"86":{"start":{"line":210,"column":8},"end":{"line":210,"column":null}},"87":{"start":{"line":214,"column":31},"end":{"line":214,"column":null}},"88":{"start":{"line":214,"column":47},"end":{"line":214,"column":null}},"89":{"start":{"line":217,"column":33},"end":{"line":219,"column":null}},"90":{"start":{"line":218,"column":8},"end":{"line":218,"column":null}},"91":{"start":{"line":221,"column":4},"end":{"line":226,"column":null}}},"fnMap":{"0":{"name":"(anonymous_0)","decl":{"start":{"line":33,"column":28},"end":{"line":33,"column":29}},"loc":{"start":{"line":36,"column":5},"end":{"line":59,"column":null}},"line":36},"1":{"name":"(anonymous_1)","decl":{"start":{"line":64,"column":29},"end":{"line":64,"column":30}},"loc":{"start":{"line":64,"column":92},"end":{"line":76,"column":null}},"line":64},"2":{"name":"(anonymous_2)","decl":{"start":{"line":79,"column":29},"end":{"line":79,"column":30}},"loc":{"start":{"line":79,"column":60},"end":{"line":81,"column":null}},"line":79},"3":{"name":"(anonymous_3)","decl":{"start":{"line":84,"column":31},"end":{"line":84,"column":32}},"loc":{"start":{"line":84,"column":63},"end":{"line":86,"column":null}},"line":84},"4":{"name":"(anonymous_4)","decl":{"start":{"line":94,"column":39},"end":{"line":94,"column":45}},"loc":{"start":{"line":94,"column":45},"end":{"line":227,"column":null}},"line":94},"5":{"name":"(anonymous_5)","decl":{"start":{"line":99,"column":28},"end":{"line":99,"column":35}},"loc":{"start":{"line":99,"column":106},"end":{"line":113,"column":null}},"line":99},"6":{"name":"(anonymous_6)","decl":{"start":{"line":115,"column":28},"end":{"line":115,"column":35}},"loc":{"start":{"line":115,"column":75},"end":{"line":129,"column":null}},"line":115},"7":{"name":"(anonymous_7)","decl":{"start":{"line":135,"column":22},"end":{"line":135,"column":29}},"loc":{"start":{"line":135,"column":68},"end":{"line":164,"column":null}},"line":135},"8":{"name":"(anonymous_8)","decl":{"start":{"line":141,"column":22},"end":{"line":141,"column":27}},"loc":{"start":{"line":141,"column":27},"end":{"line":141,"column":75}},"line":141},"9":{"name":"(anonymous_9)","decl":{"start":{"line":150,"column":22},"end":{"line":150,"column":23}},"loc":{"start":{"line":150,"column":34},"end":{"line":154,"column":9}},"line":150},"10":{"name":"(anonymous_10)","decl":{"start":{"line":170,"column":22},"end":{"line":170,"column":29}},"loc":{"start":{"line":170,"column":66},"end":{"line":211,"column":null}},"line":170},"11":{"name":"(anonymous_11)","decl":{"start":{"line":191,"column":69},"end":{"line":191,"column":70}},"loc":{"start":{"line":191,"column":80},"end":{"line":191,"column":94}},"line":191},"12":{"name":"(anonymous_12)","decl":{"start":{"line":193,"column":33},"end":{"line":193,"column":40}},"loc":{"start":{"line":193,"column":63},"end":{"line":206,"column":17}},"line":193},"13":{"name":"(anonymous_13)","decl":{"start":{"line":198,"column":62},"end":{"line":198,"column":63}},"loc":{"start":{"line":198,"column":83},"end":{"line":203,"column":21}},"line":198},"14":{"name":"(anonymous_14)","decl":{"start":{"line":200,"column":43},"end":{"line":200,"column":49}},"loc":{"start":{"line":200,"column":49},"end":{"line":200,"column":null}},"line":200},"15":{"name":"(anonymous_15)","decl":{"start":{"line":201,"column":41},"end":{"line":201,"column":47}},"loc":{"start":{"line":201,"column":47},"end":{"line":201,"column":null}},"line":201},"16":{"name":"(anonymous_16)","decl":{"start":{"line":214,"column":31},"end":{"line":214,"column":47}},"loc":{"start":{"line":214,"column":47},"end":{"line":214,"column":null}},"line":214},"17":{"name":"(anonymous_17)","decl":{"start":{"line":217,"column":33},"end":{"line":217,"column":45}},"loc":{"start":{"line":217,"column":45},"end":{"line":219,"column":null}},"line":217}},"branchMap":{"0":{"loc":{"start":{"line":44,"column":4},"end":{"line":56,"column":null}},"type":"if","locations":[{"start":{"line":44,"column":4},"end":{"line":56,"column":null}},{"start":{},"end":{}}],"line":44},"1":{"loc":{"start":{"line":46,"column":12},"end":{"line":54,"column":null}},"type":"if","locations":[{"start":{"line":46,"column":12},"end":{"line":54,"column":null}},{"start":{},"end":{}}],"line":46},"2":{"loc":{"start":{"line":50,"column":30},"end":{"line":50,"column":null}},"type":"binary-expr","locations":[{"start":{"line":50,"column":30},"end":{"line":50,"column":51}},{"start":{"line":50,"column":51},"end":{"line":50,"column":null}}],"line":50},"3":{"loc":{"start":{"line":67,"column":4},"end":{"line":69,"column":null}},"type":"if","locations":[{"start":{"line":67,"column":4},"end":{"line":69,"column":null}},{"start":{},"end":{}}],"line":67},"4":{"loc":{"start":{"line":85,"column":11},"end":{"line":85,"column":null}},"type":"binary-expr","locations":[{"start":{"line":85,"column":11},"end":{"line":85,"column":56}},{"start":{"line":85,"column":56},"end":{"line":85,"column":null}}],"line":85},"5":{"loc":{"start":{"line":100,"column":20},"end":{"line":100,"column":null}},"type":"binary-expr","locations":[{"start":{"line":100,"column":20},"end":{"line":100,"column":46}},{"start":{"line":100,"column":46},"end":{"line":100,"column":null}}],"line":100},"6":{"loc":{"start":{"line":151,"column":12},"end":{"line":153,"column":null}},"type":"if","locations":[{"start":{"line":151,"column":12},"end":{"line":153,"column":null}},{"start":{},"end":{}}],"line":151},"7":{"loc":{"start":{"line":190,"column":8},"end":{"line":208,"column":null}},"type":"if","locations":[{"start":{"line":190,"column":8},"end":{"line":208,"column":null}},{"start":{},"end":{}}],"line":190}},"s":{"0":1,"1":2,"2":2,"3":2,"4":1,"5":2,"6":2,"7":2,"8":2,"9":2,"10":1,"11":1,"12":1,"13":1,"14":0,"15":1,"16":1,"17":1,"18":1,"19":70,"20":1,"21":1,"22":2,"23":1,"24":2,"25":1,"26":1,"27":0,"28":0,"29":0,"30":0,"31":0,"32":0,"33":0,"34":0,"35":0,"36":0,"37":0,"38":0,"39":0,"40":0,"41":0,"42":0,"43":0,"44":0,"45":0,"46":0,"47":0,"48":0,"49":0,"50":0,"51":0,"52":0,"53":0,"54":0,"55":0,"56":0,"57":0,"58":0,"59":0,"60":0,"61":0,"62":0,"63":0,"64":0,"65":0,"66":0,"67":0,"68":0,"69":0,"70":0,"71":0,"72":0,"73":0,"74":0,"75":0,"76":0,"77":0,"78":0,"79":0,"80":0,"81":0,"82":0,"83":0,"84":0,"85":0,"86":0,"87":0,"88":0,"89":0,"90":0,"91":0},"f":{"0":2,"1":1,"2":2,"3":2,"4":0,"5":0,"6":0,"7":0,"8":0,"9":0,"10":0,"11":0,"12":0,"13":0,"14":0,"15":0,"16":0,"17":0},"b":{"0":[1,1],"1":[2,0],"2":[2,0],"3":[0,1],"4":[2,0],"5":[0,0],"6":[0,0],"7":[0,0]},"meta":{"lastBranch":8,"lastFunction":18,"lastStatement":92,"seen":{"s:33:28:59:Infinity":0,"f:33:28:33:29":0,"s:37:19:37:Infinity":1,"s:42:35:42:Infinity":2,"b:44:4:56:Infinity:undefined:undefined:undefined:undefined":0,"s:44:4:56:Infinity":3,"s:45:8:55:Infinity":4,"b:46:12:54:Infinity:undefined:undefined:undefined:undefined":1,"s:46:12:54:Infinity":5,"s:47:16:51:Infinity":6,"b:50:30:50:51:50:51:50:Infinity":2,"s:52:55:52:Infinity":7,"s:53:16:53:Infinity":8,"s:58:4:58:Infinity":9,"s:64:29:76:Infinity":10,"f:64:29:64:30":1,"s:65:18:65:Infinity":11,"s:66:23:66:Infinity":12,"b:67:4:69:Infinity:undefined:undefined:undefined:undefined":3,"s:67:4:69:Infinity":13,"s:68:8:68:Infinity":14,"s:70:22:70:Infinity":15,"s:71:18:71:Infinity":16,"s:72:4:74:Infinity":17,"s:72:17:72:20":18,"s:73:8:73:Infinity":19,"s:75:4:75:Infinity":20,"s:79:29:81:Infinity":21,"f:79:29:79:30":2,"s:80:4:80:Infinity":22,"s:84:31:86:Infinity":23,"f:84:31:84:32":3,"s:85:4:85:Infinity":24,"b:85:11:85:56:85:56:85:Infinity":4,"s:89:6:89:Infinity":25,"s:94:39:227:Infinity":26,"f:94:39:94:45":4,"s:95:19:95:Infinity":27,"s:96:26:96:Infinity":28,"s:97:21:97:Infinity":29,"s:99:28:113:Infinity":30,"f:99:28:99:35":5,"s:100:20:100:Infinity":31,"b:100:20:100:46:100:46:100:Infinity":5,"s:101:21:101:Infinity":32,"s:102:25:102:Infinity":33,"s:103:8:103:Infinity":34,"s:104:8:104:Infinity":35,"s:105:8:105:Infinity":36,"s:106:8:106:Infinity":37,"s:108:23:111:Infinity":38,"s:112:8:112:Infinity":39,"s:115:28:129:Infinity":40,"f:115:28:115:35":6,"s:116:21:116:Infinity":41,"s:117:21:117:Infinity":42,"s:118:25:118:Infinity":43,"s:119:8:119:Infinity":44,"s:120:8:120:Infinity":45,"s:121:8:121:Infinity":46,"s:122:8:122:Infinity":47,"s:124:23:127:Infinity":48,"s:128:8:128:Infinity":49,"s:135:22:164:Infinity":50,"f:135:22:135:29":7,"s:136:41:136:Infinity":51,"s:137:42:137:Infinity":52,"s:140:30:142:Infinity":53,"f:141:22:141:27":8,"s:141:27:141:75":54,"s:143:8:143:Infinity":55,"s:146:28:146:Infinity":56,"s:150:8:154:Infinity":57,"f:150:22:150:23":9,"b:151:12:153:Infinity:undefined:undefined:undefined:undefined":6,"s:151:12:153:Infinity":58,"s:152:16:152:Infinity":59,"s:157:27:157:Infinity":60,"s:158:29:158:Infinity":61,"s:159:8:159:Infinity":62,"s:161:8:161:Infinity":63,"s:163:8:163:Infinity":64,"s:170:22:211:Infinity":65,"f:170:22:170:29":10,"s:172:27:174:Infinity":66,"s:175:26:175:Infinity":67,"s:180:8:187:Infinity":68,"s:181:12:181:Infinity":69,"s:186:12:186:Infinity":70,"b:190:8:208:Infinity:undefined:undefined:undefined:undefined":7,"s:190:8:208:Infinity":71,"s:191:33:191:Infinity":72,"f:191:69:191:70":11,"s:191:80:191:94":73,"s:192:12:207:Infinity":74,"f:193:33:193:40":12,"s:194:41:194:Infinity":75,"s:195:33:197:Infinity":76,"s:198:36:203:Infinity":77,"f:198:62:198:63":13,"s:199:39:199:Infinity":78,"s:200:24:200:Infinity":79,"f:200:43:200:49":14,"s:200:49:200:Infinity":80,"s:201:24:201:Infinity":81,"f:201:41:201:47":15,"s:201:47:201:Infinity":82,"s:202:24:202:Infinity":83,"s:204:20:204:Infinity":84,"s:205:20:205:Infinity":85,"s:210:8:210:Infinity":86,"s:214:31:214:Infinity":87,"f:214:31:214:47":16,"s:214:47:214:Infinity":88,"s:217:33:219:Infinity":89,"f:217:33:217:45":17,"s:218:8:218:Infinity":90,"s:221:4:226:Infinity":91}}}
,"C:\\it\\it_frontend\\app\\utils\\common.ts": {"path":"C:\\it\\it_frontend\\app\\utils\\common.ts","statementMap":{"0":{"start":{"line":43,"column":28},"end":{"line":67,"column":null}},"1":{"start":{"line":44,"column":16},"end":{"line":44,"column":null}},"2":{"start":{"line":45,"column":25},"end":{"line":45,"column":null}},"3":{"start":{"line":47,"column":4},"end":{"line":63,"column":null}},"4":{"start":{"line":50,"column":12},"end":{"line":50,"column":null}},"5":{"start":{"line":51,"column":12},"end":{"line":51,"column":null}},"6":{"start":{"line":54,"column":12},"end":{"line":54,"column":null}},"7":{"start":{"line":55,"column":12},"end":{"line":55,"column":null}},"8":{"start":{"line":56,"column":12},"end":{"line":56,"column":null}},"9":{"start":{"line":59,"column":12},"end":{"line":59,"column":null}},"10":{"start":{"line":60,"column":12},"end":{"line":60,"column":null}},"11":{"start":{"line":61,"column":12},"end":{"line":61,"column":null}},"12":{"start":{"line":66,"column":4},"end":{"line":66,"column":null}},"13":{"start":{"line":77,"column":21},"end":{"line":83,"column":null}},"14":{"start":{"line":78,"column":4},"end":{"line":78,"column":null}},"15":{"start":{"line":78,"column":37},"end":{"line":78,"column":null}},"16":{"start":{"line":79,"column":4},"end":{"line":79,"column":null}},"17":{"start":{"line":79,"column":37},"end":{"line":79,"column":null}},"18":{"start":{"line":80,"column":4},"end":{"line":80,"column":null}},"19":{"start":{"line":80,"column":37},"end":{"line":80,"column":null}},"20":{"start":{"line":81,"column":4},"end":{"line":81,"column":null}},"21":{"start":{"line":81,"column":37},"end":{"line":81,"column":null}},"22":{"start":{"line":82,"column":4},"end":{"line":82,"column":null}},"23":{"start":{"line":85,"column":20},"end":{"line":91,"column":null}},"24":{"start":{"line":86,"column":4},"end":{"line":86,"column":null}},"25":{"start":{"line":86,"column":39},"end":{"line":86,"column":null}},"26":{"start":{"line":87,"column":4},"end":{"line":87,"column":null}},"27":{"start":{"line":87,"column":39},"end":{"line":87,"column":null}},"28":{"start":{"line":88,"column":4},"end":{"line":88,"column":null}},"29":{"start":{"line":88,"column":39},"end":{"line":88,"column":null}},"30":{"start":{"line":89,"column":4},"end":{"line":89,"column":null}},"31":{"start":{"line":89,"column":39},"end":{"line":89,"column":null}},"32":{"start":{"line":90,"column":4},"end":{"line":90,"column":null}},"33":{"start":{"line":111,"column":36},"end":{"line":114,"column":null}},"34":{"start":{"line":112,"column":18},"end":{"line":112,"column":null}},"35":{"start":{"line":113,"column":4},"end":{"line":113,"column":null}},"36":{"start":{"line":133,"column":41},"end":{"line":142,"column":null}},"37":{"start":{"line":138,"column":4},"end":{"line":140,"column":null}},"38":{"start":{"line":139,"column":8},"end":{"line":139,"column":null}},"39":{"start":{"line":141,"column":4},"end":{"line":141,"column":null}},"40":{"start":{"line":164,"column":35},"end":{"line":172,"column":null}},"41":{"start":{"line":165,"column":4},"end":{"line":171,"column":null}},"42":{"start":{"line":166,"column":21},"end":{"line":166,"column":null}},"43":{"start":{"line":167,"column":23},"end":{"line":167,"column":null}},"44":{"start":{"line":168,"column":22},"end":{"line":168,"column":null}},"45":{"start":{"line":169,"column":21},"end":{"line":169,"column":null}},"46":{"start":{"line":170,"column":25},"end":{"line":170,"column":null}},"47":{"start":{"line":175,"column":30},"end":{"line":178,"column":null}},"48":{"start":{"line":181,"column":53},"end":{"line":194,"column":null}},"49":{"start":{"line":200,"column":34},"end":{"line":200,"column":null}},"50":{"start":{"line":200,"column":54},"end":{"line":200,"column":null}},"51":{"start":{"line":203,"column":27},"end":{"line":205,"column":null}},"52":{"start":{"line":211,"column":31},"end":{"line":211,"column":null}},"53":{"start":{"line":211,"column":51},"end":{"line":211,"column":null}},"54":{"start":{"line":223,"column":30},"end":{"line":226,"column":null}},"55":{"start":{"line":224,"column":4},"end":{"line":224,"column":null}},"56":{"start":{"line":224,"column":14},"end":{"line":224,"column":null}},"57":{"start":{"line":225,"column":4},"end":{"line":225,"column":null}},"58":{"start":{"line":238,"column":30},"end":{"line":245,"column":null}},"59":{"start":{"line":239,"column":4},"end":{"line":239,"column":null}},"60":{"start":{"line":239,"column":23},"end":{"line":239,"column":null}},"61":{"start":{"line":240,"column":4},"end":{"line":240,"column":null}},"62":{"start":{"line":240,"column":21},"end":{"line":240,"column":null}},"63":{"start":{"line":241,"column":14},"end":{"line":241,"column":null}},"64":{"start":{"line":242,"column":18},"end":{"line":242,"column":null}},"65":{"start":{"line":243,"column":14},"end":{"line":243,"column":null}},"66":{"start":{"line":244,"column":4},"end":{"line":244,"column":null}},"67":{"start":{"line":252,"column":55},"end":{"line":265,"column":null}},"68":{"start":{"line":274,"column":34},"end":{"line":275,"column":null}},"69":{"start":{"line":275,"column":4},"end":{"line":275,"column":null}},"70":{"start":{"line":283,"column":35},"end":{"line":290,"column":null}},"71":{"start":{"line":284,"column":4},"end":{"line":289,"column":null}},"72":{"start":{"line":285,"column":25},"end":{"line":285,"column":null}},"73":{"start":{"line":286,"column":25},"end":{"line":286,"column":null}},"74":{"start":{"line":287,"column":25},"end":{"line":287,"column":null}},"75":{"start":{"line":288,"column":25},"end":{"line":288,"column":null}},"76":{"start":{"line":302,"column":32},"end":{"line":307,"column":null}},"77":{"start":{"line":303,"column":14},"end":{"line":303,"column":null}},"78":{"start":{"line":304,"column":14},"end":{"line":304,"column":null}},"79":{"start":{"line":305,"column":14},"end":{"line":305,"column":null}},"80":{"start":{"line":306,"column":4},"end":{"line":306,"column":null}}},"fnMap":{"0":{"name":"(anonymous_0)","decl":{"start":{"line":43,"column":28},"end":{"line":43,"column":29}},"loc":{"start":{"line":43,"column":62},"end":{"line":67,"column":null}},"line":43},"1":{"name":"(anonymous_1)","decl":{"start":{"line":77,"column":21},"end":{"line":77,"column":22}},"loc":{"start":{"line":77,"column":56},"end":{"line":83,"column":null}},"line":77},"2":{"name":"(anonymous_2)","decl":{"start":{"line":85,"column":20},"end":{"line":85,"column":21}},"loc":{"start":{"line":85,"column":58},"end":{"line":91,"column":null}},"line":85},"3":{"name":"(anonymous_3)","decl":{"start":{"line":111,"column":36},"end":{"line":111,"column":37}},"loc":{"start":{"line":111,"column":97},"end":{"line":114,"column":null}},"line":111},"4":{"name":"(anonymous_4)","decl":{"start":{"line":133,"column":41},"end":{"line":133,"column":null}},"loc":{"start":{"line":136,"column":50},"end":{"line":142,"column":null}},"line":136},"5":{"name":"(anonymous_5)","decl":{"start":{"line":164,"column":35},"end":{"line":164,"column":36}},"loc":{"start":{"line":164,"column":55},"end":{"line":172,"column":null}},"line":164},"6":{"name":"(anonymous_6)","decl":{"start":{"line":200,"column":34},"end":{"line":200,"column":35}},"loc":{"start":{"line":200,"column":54},"end":{"line":200,"column":null}},"line":200},"7":{"name":"(anonymous_7)","decl":{"start":{"line":211,"column":31},"end":{"line":211,"column":32}},"loc":{"start":{"line":211,"column":51},"end":{"line":211,"column":null}},"line":211},"8":{"name":"(anonymous_8)","decl":{"start":{"line":223,"column":30},"end":{"line":223,"column":31}},"loc":{"start":{"line":223,"column":74},"end":{"line":226,"column":null}},"line":223},"9":{"name":"(anonymous_9)","decl":{"start":{"line":238,"column":30},"end":{"line":238,"column":31}},"loc":{"start":{"line":238,"column":76},"end":{"line":245,"column":null}},"line":238},"10":{"name":"(anonymous_10)","decl":{"start":{"line":274,"column":34},"end":{"line":274,"column":35}},"loc":{"start":{"line":275,"column":4},"end":{"line":275,"column":null}},"line":275},"11":{"name":"(anonymous_11)","decl":{"start":{"line":283,"column":35},"end":{"line":283,"column":36}},"loc":{"start":{"line":283,"column":81},"end":{"line":290,"column":null}},"line":283},"12":{"name":"(anonymous_12)","decl":{"start":{"line":302,"column":32},"end":{"line":302,"column":33}},"loc":{"start":{"line":302,"column":69},"end":{"line":307,"column":null}},"line":302}},"branchMap":{"0":{"loc":{"start":{"line":47,"column":4},"end":{"line":63,"column":null}},"type":"switch","locations":[{"start":{"line":48,"column":8},"end":{"line":51,"column":null}},{"start":{"line":52,"column":8},"end":{"line":56,"column":null}},{"start":{"line":57,"column":8},"end":{"line":61,"column":null}}],"line":47},"1":{"loc":{"start":{"line":78,"column":4},"end":{"line":78,"column":null}},"type":"if","locations":[{"start":{"line":78,"column":4},"end":{"line":78,"column":null}},{"start":{},"end":{}}],"line":78},"2":{"loc":{"start":{"line":79,"column":4},"end":{"line":79,"column":null}},"type":"if","locations":[{"start":{"line":79,"column":4},"end":{"line":79,"column":null}},{"start":{},"end":{}}],"line":79},"3":{"loc":{"start":{"line":80,"column":4},"end":{"line":80,"column":null}},"type":"if","locations":[{"start":{"line":80,"column":4},"end":{"line":80,"column":null}},{"start":{},"end":{}}],"line":80},"4":{"loc":{"start":{"line":81,"column":4},"end":{"line":81,"column":null}},"type":"if","locations":[{"start":{"line":81,"column":4},"end":{"line":81,"column":null}},{"start":{},"end":{}}],"line":81},"5":{"loc":{"start":{"line":86,"column":4},"end":{"line":86,"column":null}},"type":"if","locations":[{"start":{"line":86,"column":4},"end":{"line":86,"column":null}},{"start":{},"end":{}}],"line":86},"6":{"loc":{"start":{"line":87,"column":4},"end":{"line":87,"column":null}},"type":"if","locations":[{"start":{"line":87,"column":4},"end":{"line":87,"column":null}},{"start":{},"end":{}}],"line":87},"7":{"loc":{"start":{"line":88,"column":4},"end":{"line":88,"column":null}},"type":"if","locations":[{"start":{"line":88,"column":4},"end":{"line":88,"column":null}},{"start":{},"end":{}}],"line":88},"8":{"loc":{"start":{"line":89,"column":4},"end":{"line":89,"column":null}},"type":"if","locations":[{"start":{"line":89,"column":4},"end":{"line":89,"column":null}},{"start":{},"end":{}}],"line":89},"9":{"loc":{"start":{"line":113,"column":11},"end":{"line":113,"column":null}},"type":"binary-expr","locations":[{"start":{"line":113,"column":11},"end":{"line":113,"column":90}},{"start":{"line":113,"column":90},"end":{"line":113,"column":null}}],"line":113},"10":{"loc":{"start":{"line":138,"column":4},"end":{"line":140,"column":null}},"type":"if","locations":[{"start":{"line":138,"column":4},"end":{"line":140,"column":null}},{"start":{},"end":{}}],"line":138},"11":{"loc":{"start":{"line":165,"column":4},"end":{"line":171,"column":null}},"type":"switch","locations":[{"start":{"line":166,"column":8},"end":{"line":166,"column":null}},{"start":{"line":167,"column":8},"end":{"line":167,"column":null}},{"start":{"line":168,"column":8},"end":{"line":168,"column":null}},{"start":{"line":169,"column":8},"end":{"line":169,"column":null}},{"start":{"line":170,"column":8},"end":{"line":170,"column":null}}],"line":165},"12":{"loc":{"start":{"line":200,"column":54},"end":{"line":200,"column":null}},"type":"binary-expr","locations":[{"start":{"line":200,"column":54},"end":{"line":200,"column":86}},{"start":{"line":200,"column":86},"end":{"line":200,"column":null}}],"line":200},"13":{"loc":{"start":{"line":211,"column":51},"end":{"line":211,"column":null}},"type":"binary-expr","locations":[{"start":{"line":211,"column":51},"end":{"line":211,"column":83}},{"start":{"line":211,"column":83},"end":{"line":211,"column":null}}],"line":211},"14":{"loc":{"start":{"line":224,"column":4},"end":{"line":224,"column":null}},"type":"if","locations":[{"start":{"line":224,"column":4},"end":{"line":224,"column":null}},{"start":{},"end":{}}],"line":224},"15":{"loc":{"start":{"line":239,"column":4},"end":{"line":239,"column":null}},"type":"if","locations":[{"start":{"line":239,"column":4},"end":{"line":239,"column":null}},{"start":{},"end":{}}],"line":239},"16":{"loc":{"start":{"line":240,"column":4},"end":{"line":240,"column":null}},"type":"if","locations":[{"start":{"line":240,"column":4},"end":{"line":240,"column":null}},{"start":{},"end":{}}],"line":240},"17":{"loc":{"start":{"line":275,"column":4},"end":{"line":275,"column":null}},"type":"binary-expr","locations":[{"start":{"line":275,"column":4},"end":{"line":275,"column":38}},{"start":{"line":275,"column":38},"end":{"line":275,"column":null}}],"line":275},"18":{"loc":{"start":{"line":284,"column":4},"end":{"line":289,"column":null}},"type":"switch","locations":[{"start":{"line":285,"column":8},"end":{"line":285,"column":null}},{"start":{"line":286,"column":8},"end":{"line":286,"column":null}},{"start":{"line":287,"column":8},"end":{"line":287,"column":null}},{"start":{"line":288,"column":8},"end":{"line":288,"column":null}}],"line":284},"19":{"loc":{"start":{"line":302,"column":33},"end":{"line":302,"column":69}},"type":"default-arg","locations":[{"start":{"line":302,"column":46},"end":{"line":302,"column":69}}],"line":302}},"s":{"0":1,"1":7,"2":7,"3":7,"4":2,"5":2,"6":1,"7":1,"8":1,"9":2,"10":2,"11":2,"12":7,"13":1,"14":10,"15":2,"16":8,"17":1,"18":7,"19":1,"20":6,"21":1,"22":5,"23":1,"24":10,"25":3,"26":7,"27":1,"28":6,"29":0,"30":6,"31":0,"32":6,"33":1,"34":10,"35":10,"36":1,"37":0,"38":0,"39":0,"40":1,"41":6,"42":1,"43":1,"44":1,"45":1,"46":2,"47":1,"48":1,"49":1,"50":13,"51":1,"52":1,"53":8,"54":1,"55":0,"56":0,"57":0,"58":1,"59":0,"60":0,"61":0,"62":0,"63":0,"64":0,"65":0,"66":0,"67":1,"68":1,"69":0,"70":1,"71":0,"72":0,"73":0,"74":0,"75":0,"76":1,"77":0,"78":0,"79":0,"80":0},"f":{"0":7,"1":10,"2":10,"3":10,"4":0,"5":6,"6":13,"7":8,"8":0,"9":0,"10":0,"11":0,"12":0},"b":{"0":[2,1,2],"1":[2,8],"2":[1,7],"3":[1,6],"4":[1,5],"5":[3,7],"6":[1,6],"7":[0,6],"8":[0,6],"9":[10,0],"10":[0,0],"11":[1,1,1,1,2],"12":[13,1],"13":[8,1],"14":[0,0],"15":[0,0],"16":[0,0],"17":[0,0],"18":[0,0,0,0],"19":[0]},"meta":{"lastBranch":20,"lastFunction":13,"lastStatement":81,"seen":{"s:43:28:67:Infinity":0,"f:43:28:43:29":0,"s:44:16:44:Infinity":1,"s:45:25:45:Infinity":2,"b:48:8:51:Infinity:52:8:56:Infinity:57:8:61:Infinity":0,"s:47:4:63:Infinity":3,"s:50:12:50:Infinity":4,"s:51:12:51:Infinity":5,"s:54:12:54:Infinity":6,"s:55:12:55:Infinity":7,"s:56:12:56:Infinity":8,"s:59:12:59:Infinity":9,"s:60:12:60:Infinity":10,"s:61:12:61:Infinity":11,"s:66:4:66:Infinity":12,"s:77:21:83:Infinity":13,"f:77:21:77:22":1,"b:78:4:78:Infinity:undefined:undefined:undefined:undefined":1,"s:78:4:78:Infinity":14,"s:78:37:78:Infinity":15,"b:79:4:79:Infinity:undefined:undefined:undefined:undefined":2,"s:79:4:79:Infinity":16,"s:79:37:79:Infinity":17,"b:80:4:80:Infinity:undefined:undefined:undefined:undefined":3,"s:80:4:80:Infinity":18,"s:80:37:80:Infinity":19,"b:81:4:81:Infinity:undefined:undefined:undefined:undefined":4,"s:81:4:81:Infinity":20,"s:81:37:81:Infinity":21,"s:82:4:82:Infinity":22,"s:85:20:91:Infinity":23,"f:85:20:85:21":2,"b:86:4:86:Infinity:undefined:undefined:undefined:undefined":5,"s:86:4:86:Infinity":24,"s:86:39:86:Infinity":25,"b:87:4:87:Infinity:undefined:undefined:undefined:undefined":6,"s:87:4:87:Infinity":26,"s:87:39:87:Infinity":27,"b:88:4:88:Infinity:undefined:undefined:undefined:undefined":7,"s:88:4:88:Infinity":28,"s:88:39:88:Infinity":29,"b:89:4:89:Infinity:undefined:undefined:undefined:undefined":8,"s:89:4:89:Infinity":30,"s:89:39:89:Infinity":31,"s:90:4:90:Infinity":32,"s:111:36:114:Infinity":33,"f:111:36:111:37":3,"s:112:18:112:Infinity":34,"s:113:4:113:Infinity":35,"b:113:11:113:90:113:90:113:Infinity":9,"s:133:41:142:Infinity":36,"f:133:41:133:Infinity":4,"b:138:4:140:Infinity:undefined:undefined:undefined:undefined":10,"s:138:4:140:Infinity":37,"s:139:8:139:Infinity":38,"s:141:4:141:Infinity":39,"s:164:35:172:Infinity":40,"f:164:35:164:36":5,"b:166:8:166:Infinity:167:8:167:Infinity:168:8:168:Infinity:169:8:169:Infinity:170:8:170:Infinity":11,"s:165:4:171:Infinity":41,"s:166:21:166:Infinity":42,"s:167:23:167:Infinity":43,"s:168:22:168:Infinity":44,"s:169:21:169:Infinity":45,"s:170:25:170:Infinity":46,"s:175:30:178:Infinity":47,"s:181:53:194:Infinity":48,"s:200:34:200:Infinity":49,"f:200:34:200:35":6,"s:200:54:200:Infinity":50,"b:200:54:200:86:200:86:200:Infinity":12,"s:203:27:205:Infinity":51,"s:211:31:211:Infinity":52,"f:211:31:211:32":7,"s:211:51:211:Infinity":53,"b:211:51:211:83:211:83:211:Infinity":13,"s:223:30:226:Infinity":54,"f:223:30:223:31":8,"b:224:4:224:Infinity:undefined:undefined:undefined:undefined":14,"s:224:4:224:Infinity":55,"s:224:14:224:Infinity":56,"s:225:4:225:Infinity":57,"s:238:30:245:Infinity":58,"f:238:30:238:31":9,"b:239:4:239:Infinity:undefined:undefined:undefined:undefined":15,"s:239:4:239:Infinity":59,"s:239:23:239:Infinity":60,"b:240:4:240:Infinity:undefined:undefined:undefined:undefined":16,"s:240:4:240:Infinity":61,"s:240:21:240:Infinity":62,"s:241:14:241:Infinity":63,"s:242:18:242:Infinity":64,"s:243:14:243:Infinity":65,"s:244:4:244:Infinity":66,"s:252:55:265:Infinity":67,"s:274:34:275:Infinity":68,"f:274:34:274:35":10,"s:275:4:275:Infinity":69,"b:275:4:275:38:275:38:275:Infinity":17,"s:283:35:290:Infinity":70,"f:283:35:283:36":11,"b:285:8:285:Infinity:286:8:286:Infinity:287:8:287:Infinity:288:8:288:Infinity":18,"s:284:4:289:Infinity":71,"s:285:25:285:Infinity":72,"s:286:25:286:Infinity":73,"s:287:25:287:Infinity":74,"s:288:25:288:Infinity":75,"s:302:32:307:Infinity":76,"f:302:32:302:33":12,"b:302:46:302:69":19,"s:303:14:303:Infinity":77,"s:304:14:304:Infinity":78,"s:305:14:305:Infinity":79,"s:306:4:306:Infinity":80}}}
}
