TN:
SF:app\composables\useAdminApi.ts
FN:285,(anonymous_0)
FN:296,(anonymous_1)
FN:300,(anonymous_2)
FN:304,(anonymous_3)
FN:308,(anonymous_4)
FN:316,(anonymous_5)
FN:327,(anonymous_6)
FN:331,(anonymous_7)
FN:335,(anonymous_8)
FN:339,(anonymous_9)
FN:347,(anonymous_10)
FN:351,(anonymous_11)
FN:355,(anonymous_12)
FN:359,(anonymous_13)
FN:367,(anonymous_14)
FN:371,(anonymous_15)
FN:375,(anonymous_16)
FN:379,(anonymous_17)
FN:387,(anonymous_18)
FN:391,(anonymous_19)
FN:395,(anonymous_20)
FN:399,(anonymous_21)
FN:411,(anonymous_22)
FN:421,(anonymous_23)
FN:429,(anonymous_24)
FN:437,(anonymous_25)
FN:445,(anonymous_26)
FN:454,(anonymous_27)
FN:455,(anonymous_28)
FN:461,(anonymous_29)
FNF:30
FNH:26
FNDA:26,(anonymous_0)
FNDA:1,(anonymous_1)
FNDA:1,(anonymous_2)
FNDA:1,(anonymous_3)
FNDA:1,(anonymous_4)
FNDA:1,(anonymous_5)
FNDA:1,(anonymous_6)
FNDA:1,(anonymous_7)
FNDA:1,(anonymous_8)
FNDA:1,(anonymous_9)
FNDA:1,(anonymous_10)
FNDA:1,(anonymous_11)
FNDA:1,(anonymous_12)
FNDA:1,(anonymous_13)
FNDA:1,(anonymous_14)
FNDA:1,(anonymous_15)
FNDA:1,(anonymous_16)
FNDA:1,(anonymous_17)
FNDA:1,(anonymous_18)
FNDA:1,(anonymous_19)
FNDA:1,(anonymous_20)
FNDA:1,(anonymous_21)
FNDA:2,(anonymous_22)
FNDA:1,(anonymous_23)
FNDA:1,(anonymous_24)
FNDA:1,(anonymous_25)
FNDA:0,(anonymous_26)
FNDA:0,(anonymous_27)
FNDA:0,(anonymous_28)
FNDA:0,(anonymous_29)
DA:285,1
DA:286,26
DA:288,26
DA:289,26
DA:296,26
DA:297,1
DA:300,26
DA:301,1
DA:304,26
DA:305,1
DA:308,26
DA:309,1
DA:316,26
DA:317,1
DA:327,26
DA:328,1
DA:331,26
DA:332,1
DA:335,26
DA:336,1
DA:339,26
DA:340,1
DA:347,26
DA:348,1
DA:351,26
DA:352,1
DA:355,26
DA:356,1
DA:359,26
DA:360,1
DA:367,26
DA:368,1
DA:371,26
DA:372,1
DA:375,26
DA:376,1
DA:379,26
DA:380,1
DA:387,26
DA:388,1
DA:391,26
DA:392,1
DA:395,26
DA:396,1
DA:399,26
DA:400,1
DA:411,26
DA:412,2
DA:421,26
DA:422,1
DA:429,26
DA:430,1
DA:437,26
DA:438,1
DA:445,26
DA:446,0
DA:454,26
DA:455,0
DA:461,26
DA:462,0
DA:464,26
LF:61
LH:58
BRDA:305,0,0,1
BRDA:305,0,1,0
BRDA:411,1,0,2
BRDA:411,2,0,2
BRDA:457,3,0,0
BRDA:457,3,1,0
BRF:6
BRH:3
end_of_record
TN:
SF:app\composables\useAdminTableEdit.ts
FN:52,useAdminTableEdit
FN:71,(anonymous_1)
FN:82,(anonymous_2)
FN:89,(anonymous_3)
FN:95,(anonymous_4)
FN:102,(anonymous_5)
FN:109,(anonymous_6)
FN:119,(anonymous_7)
FN:121,(anonymous_8)
FN:122,(anonymous_9)
FN:131,(anonymous_10)
FN:134,(anonymous_11)
FN:146,(anonymous_12)
FN:155,(anonymous_13)
FN:167,(anonymous_14)
FN:168,(anonymous_15)
FN:169,(anonymous_16)
FN:170,(anonymous_17)
FNF:18
FNH:0
FNDA:0,useAdminTableEdit
FNDA:0,(anonymous_1)
FNDA:0,(anonymous_2)
FNDA:0,(anonymous_3)
FNDA:0,(anonymous_4)
FNDA:0,(anonymous_5)
FNDA:0,(anonymous_6)
FNDA:0,(anonymous_7)
FNDA:0,(anonymous_8)
FNDA:0,(anonymous_9)
FNDA:0,(anonymous_10)
FNDA:0,(anonymous_11)
FNDA:0,(anonymous_12)
FNDA:0,(anonymous_13)
FNDA:0,(anonymous_14)
FNDA:0,(anonymous_15)
FNDA:0,(anonymous_16)
FNDA:0,(anonymous_17)
DA:58,0
DA:60,0
DA:62,0
DA:63,0
DA:65,0
DA:66,0
DA:71,0
DA:72,0
DA:73,0
DA:74,0
DA:75,0
DA:76,0
DA:82,0
DA:83,0
DA:84,0
DA:85,0
DA:89,0
DA:95,0
DA:96,0
DA:102,0
DA:103,0
DA:109,0
DA:110,0
DA:119,0
DA:120,0
DA:121,0
DA:122,0
DA:123,0
DA:124,0
DA:126,0
DA:131,0
DA:132,0
DA:133,0
DA:134,0
DA:136,0
DA:139,0
DA:146,0
DA:147,0
DA:148,0
DA:149,0
DA:150,0
DA:151,0
DA:155,0
DA:156,0
DA:157,0
DA:158,0
DA:159,0
DA:167,0
DA:168,0
DA:169,0
DA:170,0
DA:172,0
DA:173,0
DA:174,0
DA:175,0
DA:178,0
DA:179,0
DA:180,0
DA:181,0
DA:182,0
DA:184,0
DA:186,0
DA:190,0
LF:63
LH:0
BRDA:72,0,0,0
BRDA:72,0,1,0
BRDA:96,1,0,0
BRDA:96,1,1,0
BRDA:103,2,0,0
BRDA:103,2,1,0
BRDA:110,3,0,0
BRDA:110,3,1,0
BRDA:120,4,0,0
BRDA:120,4,1,0
BRDA:123,5,0,0
BRDA:123,5,1,0
BRDA:133,6,0,0
BRDA:133,6,1,0
BRDA:147,7,0,0
BRDA:147,7,1,0
BRDA:172,8,0,0
BRDA:172,8,1,0
BRDA:172,9,0,0
BRDA:172,9,1,0
BRDA:172,9,2,0
BRF:21
BRH:0
end_of_record
TN:
SF:app\composables\useApiFetch.ts
FN:80,(anonymous_0)
FN:129,(anonymous_1)
FN:156,(anonymous_2)
FNF:3
FNH:3
FNDA:21,(anonymous_0)
FNDA:5,(anonymous_1)
FNDA:8,(anonymous_2)
DA:26,1
DA:33,1
DA:49,1
DA:80,1
DA:81,21
DA:82,21
DA:84,21
DA:86,21
DA:90,21
DA:98,21
DA:131,5
DA:132,5
DA:133,2
DA:136,3
DA:138,2
DA:139,2
DA:140,1
DA:141,1
DA:157,8
DA:158,3
DA:159,3
DA:160,3
DA:161,3
DA:163,2
DA:166,1
DA:167,1
DA:171,3
DA:173,5
DA:174,1
DA:180,4
DA:181,1
DA:187,3
DA:188,2
DA:199,21
LF:34
LH:34
BRDA:80,0,0,21
BRDA:90,1,0,1
BRDA:90,1,1,20
BRDA:92,2,0,1
BRDA:92,2,1,19
BRDA:94,3,0,0
BRDA:94,3,1,19
BRDA:132,4,0,2
BRDA:132,4,1,3
BRDA:132,5,0,5
BRDA:132,5,1,4
BRDA:132,5,2,3
BRDA:136,6,0,1
BRDA:136,6,1,2
BRDA:139,7,0,1
BRDA:139,7,1,1
BRDA:157,8,0,3
BRDA:157,8,1,5
BRDA:157,9,0,8
BRDA:157,9,1,3
BRDA:161,10,0,2
BRDA:161,10,1,1
BRDA:173,11,0,1
BRDA:173,11,1,4
BRDA:180,12,0,1
BRDA:180,12,1,3
BRDA:180,13,0,4
BRDA:180,13,1,2
BRDA:187,14,0,2
BRDA:187,14,1,1
BRF:30
BRH:29
end_of_record
TN:
SF:app\composables\useApprovalDashboard.ts
FN:95,(anonymous_0)
FN:105,(anonymous_1)
FN:129,(anonymous_2)
FN:139,(anonymous_3)
FN:146,(anonymous_4)
FN:148,(anonymous_5)
FNF:6
FNH:6
FNDA:4,(anonymous_0)
FNDA:2,(anonymous_1)
FNDA:6,(anonymous_2)
FNDA:1,(anonymous_3)
FNDA:2,(anonymous_4)
FNDA:2,(anonymous_5)
DA:95,1
DA:97,4
DA:100,4
DA:101,4
DA:103,4
DA:105,2
DA:111,4
DA:129,1
DA:131,6
DA:134,6
DA:135,6
DA:137,6
DA:139,1
DA:146,6
DA:148,6
DA:150,6
LF:16
LH:16
BRDA:146,0,0,2
BRDA:146,0,1,1
BRDA:148,1,0,2
BRDA:148,1,1,1
BRF:4
BRH:4
end_of_record
TN:
SF:app\composables\useApprovals.ts
FN:91,(anonymous_0)
FN:107,(anonymous_1)
FN:128,(anonymous_2)
FN:148,(anonymous_3)
FN:167,(anonymous_4)
FNF:5
FNH:5
FNDA:6,(anonymous_0)
FNDA:1,(anonymous_1)
FNDA:2,(anonymous_2)
FNDA:2,(anonymous_3)
FNDA:1,(anonymous_4)
DA:91,1
DA:93,6
DA:94,6
DA:97,6
DA:107,6
DA:108,1
DA:128,6
DA:129,2
DA:148,6
DA:149,2
DA:167,6
DA:168,1
DA:171,6
LF:13
LH:13
BRF:0
BRH:0
end_of_record
TN:
SF:app\composables\useAuth.ts
FN:77,(anonymous_0)
FN:101,(anonymous_1)
FN:111,(anonymous_2)
FN:112,(anonymous_3)
FN:121,(anonymous_4)
FN:130,(anonymous_5)
FN:150,(anonymous_6)
FNF:7
FNH:7
FNDA:26,(anonymous_0)
FNDA:12,(anonymous_1)
FNDA:11,(anonymous_2)
FNDA:10,(anonymous_3)
FNDA:3,(anonymous_4)
FNDA:3,(anonymous_5)
FNDA:7,(anonymous_6)
DA:77,1
DA:79,26
DA:89,26
DA:101,26
DA:102,12
DA:111,26
DA:112,11
DA:121,26
DA:130,26
DA:131,3
DA:150,26
DA:152,7
DA:155,6
DA:158,5
DA:160,3
DA:162,1
DA:166,2
DA:169,26
LF:18
LH:18
BRDA:102,0,0,12
BRDA:102,0,1,1
BRDA:112,1,0,11
BRDA:112,1,1,1
BRDA:112,2,0,10
BRDA:112,2,1,5
BRDA:121,3,0,3
BRDA:121,3,1,2
BRDA:131,4,0,3
BRDA:131,4,1,1
BRDA:152,5,0,1
BRDA:152,5,1,6
BRDA:155,6,0,1
BRDA:155,6,1,5
BRDA:158,7,0,3
BRDA:158,7,1,2
BRDA:160,8,0,2
BRDA:160,8,1,1
BRF:18
BRH:18
end_of_record
TN:
SF:app\composables\useBudgetAllocationSummary.ts
FN:20,getExpenseGroup
FN:28,calcAdjustRate
FN:74,useBudgetAllocationSummary
FN:77,(anonymous_3)
FN:84,(anonymous_4)
FN:89,(anonymous_5)
FN:92,(anonymous_6)
FN:103,(anonymous_7)
FN:109,(anonymous_8)
FN:110,(anonymous_9)
FN:111,(anonymous_10)
FN:112,(anonymous_11)
FN:113,(anonymous_12)
FN:117,(anonymous_13)
FN:120,(anonymous_14)
FN:158,(anonymous_15)
FN:183,(anonymous_16)
FN:239,(anonymous_17)
FN:240,(anonymous_18)
FN:242,(anonymous_19)
FN:243,(anonymous_20)
FN:246,(anonymous_21)
FN:247,(anonymous_22)
FN:251,(anonymous_23)
FN:252,(anonymous_24)
FNF:25
FNH:0
FNDA:0,getExpenseGroup
FNDA:0,calcAdjustRate
FNDA:0,useBudgetAllocationSummary
FNDA:0,(anonymous_3)
FNDA:0,(anonymous_4)
FNDA:0,(anonymous_5)
FNDA:0,(anonymous_6)
FNDA:0,(anonymous_7)
FNDA:0,(anonymous_8)
FNDA:0,(anonymous_9)
FNDA:0,(anonymous_10)
FNDA:0,(anonymous_11)
FNDA:0,(anonymous_12)
FNDA:0,(anonymous_13)
FNDA:0,(anonymous_14)
FNDA:0,(anonymous_15)
FNDA:0,(anonymous_16)
FNDA:0,(anonymous_17)
FNDA:0,(anonymous_18)
FNDA:0,(anonymous_19)
FNDA:0,(anonymous_20)
FNDA:0,(anonymous_21)
FNDA:0,(anonymous_22)
FNDA:0,(anonymous_23)
FNDA:0,(anonymous_24)
DA:17,0
DA:21,0
DA:22,0
DA:23,0
DA:24,0
DA:29,0
DA:30,0
DA:75,0
DA:77,0
DA:78,0
DA:79,0
DA:82,0
DA:84,0
DA:87,0
DA:89,0
DA:92,0
DA:93,0
DA:94,0
DA:95,0
DA:96,0
DA:103,0
DA:104,0
DA:106,0
DA:107,0
DA:109,0
DA:110,0
DA:111,0
DA:112,0
DA:113,0
DA:117,0
DA:118,0
DA:120,0
DA:121,0
DA:139,0
DA:140,0
DA:158,0
DA:160,0
DA:161,0
DA:162,0
DA:163,0
DA:164,0
DA:165,0
DA:169,0
DA:170,0
DA:171,0
DA:172,0
DA:175,0
DA:177,0
DA:178,0
DA:179,0
DA:181,0
DA:183,0
DA:184,0
DA:200,0
DA:203,0
DA:204,0
DA:220,0
DA:221,0
DA:236,0
DA:239,0
DA:240,0
DA:242,0
DA:243,0
DA:246,0
DA:247,0
DA:251,0
DA:252,0
DA:255,0
LF:68
LH:0
BRDA:21,0,0,0
BRDA:21,0,1,0
BRDA:22,1,0,0
BRDA:22,1,1,0
BRDA:22,2,0,0
BRDA:22,2,1,0
BRDA:23,3,0,0
BRDA:23,3,1,0
BRDA:23,4,0,0
BRDA:23,4,1,0
BRDA:23,4,2,0
BRDA:23,4,3,0
BRDA:29,5,0,0
BRDA:29,5,1,0
BRDA:79,6,0,0
BRDA:79,6,1,0
BRDA:94,7,0,0
BRDA:94,7,1,0
BRDA:104,8,0,0
BRDA:104,8,1,0
BRDA:109,9,0,0
BRDA:109,9,1,0
BRDA:124,10,0,0
BRDA:124,10,1,0
BRDA:125,11,0,0
BRDA:125,11,1,0
BRDA:143,12,0,0
BRDA:143,12,1,0
BRDA:144,13,0,0
BRDA:144,13,1,0
BRDA:163,14,0,0
BRDA:163,14,1,0
BRDA:164,15,0,0
BRDA:164,15,1,0
BRDA:171,16,0,0
BRDA:171,16,1,0
BRDA:172,17,0,0
BRDA:172,17,1,0
BRDA:178,18,0,0
BRDA:178,18,1,0
BRDA:179,19,0,0
BRDA:179,19,1,0
BRDA:187,20,0,0
BRDA:187,20,1,0
BRDA:188,21,0,0
BRDA:188,21,1,0
BRDA:189,22,0,0
BRDA:189,22,1,0
BRDA:190,23,0,0
BRDA:190,23,1,0
BRDA:239,24,0,0
BRDA:239,24,1,0
BRDA:242,25,0,0
BRDA:242,25,1,0
BRDA:243,26,0,0
BRDA:243,26,1,0
BRDA:247,27,0,0
BRDA:247,27,1,0
BRDA:252,28,0,0
BRDA:252,28,1,0
BRF:60
BRH:0
end_of_record
TN:
SF:app\composables\useBudgetPeriod.ts
FN:22,useBudgetPeriod
FN:31,(anonymous_1)
FN:38,(anonymous_2)
FNF:3
FNH:3
FNDA:6,useBudgetPeriod
FNDA:4,(anonymous_1)
FNDA:1,(anonymous_2)
DA:23,6
DA:26,6
DA:31,6
DA:32,4
DA:33,3
DA:34,3
DA:38,6
DA:40,6
LF:8
LH:8
BRDA:32,0,0,1
BRDA:32,0,1,3
BRDA:34,1,0,3
BRDA:34,1,1,2
BRF:4
BRH:4
end_of_record
TN:
SF:app\composables\useBudgetStatus.ts
FN:25,(anonymous_0)
FN:35,(anonymous_1)
FN:47,(anonymous_2)
FN:59,(anonymous_3)
FNF:4
FNH:4
FNDA:4,(anonymous_0)
FNDA:2,(anonymous_1)
FNDA:1,(anonymous_2)
FNDA:1,(anonymous_3)
DA:25,1
DA:26,4
DA:27,4
DA:35,4
DA:36,2
DA:47,4
DA:48,1
DA:59,4
DA:60,1
DA:65,4
LF:10
LH:10
BRF:0
BRH:0
end_of_record
TN:
SF:app\composables\useCodeOptions.ts
FN:26,(anonymous_0)
FN:32,(anonymous_1)
FN:34,(anonymous_2)
FN:35,(anonymous_3)
FN:42,(anonymous_4)
FN:44,(anonymous_5)
FNF:6
FNH:6
FNDA:10,(anonymous_0)
FNDA:6,(anonymous_1)
FNDA:7,(anonymous_2)
FNDA:9,(anonymous_3)
FNDA:5,(anonymous_4)
FNDA:3,(anonymous_5)
DA:26,1
DA:27,10
DA:28,10
DA:29,10
DA:32,10
DA:33,6
DA:34,7
DA:35,9
DA:42,10
DA:43,5
DA:44,3
DA:45,2
DA:48,10
LF:13
LH:13
BRDA:33,0,0,6
BRDA:33,0,1,1
BRDA:34,1,0,7
BRDA:34,1,1,0
BRDA:34,2,0,7
BRDA:34,2,1,1
BRDA:35,3,0,9
BRDA:35,3,1,9
BRDA:43,4,0,3
BRDA:43,4,1,2
BRDA:45,5,0,1
BRDA:45,5,1,1
BRF:12
BRH:11
end_of_record
TN:
SF:app\composables\useCost.ts
FN:93,(anonymous_0)
FN:112,(anonymous_1)
FN:125,(anonymous_2)
FN:140,(anonymous_3)
FN:156,(anonymous_4)
FN:170,(anonymous_5)
FN:184,(anonymous_6)
FN:198,(anonymous_7)
FNF:8
FNH:8
FNDA:8,(anonymous_0)
FNDA:2,(anonymous_1)
FNDA:1,(anonymous_2)
FNDA:1,(anonymous_3)
FNDA:1,(anonymous_4)
FNDA:1,(anonymous_5)
FNDA:1,(anonymous_6)
FNDA:1,(anonymous_7)
DA:93,1
DA:95,8
DA:96,8
DA:99,8
DA:112,8
DA:113,2
DA:125,8
DA:126,1
DA:140,8
DA:141,1
DA:156,8
DA:157,1
DA:170,8
DA:171,1
DA:184,8
DA:185,1
DA:198,8
DA:199,1
DA:202,8
LF:19
LH:19
BRDA:113,0,0,1
BRDA:113,0,1,1
BRDA:145,1,0,0
BRDA:145,1,1,1
BRF:4
BRH:3
end_of_record
TN:
SF:app\composables\useCostListPage.ts
FN:19,(anonymous_0)
FN:92,(anonymous_1)
FN:122,(anonymous_2)
FN:138,(anonymous_3)
FN:147,(anonymous_4)
FN:150,(anonymous_5)
FN:155,(anonymous_6)
FN:164,(anonymous_7)
FN:179,(anonymous_8)
FN:184,(anonymous_9)
FN:184,(anonymous_10)
FN:202,(anonymous_11)
FN:204,(anonymous_12)
FN:211,(anonymous_13)
FN:216,(anonymous_14)
FN:263,(anonymous_15)
FN:267,(anonymous_16)
FN:273,(anonymous_17)
FN:274,(anonymous_18)
FN:275,(anonymous_19)
FN:292,(anonymous_20)
FN:328,(anonymous_21)
FN:337,(anonymous_22)
FN:343,(anonymous_23)
FN:352,(anonymous_24)
FN:357,(anonymous_25)
FN:366,(anonymous_26)
FN:377,(anonymous_27)
FN:395,(anonymous_28)
FN:401,(anonymous_29)
FN:426,(anonymous_30)
FN:456,(anonymous_31)
FN:476,(anonymous_32)
FN:498,(anonymous_33)
FN:499,(anonymous_34)
FN:516,(anonymous_35)
FN:526,(anonymous_36)
FN:533,(anonymous_37)
FN:534,(anonymous_38)
FN:535,(anonymous_39)
FN:623,(anonymous_40)
FN:627,(anonymous_41)
FN:628,(anonymous_42)
FN:643,(anonymous_43)
FN:646,(anonymous_44)
FN:650,(anonymous_45)
FN:651,(anonymous_46)
FN:654,(anonymous_47)
FN:664,(anonymous_48)
FN:668,(anonymous_49)
FN:676,(anonymous_50)
FN:684,(anonymous_51)
FN:686,(anonymous_52)
FN:699,(anonymous_53)
FN:716,(anonymous_54)
FN:728,(anonymous_55)
FN:732,(anonymous_56)
FN:734,(anonymous_57)
FN:734,(anonymous_58)
FN:764,(anonymous_59)
FN:768,(anonymous_60)
FN:771,(anonymous_61)
FN:787,(anonymous_62)
FN:789,(anonymous_63)
FN:793,(anonymous_64)
FN:852,(anonymous_65)
FN:852,(anonymous_66)
FN:853,(anonymous_67)
FN:853,(anonymous_68)
FN:854,(anonymous_69)
FN:854,(anonymous_70)
FN:855,(anonymous_71)
FN:855,(anonymous_72)
FN:865,(anonymous_73)
FN:870,(anonymous_74)
FN:888,(anonymous_75)
FN:903,(anonymous_76)
FN:906,(anonymous_77)
FN:907,(anonymous_78)
FN:920,(anonymous_79)
FN:921,(anonymous_80)
FN:923,(anonymous_81)
FN:932,(anonymous_82)
FN:941,(anonymous_83)
FN:947,(anonymous_84)
FN:965,(anonymous_85)
FN:973,(anonymous_86)
FN:988,(anonymous_87)
FN:991,(anonymous_88)
FN:993,(anonymous_89)
FN:1000,(anonymous_90)
FN:1012,(anonymous_91)
FN:1024,(anonymous_92)
FN:1034,(anonymous_93)
FN:1063,(anonymous_94)
FN:1069,(anonymous_95)
FN:1071,(anonymous_96)
FN:1081,(anonymous_97)
FN:1091,(anonymous_98)
FN:1100,(anonymous_99)
FN:1111,(anonymous_100)
FN:1122,(anonymous_101)
FN:1137,(anonymous_102)
FN:1142,(anonymous_103)
FN:1147,(anonymous_104)
FN:1160,(anonymous_105)
FN:1175,(anonymous_106)
FN:1193,(anonymous_107)
FN:1194,(anonymous_108)
FN:1211,(anonymous_109)
FN:1220,(anonymous_110)
FN:1229,(anonymous_111)
FN:1240,(anonymous_112)
FN:1268,(anonymous_113)
FNF:114
FNH:0
FNDA:0,(anonymous_0)
FNDA:0,(anonymous_1)
FNDA:0,(anonymous_2)
FNDA:0,(anonymous_3)
FNDA:0,(anonymous_4)
FNDA:0,(anonymous_5)
FNDA:0,(anonymous_6)
FNDA:0,(anonymous_7)
FNDA:0,(anonymous_8)
FNDA:0,(anonymous_9)
FNDA:0,(anonymous_10)
FNDA:0,(anonymous_11)
FNDA:0,(anonymous_12)
FNDA:0,(anonymous_13)
FNDA:0,(anonymous_14)
FNDA:0,(anonymous_15)
FNDA:0,(anonymous_16)
FNDA:0,(anonymous_17)
FNDA:0,(anonymous_18)
FNDA:0,(anonymous_19)
FNDA:0,(anonymous_20)
FNDA:0,(anonymous_21)
FNDA:0,(anonymous_22)
FNDA:0,(anonymous_23)
FNDA:0,(anonymous_24)
FNDA:0,(anonymous_25)
FNDA:0,(anonymous_26)
FNDA:0,(anonymous_27)
FNDA:0,(anonymous_28)
FNDA:0,(anonymous_29)
FNDA:0,(anonymous_30)
FNDA:0,(anonymous_31)
FNDA:0,(anonymous_32)
FNDA:0,(anonymous_33)
FNDA:0,(anonymous_34)
FNDA:0,(anonymous_35)
FNDA:0,(anonymous_36)
FNDA:0,(anonymous_37)
FNDA:0,(anonymous_38)
FNDA:0,(anonymous_39)
FNDA:0,(anonymous_40)
FNDA:0,(anonymous_41)
FNDA:0,(anonymous_42)
FNDA:0,(anonymous_43)
FNDA:0,(anonymous_44)
FNDA:0,(anonymous_45)
FNDA:0,(anonymous_46)
FNDA:0,(anonymous_47)
FNDA:0,(anonymous_48)
FNDA:0,(anonymous_49)
FNDA:0,(anonymous_50)
FNDA:0,(anonymous_51)
FNDA:0,(anonymous_52)
FNDA:0,(anonymous_53)
FNDA:0,(anonymous_54)
FNDA:0,(anonymous_55)
FNDA:0,(anonymous_56)
FNDA:0,(anonymous_57)
FNDA:0,(anonymous_58)
FNDA:0,(anonymous_59)
FNDA:0,(anonymous_60)
FNDA:0,(anonymous_61)
FNDA:0,(anonymous_62)
FNDA:0,(anonymous_63)
FNDA:0,(anonymous_64)
FNDA:0,(anonymous_65)
FNDA:0,(anonymous_66)
FNDA:0,(anonymous_67)
FNDA:0,(anonymous_68)
FNDA:0,(anonymous_69)
FNDA:0,(anonymous_70)
FNDA:0,(anonymous_71)
FNDA:0,(anonymous_72)
FNDA:0,(anonymous_73)
FNDA:0,(anonymous_74)
FNDA:0,(anonymous_75)
FNDA:0,(anonymous_76)
FNDA:0,(anonymous_77)
FNDA:0,(anonymous_78)
FNDA:0,(anonymous_79)
FNDA:0,(anonymous_80)
FNDA:0,(anonymous_81)
FNDA:0,(anonymous_82)
FNDA:0,(anonymous_83)
FNDA:0,(anonymous_84)
FNDA:0,(anonymous_85)
FNDA:0,(anonymous_86)
FNDA:0,(anonymous_87)
FNDA:0,(anonymous_88)
FNDA:0,(anonymous_89)
FNDA:0,(anonymous_90)
FNDA:0,(anonymous_91)
FNDA:0,(anonymous_92)
FNDA:0,(anonymous_93)
FNDA:0,(anonymous_94)
FNDA:0,(anonymous_95)
FNDA:0,(anonymous_96)
FNDA:0,(anonymous_97)
FNDA:0,(anonymous_98)
FNDA:0,(anonymous_99)
FNDA:0,(anonymous_100)
FNDA:0,(anonymous_101)
FNDA:0,(anonymous_102)
FNDA:0,(anonymous_103)
FNDA:0,(anonymous_104)
FNDA:0,(anonymous_105)
FNDA:0,(anonymous_106)
FNDA:0,(anonymous_107)
FNDA:0,(anonymous_108)
FNDA:0,(anonymous_109)
FNDA:0,(anonymous_110)
FNDA:0,(anonymous_111)
FNDA:0,(anonymous_112)
FNDA:0,(anonymous_113)
DA:19,0
DA:20,0
DA:21,0
DA:22,0
DA:23,0
DA:24,0
DA:27,0
DA:28,0
DA:34,0
DA:35,0
DA:56,0
DA:57,0
DA:58,0
DA:61,0
DA:63,0
DA:65,0
DA:67,0
DA:69,0
DA:72,0
DA:75,0
DA:78,0
DA:81,0
DA:84,0
DA:92,0
DA:93,0
DA:94,0
DA:95,0
DA:97,0
DA:98,0
DA:100,0
DA:106,0
DA:118,0
DA:122,0
DA:138,0
DA:139,0
DA:140,0
DA:141,0
DA:142,0
DA:143,0
DA:147,0
DA:150,0
DA:151,0
DA:155,0
DA:156,0
DA:157,0
DA:164,0
DA:165,0
DA:166,0
DA:167,0
DA:168,0
DA:169,0
DA:172,0
DA:179,0
DA:180,0
DA:181,0
DA:182,0
DA:183,0
DA:184,0
DA:186,0
DA:188,0
DA:199,0
DA:202,0
DA:203,0
DA:204,0
DA:205,0
DA:206,0
DA:211,0
DA:212,0
DA:214,0
DA:215,0
DA:216,0
DA:217,0
DA:218,0
DA:219,0
DA:222,0
DA:223,0
DA:229,0
DA:230,0
DA:244,0
DA:247,0
DA:250,0
DA:251,0
DA:254,0
DA:259,0
DA:262,0
DA:263,0
DA:264,0
DA:266,0
DA:267,0
DA:270,0
DA:271,0
DA:273,0
DA:274,0
DA:275,0
DA:276,0
DA:292,0
DA:293,0
DA:294,0
DA:295,0
DA:296,0
DA:307,0
DA:308,0
DA:309,0
DA:310,0
DA:311,0
DA:312,0
DA:314,0
DA:327,0
DA:328,0
DA:329,0
DA:330,0
DA:331,0
DA:333,0
DA:337,0
DA:338,0
DA:339,0
DA:343,0
DA:352,0
DA:357,0
DA:358,0
DA:359,0
DA:360,0
DA:361,0
DA:362,0
DA:363,0
DA:366,0
DA:371,0
DA:372,0
DA:377,0
DA:378,0
DA:379,0
DA:380,0
DA:381,0
DA:382,0
DA:383,0
DA:385,0
DA:386,0
DA:387,0
DA:388,0
DA:389,0
DA:391,0
DA:395,0
DA:396,0
DA:397,0
DA:401,0
DA:402,0
DA:403,0
DA:404,0
DA:405,0
DA:406,0
DA:407,0
DA:408,0
DA:409,0
DA:410,0
DA:412,0
DA:413,0
DA:414,0
DA:415,0
DA:416,0
DA:418,0
DA:426,0
DA:427,0
DA:429,0
DA:430,0
DA:431,0
DA:432,0
DA:433,0
DA:435,0
DA:436,0
DA:437,0
DA:440,0
DA:441,0
DA:442,0
DA:443,0
DA:444,0
DA:445,0
DA:446,0
DA:447,0
DA:448,0
DA:449,0
DA:450,0
DA:456,0
DA:457,0
DA:458,0
DA:459,0
DA:460,0
DA:469,0
DA:476,0
DA:477,0
DA:478,0
DA:492,0
DA:494,0
DA:495,0
DA:497,0
DA:498,0
DA:499,0
DA:500,0
DA:502,0
DA:503,0
DA:506,0
DA:507,0
DA:513,0
DA:516,0
DA:517,0
DA:526,0
DA:527,0
DA:528,0
DA:530,0
DA:532,0
DA:533,0
DA:534,0
DA:535,0
DA:537,0
DA:538,0
DA:539,0
DA:540,0
DA:544,0
DA:545,0
DA:546,0
DA:547,0
DA:548,0
DA:549,0
DA:555,0
DA:556,0
DA:557,0
DA:558,0
DA:559,0
DA:565,0
DA:567,0
DA:568,0
DA:569,0
DA:570,0
DA:576,0
DA:580,0
DA:581,0
DA:584,0
DA:585,0
DA:586,0
DA:587,0
DA:588,0
DA:590,0
DA:591,0
DA:594,0
DA:595,0
DA:596,0
DA:597,0
DA:598,0
DA:599,0
DA:600,0
DA:601,0
DA:603,0
DA:604,0
DA:607,0
DA:608,0
DA:609,0
DA:610,0
DA:611,0
DA:612,0
DA:613,0
DA:615,0
DA:616,0
DA:622,0
DA:623,0
DA:624,0
DA:625,0
DA:627,0
DA:628,0
DA:630,0
DA:631,0
DA:633,0
DA:634,0
DA:636,0
DA:643,0
DA:645,0
DA:646,0
DA:647,0
DA:648,0
DA:650,0
DA:651,0
DA:654,0
DA:655,0
DA:656,0
DA:660,0
DA:664,0
DA:665,0
DA:666,0
DA:668,0
DA:669,0
DA:670,0
DA:677,0
DA:678,0
DA:681,0
DA:684,0
DA:685,0
DA:686,0
DA:688,0
DA:694,0
DA:699,0
DA:700,0
DA:701,0
DA:702,0
DA:705,0
DA:706,0
DA:707,0
DA:708,0
DA:709,0
DA:710,0
DA:711,0
DA:712,0
DA:715,0
DA:716,0
DA:717,0
DA:718,0
DA:721,0
DA:722,0
DA:728,0
DA:729,0
DA:732,0
DA:734,0
DA:753,0
DA:761,0
DA:764,0
DA:765,0
DA:768,0
DA:771,0
DA:772,0
DA:773,0
DA:774,0
DA:775,0
DA:776,0
DA:777,0
DA:778,0
DA:779,0
DA:780,0
DA:781,0
DA:782,0
DA:784,0
DA:786,0
DA:787,0
DA:788,0
DA:789,0
DA:792,0
DA:793,0
DA:794,0
DA:796,0
DA:800,0
DA:801,0
DA:802,0
DA:805,0
DA:806,0
DA:807,0
DA:808,0
DA:809,0
DA:828,0
DA:829,0
DA:831,0
DA:834,0
DA:835,0
DA:838,0
DA:840,0
DA:841,0
DA:844,0
DA:849,0
DA:852,0
DA:853,0
DA:854,0
DA:855,0
DA:865,0
DA:866,0
DA:868,0
DA:869,0
DA:870,0
DA:871,0
DA:872,0
DA:873,0
DA:874,0
DA:875,0
DA:878,0
DA:879,0
DA:880,0
DA:881,0
DA:882,0
DA:883,0
DA:886,0
DA:887,0
DA:888,0
DA:889,0
DA:890,0
DA:891,0
DA:892,0
DA:893,0
DA:894,0
DA:898,0
DA:899,0
DA:900,0
DA:901,0
DA:902,0
DA:903,0
DA:904,0
DA:906,0
DA:907,0
DA:908,0
DA:910,0
DA:914,0
DA:916,0
DA:920,0
DA:921,0
DA:922,0
DA:923,0
DA:924,0
DA:929,0
DA:932,0
DA:933,0
DA:934,0
DA:935,0
DA:936,0
DA:937,0
DA:941,0
DA:942,0
DA:943,0
DA:947,0
DA:948,0
DA:949,0
DA:950,0
DA:951,0
DA:962,0
DA:965,0
DA:966,0
DA:967,0
DA:968,0
DA:973,0
DA:974,0
DA:975,0
DA:981,0
DA:988,0
DA:991,0
DA:992,0
DA:993,0
DA:994,0
DA:996,0
DA:1000,0
DA:1001,0
DA:1002,0
DA:1003,0
DA:1012,0
DA:1013,0
DA:1014,0
DA:1015,0
DA:1016,0
DA:1017,0
DA:1024,0
DA:1025,0
DA:1026,0
DA:1028,0
DA:1029,0
DA:1030,0
DA:1033,0
DA:1034,0
DA:1035,0
DA:1036,0
DA:1037,0
DA:1038,0
DA:1043,0
DA:1044,0
DA:1045,0
DA:1046,0
DA:1048,0
DA:1050,0
DA:1053,0
DA:1054,0
DA:1063,0
DA:1064,0
DA:1065,0
DA:1069,0
DA:1070,0
DA:1071,0
DA:1072,0
DA:1081,0
DA:1082,0
DA:1083,0
DA:1084,0
DA:1086,0
DA:1087,0
DA:1091,0
DA:1092,0
DA:1093,0
DA:1094,0
DA:1096,0
DA:1100,0
DA:1101,0
DA:1102,0
DA:1103,0
DA:1104,0
DA:1105,0
DA:1106,0
DA:1111,0
DA:1112,0
DA:1113,0
DA:1114,0
DA:1115,0
DA:1116,0
DA:1117,0
DA:1118,0
DA:1122,0
DA:1123,0
DA:1124,0
DA:1125,0
DA:1127,0
DA:1128,0
DA:1137,0
DA:1138,0
DA:1139,0
DA:1140,0
DA:1141,0
DA:1142,0
DA:1143,0
DA:1147,0
DA:1148,0
DA:1149,0
DA:1150,0
DA:1151,0
DA:1153,0
DA:1154,0
DA:1160,0
DA:1161,0
DA:1162,0
DA:1163,0
DA:1164,0
DA:1165,0
DA:1166,0
DA:1167,0
DA:1168,0
DA:1169,0
DA:1171,0
DA:1175,0
DA:1176,0
DA:1178,0
DA:1179,0
DA:1181,0
DA:1183,0
DA:1186,0
DA:1187,0
DA:1193,0
DA:1194,0
DA:1195,0
DA:1199,0
DA:1202,0
DA:1205,0
DA:1211,0
DA:1212,0
DA:1215,0
DA:1216,0
DA:1219,0
DA:1220,0
DA:1221,0
DA:1224,0
DA:1229,0
DA:1230,0
DA:1231,0
DA:1240,0
DA:1241,0
DA:1242,0
DA:1245,0
DA:1246,0
DA:1247,0
DA:1248,0
DA:1250,0
DA:1255,0
DA:1256,0
DA:1257,0
DA:1260,0
DA:1261,0
DA:1262,0
DA:1267,0
DA:1268,0
DA:1272,0
DA:1296,0
DA:1297,0
DA:1299,0
DA:1301,0
LF:580
LH:0
BRDA:34,0,0,0
BRDA:34,0,1,0
BRDA:97,1,0,0
BRDA:97,1,1,0
BRDA:98,2,0,0
BRDA:98,2,1,0
BRDA:122,3,0,0
BRDA:122,3,1,0
BRDA:122,3,2,0
BRDA:139,4,0,0
BRDA:139,4,1,0
BRDA:141,5,0,0
BRDA:141,5,1,0
BRDA:142,6,0,0
BRDA:142,6,1,0
BRDA:151,7,0,0
BRDA:151,7,1,0
BRDA:157,8,0,0
BRDA:157,8,1,0
BRDA:168,9,0,0
BRDA:168,9,1,0
BRDA:168,10,0,0
BRDA:168,10,1,0
BRDA:168,10,2,0
BRDA:168,10,3,0
BRDA:168,10,4,0
BRDA:182,11,0,0
BRDA:182,11,1,0
BRDA:203,12,0,0
BRDA:203,12,1,0
BRDA:205,13,0,0
BRDA:205,13,1,0
BRDA:205,14,0,0
BRDA:205,14,1,0
BRDA:217,15,0,0
BRDA:217,15,1,0
BRDA:222,16,0,0
BRDA:222,16,1,0
BRDA:222,17,0,0
BRDA:222,17,1,0
BRDA:266,18,0,0
BRDA:266,18,1,0
BRDA:271,19,0,0
BRDA:271,19,1,0
BRDA:274,20,0,0
BRDA:274,20,1,0
BRDA:276,21,0,0
BRDA:276,21,1,0
BRDA:276,21,2,0
BRDA:276,21,3,0
BRDA:276,21,4,0
BRDA:276,21,5,0
BRDA:276,21,6,0
BRDA:276,21,7,0
BRDA:276,21,8,0
BRDA:276,21,9,0
BRDA:276,21,10,0
BRDA:276,21,11,0
BRDA:294,22,0,0
BRDA:294,22,1,0
BRDA:305,23,0,0
BRDA:305,23,1,0
BRDA:312,24,0,0
BRDA:312,24,1,0
BRDA:329,25,0,0
BRDA:329,25,1,0
BRDA:352,26,0,0
BRDA:352,26,1,0
BRDA:359,27,0,0
BRDA:359,27,1,0
BRDA:362,28,0,0
BRDA:362,28,1,0
BRDA:364,29,0,0
BRDA:364,29,1,0
BRDA:366,30,0,0
BRDA:366,30,1,0
BRDA:368,31,0,0
BRDA:368,31,1,0
BRDA:368,32,0,0
BRDA:368,32,1,0
BRDA:368,32,2,0
BRDA:382,33,0,0
BRDA:382,33,1,0
BRDA:383,34,0,0
BRDA:383,34,1,0
BRDA:387,35,0,0
BRDA:387,35,1,0
BRDA:389,36,0,0
BRDA:389,36,1,0
BRDA:402,37,0,0
BRDA:402,37,1,0
BRDA:404,38,0,0
BRDA:404,38,1,0
BRDA:407,39,0,0
BRDA:407,39,1,0
BRDA:408,40,0,0
BRDA:408,40,1,0
BRDA:409,41,0,0
BRDA:409,41,1,0
BRDA:410,42,0,0
BRDA:410,42,1,0
BRDA:414,43,0,0
BRDA:414,43,1,0
BRDA:416,44,0,0
BRDA:416,44,1,0
BRDA:430,45,0,0
BRDA:430,45,1,0
BRDA:431,46,0,0
BRDA:431,46,1,0
BRDA:435,47,0,0
BRDA:435,47,1,0
BRDA:447,48,0,0
BRDA:447,48,1,0
BRDA:457,49,0,0
BRDA:457,49,1,0
BRDA:457,50,0,0
BRDA:457,50,1,0
BRDA:457,51,0,0
BRDA:457,51,1,0
BRDA:484,52,0,0
BRDA:484,52,1,0
BRDA:484,53,0,0
BRDA:484,53,1,0
BRDA:485,54,0,0
BRDA:485,54,1,0
BRDA:485,54,2,0
BRDA:486,55,0,0
BRDA:486,55,1,0
BRDA:487,56,0,0
BRDA:487,56,1,0
BRDA:487,56,2,0
BRDA:488,57,0,0
BRDA:488,57,1,0
BRDA:490,58,0,0
BRDA:490,58,1,0
BRDA:502,59,0,0
BRDA:502,59,1,0
BRDA:502,60,0,0
BRDA:502,60,1,0
BRDA:528,61,0,0
BRDA:528,61,1,0
BRDA:528,62,0,0
BRDA:528,62,1,0
BRDA:537,63,0,0
BRDA:537,63,1,0
BRDA:537,64,0,0
BRDA:537,64,1,0
BRDA:537,64,2,0
BRDA:546,65,0,0
BRDA:546,65,1,0
BRDA:548,66,0,0
BRDA:548,66,1,0
BRDA:558,67,0,0
BRDA:558,67,1,0
BRDA:558,68,0,0
BRDA:558,68,1,0
BRDA:562,69,0,0
BRDA:562,69,1,0
BRDA:568,70,0,0
BRDA:568,70,1,0
BRDA:573,71,0,0
BRDA:573,71,1,0
BRDA:585,72,0,0
BRDA:585,72,1,0
BRDA:595,73,0,0
BRDA:595,73,1,0
BRDA:625,74,0,0
BRDA:625,74,1,0
BRDA:633,75,0,0
BRDA:633,75,1,0
BRDA:648,76,0,0
BRDA:648,76,1,0
BRDA:656,77,0,0
BRDA:656,77,1,0
BRDA:666,78,0,0
BRDA:666,78,1,0
BRDA:666,79,0,0
BRDA:666,79,1,0
BRDA:669,80,0,0
BRDA:669,80,1,0
BRDA:685,81,0,0
BRDA:685,81,1,0
BRDA:700,82,0,0
BRDA:700,82,1,0
BRDA:708,83,0,0
BRDA:708,83,1,0
BRDA:708,84,0,0
BRDA:708,84,1,0
BRDA:711,85,0,0
BRDA:711,85,1,0
BRDA:715,86,0,0
BRDA:715,86,1,0
BRDA:718,87,0,0
BRDA:718,87,1,0
BRDA:729,88,0,0
BRDA:729,88,1,0
BRDA:729,88,2,0
BRDA:735,89,0,0
BRDA:735,89,1,0
BRDA:738,90,0,0
BRDA:738,90,1,0
BRDA:740,91,0,0
BRDA:740,91,1,0
BRDA:741,92,0,0
BRDA:741,92,1,0
BRDA:742,93,0,0
BRDA:742,93,1,0
BRDA:744,94,0,0
BRDA:744,94,1,0
BRDA:746,95,0,0
BRDA:746,95,1,0
BRDA:747,96,0,0
BRDA:747,96,1,0
BRDA:748,97,0,0
BRDA:748,97,1,0
BRDA:749,98,0,0
BRDA:749,98,1,0
BRDA:750,99,0,0
BRDA:750,99,1,0
BRDA:751,100,0,0
BRDA:751,100,1,0
BRDA:765,101,0,0
BRDA:765,101,1,0
BRDA:765,101,2,0
BRDA:773,102,0,0
BRDA:773,102,1,0
BRDA:780,103,0,0
BRDA:780,103,1,0
BRDA:788,104,0,0
BRDA:788,104,1,0
BRDA:789,105,0,0
BRDA:789,105,1,0
BRDA:794,106,0,0
BRDA:794,106,1,0
BRDA:794,107,0,0
BRDA:794,107,1,0
BRDA:800,108,0,0
BRDA:800,108,1,0
BRDA:812,109,0,0
BRDA:812,109,1,0
BRDA:814,110,0,0
BRDA:814,110,1,0
BRDA:815,111,0,0
BRDA:815,111,1,0
BRDA:816,112,0,0
BRDA:816,112,1,0
BRDA:818,113,0,0
BRDA:818,113,1,0
BRDA:821,114,0,0
BRDA:821,114,1,0
BRDA:821,114,2,0
BRDA:822,115,0,0
BRDA:822,115,1,0
BRDA:823,116,0,0
BRDA:823,116,1,0
BRDA:824,117,0,0
BRDA:824,117,1,0
BRDA:826,118,0,0
BRDA:826,118,1,0
BRDA:835,119,0,0
BRDA:835,119,1,0
BRDA:838,120,0,0
BRDA:838,120,1,0
BRDA:844,121,0,0
BRDA:844,121,1,0
BRDA:866,122,0,0
BRDA:866,122,1,0
BRDA:872,123,0,0
BRDA:872,123,1,0
BRDA:875,124,0,0
BRDA:875,124,1,0
BRDA:880,125,0,0
BRDA:880,125,1,0
BRDA:880,126,0,0
BRDA:880,126,1,0
BRDA:889,127,0,0
BRDA:889,127,1,0
BRDA:891,128,0,0
BRDA:891,128,1,0
BRDA:893,129,0,0
BRDA:893,129,1,0
BRDA:900,130,0,0
BRDA:900,130,1,0
BRDA:900,131,0,0
BRDA:900,131,1,0
BRDA:902,132,0,0
BRDA:902,132,1,0
BRDA:902,133,0,0
BRDA:902,133,1,0
BRDA:922,134,0,0
BRDA:922,134,1,0
BRDA:934,135,0,0
BRDA:934,135,1,0
BRDA:935,136,0,0
BRDA:935,136,1,0
BRDA:936,137,0,0
BRDA:936,137,1,0
BRDA:948,138,0,0
BRDA:948,138,1,0
BRDA:950,139,0,0
BRDA:950,139,1,0
BRDA:967,140,0,0
BRDA:967,140,1,0
BRDA:988,141,0,0
BRDA:988,141,1,0
BRDA:992,142,0,0
BRDA:992,142,1,0
BRDA:994,143,0,0
BRDA:994,143,1,0
BRDA:996,144,0,0
BRDA:996,144,1,0
BRDA:1013,145,0,0
BRDA:1013,145,1,0
BRDA:1028,146,0,0
BRDA:1028,146,1,0
BRDA:1033,147,0,0
BRDA:1033,147,1,0
BRDA:1033,148,0,0
BRDA:1033,148,1,0
BRDA:1036,149,0,0
BRDA:1036,149,1,0
BRDA:1037,150,0,0
BRDA:1037,150,1,0
BRDA:1064,151,0,0
BRDA:1064,151,1,0
BRDA:1064,152,0,0
BRDA:1064,152,1,0
BRDA:1065,153,0,0
BRDA:1065,153,1,0
BRDA:1065,154,0,0
BRDA:1065,154,1,0
BRDA:1065,155,0,0
BRDA:1065,155,1,0
BRDA:1070,156,0,0
BRDA:1070,156,1,0
BRDA:1072,157,0,0
BRDA:1072,157,1,0
BRDA:1082,158,0,0
BRDA:1082,158,1,0
BRDA:1083,159,0,0
BRDA:1083,159,1,0
BRDA:1084,160,0,0
BRDA:1084,160,1,0
BRDA:1084,161,0,0
BRDA:1084,161,1,0
BRDA:1086,162,0,0
BRDA:1086,162,1,0
BRDA:1086,163,0,0
BRDA:1086,163,1,0
BRDA:1086,164,0,0
BRDA:1086,164,1,0
BRDA:1092,165,0,0
BRDA:1092,165,1,0
BRDA:1093,166,0,0
BRDA:1093,166,1,0
BRDA:1093,167,0,0
BRDA:1093,167,1,0
BRDA:1093,167,2,0
BRDA:1112,168,0,0
BRDA:1112,168,1,0
BRDA:1123,169,0,0
BRDA:1123,169,1,0
BRDA:1140,170,0,0
BRDA:1140,170,1,0
BRDA:1140,171,0,0
BRDA:1140,171,1,0
BRDA:1143,172,0,0
BRDA:1143,172,1,0
BRDA:1149,173,0,0
BRDA:1149,173,1,0
BRDA:1164,174,0,0
BRDA:1164,174,1,0
BRDA:1167,175,0,0
BRDA:1167,175,1,0
BRDA:1168,176,0,0
BRDA:1168,176,1,0
BRDA:1176,177,0,0
BRDA:1176,177,1,0
BRDA:1178,178,0,0
BRDA:1178,178,1,0
BRDA:1212,179,0,0
BRDA:1212,179,1,0
BRDA:1214,180,0,0
BRDA:1214,180,1,0
BRDA:1220,181,0,0
BRDA:1220,181,1,0
BRDA:1221,182,0,0
BRDA:1221,182,1,0
BRDA:1241,183,0,0
BRDA:1241,183,1,0
BRDA:1246,184,0,0
BRDA:1246,184,1,0
BRDA:1246,185,0,0
BRDA:1246,185,1,0
BRDA:1256,186,0,0
BRDA:1256,186,1,0
BRDA:1257,187,0,0
BRDA:1257,187,1,0
BRDA:1260,188,0,0
BRDA:1260,188,1,0
BRDA:1267,189,0,0
BRDA:1267,189,1,0
BRDA:1293,190,0,0
BRDA:1293,190,1,0
BRF:404
BRH:0
end_of_record
TN:
SF:app\composables\useCouncil.ts
FN:62,(anonymous_0)
FN:78,(anonymous_1)
FN:88,(anonymous_2)
FN:101,(anonymous_3)
FN:120,(anonymous_4)
FN:136,(anonymous_5)
FN:161,(anonymous_6)
FN:186,(anonymous_7)
FN:198,(anonymous_8)
FN:214,(anonymous_9)
FN:236,(anonymous_10)
FN:250,(anonymous_11)
FN:271,(anonymous_12)
FN:287,(anonymous_13)
FN:303,(anonymous_14)
FN:317,(anonymous_15)
FN:340,(anonymous_16)
FN:355,(anonymous_17)
FN:376,(anonymous_18)
FN:387,(anonymous_19)
FN:402,(anonymous_20)
FN:423,(anonymous_21)
FN:434,(anonymous_22)
FN:453,(anonymous_23)
FN:468,(anonymous_24)
FN:484,(anonymous_25)
FN:499,(anonymous_26)
FN:520,(anonymous_27)
FN:538,(anonymous_28)
FN:557,(anonymous_29)
FN:575,(anonymous_30)
FNF:31
FNH:25
FNDA:26,(anonymous_0)
FNDA:1,(anonymous_1)
FNDA:1,(anonymous_2)
FNDA:1,(anonymous_3)
FNDA:1,(anonymous_4)
FNDA:2,(anonymous_5)
FNDA:1,(anonymous_6)
FNDA:1,(anonymous_7)
FNDA:1,(anonymous_8)
FNDA:1,(anonymous_9)
FNDA:1,(anonymous_10)
FNDA:1,(anonymous_11)
FNDA:1,(anonymous_12)
FNDA:1,(anonymous_13)
FNDA:1,(anonymous_14)
FNDA:1,(anonymous_15)
FNDA:1,(anonymous_16)
FNDA:1,(anonymous_17)
FNDA:1,(anonymous_18)
FNDA:0,(anonymous_19)
FNDA:1,(anonymous_20)
FNDA:1,(anonymous_21)
FNDA:2,(anonymous_22)
FNDA:1,(anonymous_23)
FNDA:0,(anonymous_24)
FNDA:0,(anonymous_25)
FNDA:0,(anonymous_26)
FNDA:0,(anonymous_27)
FNDA:1,(anonymous_28)
FNDA:0,(anonymous_29)
FNDA:1,(anonymous_30)
DA:62,1
DA:63,26
DA:65,26
DA:66,26
DA:78,26
DA:79,1
DA:88,26
DA:89,1
DA:101,26
DA:102,1
DA:120,26
DA:121,1
DA:136,26
DA:141,2
DA:161,26
DA:167,1
DA:186,26
DA:187,1
DA:198,26
DA:199,1
DA:214,26
DA:218,1
DA:236,26
DA:237,1
DA:250,26
DA:256,1
DA:271,26
DA:272,1
DA:287,26
DA:288,1
DA:303,26
DA:304,1
DA:317,26
DA:322,1
DA:340,26
DA:341,1
DA:355,26
DA:359,1
DA:376,26
DA:377,1
DA:387,26
DA:388,0
DA:402,26
DA:406,1
DA:423,26
DA:424,1
DA:434,26
DA:439,2
DA:453,26
DA:454,1
DA:468,26
DA:469,0
DA:484,26
DA:485,0
DA:499,26
DA:506,0
DA:520,26
DA:521,0
DA:538,26
DA:539,1
DA:557,26
DA:558,0
DA:575,26
DA:576,1
DA:581,26
LF:65
LH:59
BRDA:139,0,0,2
BRDA:142,1,0,1
BRDA:142,1,1,1
BRDA:437,2,0,2
BRDA:440,3,0,1
BRDA:440,3,1,1
BRF:6
BRH:6
end_of_record
TN:
SF:app\composables\useCouncilCodes.ts
FN:31,(anonymous_0)
FN:61,(anonymous_1)
FN:62,(anonymous_2)
FN:66,(anonymous_3)
FN:67,(anonymous_4)
FN:71,(anonymous_5)
FN:72,(anonymous_6)
FN:81,(anonymous_7)
FN:88,(anonymous_8)
FN:95,(anonymous_9)
FN:101,(anonymous_10)
FN:102,(anonymous_11)
FN:106,(anonymous_12)
FN:107,(anonymous_13)
FNF:14
FNH:14
FNDA:16,(anonymous_0)
FNDA:3,(anonymous_1)
FNDA:9,(anonymous_2)
FNDA:3,(anonymous_3)
FNDA:6,(anonymous_4)
FNDA:2,(anonymous_5)
FNDA:4,(anonymous_6)
FNDA:5,(anonymous_7)
FNDA:4,(anonymous_8)
FNDA:3,(anonymous_9)
FNDA:2,(anonymous_10)
FNDA:2,(anonymous_11)
FNDA:2,(anonymous_12)
FNDA:3,(anonymous_13)
DA:31,1
DA:32,16
DA:33,16
DA:38,16
DA:45,16
DA:52,16
DA:61,16
DA:62,9
DA:66,16
DA:67,6
DA:71,16
DA:72,4
DA:81,16
DA:82,5
DA:88,16
DA:89,4
DA:95,16
DA:96,3
DA:101,16
DA:102,2
DA:106,16
DA:107,3
DA:110,16
LF:23
LH:23
BRDA:62,0,0,3
BRDA:62,0,1,0
BRDA:67,1,0,3
BRDA:67,1,1,0
BRDA:72,2,0,2
BRDA:72,2,1,0
BRDA:82,3,0,3
BRDA:82,3,1,2
BRDA:82,4,0,3
BRDA:82,4,1,1
BRDA:89,5,0,3
BRDA:89,5,1,1
BRDA:89,6,0,3
BRDA:89,6,1,1
BRDA:96,7,0,2
BRDA:96,7,1,1
BRDA:96,8,0,2
BRDA:96,8,1,0
BRDA:102,9,0,2
BRDA:102,9,1,1
BRDA:107,10,0,2
BRDA:107,10,1,1
BRF:22
BRH:18
end_of_record
TN:
SF:app\composables\useCurrencyRates.ts
FN:32,(anonymous_0)
FN:54,(anonymous_1)
FN:57,(anonymous_2)
FN:67,(anonymous_3)
FN:81,(anonymous_4)
FNF:5
FNH:5
FNDA:11,(anonymous_0)
FNDA:8,(anonymous_1)
FNDA:9,(anonymous_2)
FNDA:2,(anonymous_3)
FNDA:5,(anonymous_4)
DA:32,1
DA:34,11
DA:35,11
DA:42,11
DA:54,11
DA:55,8
DA:56,8
DA:57,7
DA:58,9
DA:59,8
DA:63,8
DA:67,11
DA:81,11
DA:82,5
DA:83,5
DA:86,11
LF:16
LH:16
BRDA:35,0,0,11
BRDA:35,0,1,0
BRDA:56,1,0,7
BRDA:56,1,1,1
BRDA:56,2,0,8
BRDA:56,2,1,7
BRDA:58,3,0,8
BRDA:58,3,1,1
BRDA:58,4,0,9
BRDA:58,4,1,8
BRDA:67,5,0,2
BRDA:67,5,1,1
BRDA:81,6,0,5
BRDA:82,7,0,5
BRDA:82,7,1,1
BRF:15
BRH:14
end_of_record
TN:
SF:app\composables\useDateRangeValidation.ts
FN:41,isValidDateText
FN:55,useDateRangeValidation
FN:67,(anonymous_2)
FN:81,(anonymous_3)
FN:104,(anonymous_4)
FN:122,(anonymous_5)
FN:131,(anonymous_6)
FN:147,(anonymous_7)
FN:160,(anonymous_8)
FN:173,(anonymous_9)
FN:181,(anonymous_10)
FN:193,(anonymous_11)
FN:201,(anonymous_12)
FN:203,(anonymous_13)
FNF:14
FNH:14
FNDA:15,isValidDateText
FNDA:32,useDateRangeValidation
FNDA:6,(anonymous_2)
FNDA:11,(anonymous_3)
FNDA:6,(anonymous_4)
FNDA:4,(anonymous_5)
FNDA:2,(anonymous_6)
FNDA:3,(anonymous_7)
FNDA:5,(anonymous_8)
FNDA:5,(anonymous_9)
FNDA:8,(anonymous_10)
FNDA:4,(anonymous_11)
FNDA:3,(anonymous_12)
FNDA:1,(anonymous_13)
DA:34,1
DA:42,15
DA:44,8
DA:45,8
DA:59,32
DA:60,32
DA:67,32
DA:68,6
DA:69,1
DA:70,1
DA:72,5
DA:81,32
DA:82,11
DA:83,1
DA:84,1
DA:86,10
DA:87,3
DA:88,3
DA:92,7
DA:93,4
DA:94,4
DA:95,4
DA:96,4
DA:97,4
DA:99,3
DA:104,32
DA:105,6
DA:106,5
DA:107,5
DA:108,5
DA:109,5
DA:110,5
DA:111,2
DA:112,3
DA:114,2
DA:122,32
DA:123,4
DA:125,4
DA:127,4
DA:131,32
DA:132,2
DA:134,2
DA:147,32
DA:148,3
DA:149,3
DA:150,1
DA:151,2
DA:152,1
DA:160,32
DA:161,5
DA:162,5
DA:163,1
DA:164,4
DA:165,3
DA:173,32
DA:174,5
DA:181,32
DA:182,8
DA:193,32
DA:195,32
DA:201,3
DA:203,1
LF:62
LH:62
BRDA:42,0,0,7
BRDA:42,0,1,8
BRDA:45,1,0,8
BRDA:45,1,1,8
BRDA:68,2,0,1
BRDA:68,2,1,5
BRDA:72,3,0,1
BRDA:72,3,1,4
BRDA:82,4,0,1
BRDA:82,4,1,10
BRDA:86,5,0,3
BRDA:86,5,1,7
BRDA:92,6,0,4
BRDA:92,6,1,3
BRDA:97,7,0,2
BRDA:97,7,1,2
BRDA:105,8,0,1
BRDA:105,8,1,5
BRDA:105,9,0,6
BRDA:105,9,1,6
BRDA:110,10,0,2
BRDA:110,10,1,3
BRDA:112,11,0,2
BRDA:112,11,1,1
BRDA:123,12,0,4
BRDA:123,12,1,0
BRDA:132,13,0,2
BRDA:132,13,1,0
BRDA:148,14,0,3
BRDA:148,14,1,0
BRDA:149,15,0,1
BRDA:149,15,1,2
BRDA:151,16,0,1
BRDA:151,16,1,1
BRDA:161,17,0,5
BRDA:161,17,1,0
BRDA:162,18,0,1
BRDA:162,18,1,4
BRDA:164,19,0,3
BRDA:164,19,1,1
BRDA:174,20,0,5
BRDA:174,20,1,0
BRDA:182,21,0,8
BRDA:182,21,1,0
BRDA:193,22,0,4
BRDA:193,22,1,3
BRF:46
BRH:40
end_of_record
TN:
SF:app\composables\useDocumentDashboard.ts
FN:90,(anonymous_0)
FN:100,(anonymous_1)
FN:119,(anonymous_2)
FN:128,(anonymous_3)
FN:132,(anonymous_4)
FNF:5
FNH:5
FNDA:5,(anonymous_0)
FNDA:3,(anonymous_1)
FNDA:5,(anonymous_2)
FNDA:1,(anonymous_3)
FNDA:3,(anonymous_4)
DA:90,1
DA:92,5
DA:93,5
DA:94,5
DA:98,5
DA:100,3
DA:103,5
DA:119,1
DA:121,5
DA:122,5
DA:123,5
DA:126,5
DA:128,1
DA:132,5
DA:134,5
LF:15
LH:15
BRDA:132,0,0,3
BRDA:132,0,1,1
BRF:2
BRH:2
end_of_record
TN:
SF:app\composables\useDocuments.ts
FN:60,(anonymous_0)
FN:72,(anonymous_1)
FN:81,(anonymous_2)
FN:85,(anonymous_3)
FN:100,(anonymous_4)
FN:110,(anonymous_5)
FN:120,(anonymous_6)
FN:132,(anonymous_7)
FN:144,(anonymous_8)
FNF:9
FNH:9
FNDA:10,(anonymous_0)
FNDA:1,(anonymous_1)
FNDA:3,(anonymous_2)
FNDA:3,(anonymous_3)
FNDA:1,(anonymous_4)
FNDA:1,(anonymous_5)
FNDA:1,(anonymous_6)
FNDA:1,(anonymous_7)
FNDA:2,(anonymous_8)
DA:60,1
DA:62,10
DA:63,10
DA:66,10
DA:72,10
DA:73,1
DA:81,10
DA:83,3
DA:85,3
DA:86,3
DA:87,3
DA:89,3
DA:100,10
DA:102,1
DA:110,10
DA:111,1
DA:120,10
DA:121,1
DA:132,10
DA:133,1
DA:144,10
DA:146,2
DA:147,2
DA:153,10
LF:24
LH:24
BRDA:83,0,0,1
BRDA:83,0,1,2
BRDA:87,1,0,2
BRDA:87,1,1,1
BRDA:146,2,0,1
BRDA:146,2,1,1
BRDA:149,3,0,2
BRDA:149,3,1,1
BRF:8
BRH:8
end_of_record
TN:
SF:app\composables\useEmployeeSearch.ts
FN:40,(anonymous_0)
FN:52,(anonymous_1)
FN:54,(anonymous_2)
FN:63,(anonymous_3)
FN:75,(anonymous_4)
FNF:5
FNH:5
FNDA:8,(anonymous_0)
FNDA:3,(anonymous_1)
FNDA:3,(anonymous_2)
FNDA:1,(anonymous_3)
FNDA:2,(anonymous_4)
DA:40,1
DA:41,8
DA:42,8
DA:43,8
DA:45,8
DA:46,8
DA:47,8
DA:49,8
DA:52,8
DA:53,3
DA:54,3
DA:55,3
DA:56,3
DA:57,2
DA:58,2
DA:59,2
DA:60,3
DA:63,1
DA:68,1
DA:69,1
DA:75,8
DA:76,2
DA:77,2
DA:80,8
LF:24
LH:24
BRDA:53,0,0,0
BRDA:53,0,1,3
BRDA:56,1,0,1
BRDA:56,1,1,2
BRDA:59,2,0,2
BRDA:59,2,1,0
BRDA:61,3,0,2
BRDA:61,3,1,0
BRDA:63,4,0,1
BRDA:63,4,1,0
BRDA:65,5,0,1
BRDA:65,5,1,0
BRDA:65,6,0,1
BRDA:65,6,1,0
BRDA:65,6,2,0
BRF:15
BRH:8
end_of_record
TN:
SF:app\composables\useExcalidrawAttachment.ts
FN:33,(anonymous_0)
FN:64,(anonymous_1)
FN:79,(anonymous_2)
FN:84,(anonymous_3)
FN:94,(anonymous_4)
FN:99,(anonymous_5)
FN:115,(anonymous_6)
FN:135,(anonymous_7)
FN:141,(anonymous_8)
FN:150,(anonymous_9)
FN:170,(anonymous_10)
FN:191,(anonymous_11)
FN:193,(anonymous_12)
FN:198,(anonymous_13)
FN:200,(anonymous_14)
FN:201,(anonymous_15)
FN:214,(anonymous_16)
FN:217,(anonymous_17)
FNF:18
FNH:4
FNDA:2,(anonymous_0)
FNDA:1,(anonymous_1)
FNDA:2,(anonymous_2)
FNDA:2,(anonymous_3)
FNDA:0,(anonymous_4)
FNDA:0,(anonymous_5)
FNDA:0,(anonymous_6)
FNDA:0,(anonymous_7)
FNDA:0,(anonymous_8)
FNDA:0,(anonymous_9)
FNDA:0,(anonymous_10)
FNDA:0,(anonymous_11)
FNDA:0,(anonymous_12)
FNDA:0,(anonymous_13)
FNDA:0,(anonymous_14)
FNDA:0,(anonymous_15)
FNDA:0,(anonymous_16)
FNDA:0,(anonymous_17)
DA:33,1
DA:37,2
DA:42,2
DA:44,2
DA:45,1
DA:46,2
DA:47,2
DA:52,2
DA:53,2
DA:58,2
DA:64,1
DA:65,1
DA:66,1
DA:67,1
DA:68,0
DA:70,1
DA:71,1
DA:72,1
DA:73,70
DA:75,1
DA:79,1
DA:80,2
DA:84,1
DA:85,2
DA:89,1
DA:94,1
DA:95,0
DA:96,0
DA:97,0
DA:99,0
DA:100,0
DA:101,0
DA:102,0
DA:103,0
DA:104,0
DA:105,0
DA:106,0
DA:108,0
DA:112,0
DA:115,0
DA:116,0
DA:117,0
DA:118,0
DA:119,0
DA:120,0
DA:121,0
DA:122,0
DA:124,0
DA:128,0
DA:135,0
DA:136,0
DA:137,0
DA:140,0
DA:141,0
DA:143,0
DA:146,0
DA:150,0
DA:151,0
DA:152,0
DA:157,0
DA:158,0
DA:159,0
DA:161,0
DA:163,0
DA:170,0
DA:172,0
DA:175,0
DA:180,0
DA:181,0
DA:186,0
DA:190,0
DA:191,0
DA:192,0
DA:194,0
DA:195,0
DA:198,0
DA:199,0
DA:200,0
DA:201,0
DA:202,0
DA:204,0
DA:205,0
DA:210,0
DA:214,0
DA:217,0
DA:218,0
DA:221,0
LF:87
LH:25
BRDA:44,0,0,1
BRDA:44,0,1,1
BRDA:46,1,0,2
BRDA:46,1,1,0
BRDA:50,2,0,2
BRDA:50,2,1,0
BRDA:67,3,0,0
BRDA:67,3,1,1
BRDA:85,4,0,2
BRDA:85,4,1,0
BRDA:100,5,0,0
BRDA:100,5,1,0
BRDA:151,6,0,0
BRDA:151,6,1,0
BRDA:190,7,0,0
BRDA:190,7,1,0
BRF:16
BRH:6
end_of_record
TN:
SF:app\composables\useExcalidrawDialog.ts
FN:43,(anonymous_0)
FN:49,(anonymous_1)
FN:59,(anonymous_2)
FN:69,(anonymous_3)
FN:76,(anonymous_4)
FN:78,(anonymous_5)
FNF:6
FNH:6
FNDA:20,(anonymous_0)
FNDA:8,(anonymous_1)
FNDA:15,(anonymous_2)
FNDA:3,(anonymous_3)
FNDA:4,(anonymous_4)
FNDA:4,(anonymous_5)
DA:31,1
DA:43,1
DA:49,20
DA:53,8
DA:54,8
DA:55,8
DA:59,20
DA:60,15
DA:61,15
DA:62,15
DA:69,20
DA:70,3
DA:71,3
DA:74,20
DA:76,4
DA:78,4
LF:16
LH:16
BRF:0
BRH:0
end_of_record
TN:
SF:app\composables\useFiles.ts
FN:49,(anonymous_0)
FN:63,(anonymous_1)
FN:78,(anonymous_2)
FN:103,(anonymous_3)
FN:111,(anonymous_4)
FN:128,(anonymous_5)
FN:142,(anonymous_6)
FN:160,(anonymous_7)
FN:177,(anonymous_8)
FNF:9
FNH:9
FNDA:13,(anonymous_0)
FNDA:1,(anonymous_1)
FNDA:2,(anonymous_2)
FNDA:1,(anonymous_3)
FNDA:2,(anonymous_4)
FNDA:2,(anonymous_5)
FNDA:1,(anonymous_6)
FNDA:3,(anonymous_7)
FNDA:3,(anonymous_8)
DA:49,1
DA:51,13
DA:52,13
DA:55,13
DA:63,13
DA:64,1
DA:78,13
DA:84,2
DA:85,2
DA:86,2
DA:87,2
DA:88,2
DA:90,2
DA:103,13
DA:109,1
DA:111,2
DA:112,1
DA:113,1
DA:114,1
DA:116,1
DA:128,13
DA:132,2
DA:142,13
DA:143,1
DA:160,13
DA:161,3
DA:162,1
DA:165,2
DA:166,1
DA:168,1
DA:177,13
DA:178,3
DA:179,1
DA:181,2
DA:182,1
DA:184,1
DA:187,13
LF:37
LH:37
BRDA:161,0,0,1
BRDA:161,0,1,2
BRDA:165,1,0,1
BRDA:165,1,1,1
BRDA:178,2,0,1
BRDA:178,2,1,2
BRDA:181,3,0,1
BRDA:181,3,1,1
BRF:8
BRH:8
end_of_record
TN:
SF:app\composables\useGlobalSearch.ts
FN:35,(anonymous_0)
FN:46,(anonymous_1)
FN:60,(anonymous_2)
FN:77,(anonymous_3)
FN:79,(anonymous_4)
FN:91,(anonymous_5)
FN:93,(anonymous_6)
FN:107,(anonymous_7)
FNF:8
FNH:8
FNDA:11,(anonymous_0)
FNDA:10,(anonymous_1)
FNDA:13,(anonymous_2)
FNDA:18,(anonymous_3)
FNDA:9,(anonymous_4)
FNDA:16,(anonymous_5)
FNDA:6,(anonymous_6)
FNDA:1,(anonymous_7)
DA:35,1
DA:36,11
DA:37,11
DA:39,11
DA:42,11
DA:43,11
DA:46,11
DA:47,10
DA:55,9
DA:56,10
DA:60,11
DA:61,13
DA:62,13
DA:65,11
DA:66,10
DA:67,10
DA:69,1
DA:70,1
DA:71,1
DA:76,10
DA:77,18
DA:79,9
DA:90,13
DA:91,16
DA:93,6
DA:103,13
DA:107,11
DA:108,1
DA:109,1
DA:112,11
LF:30
LH:30
BRDA:48,0,0,0
BRDA:48,0,1,10
BRDA:51,1,0,0
BRDA:51,1,1,10
BRDA:55,2,0,9
BRDA:55,2,1,0
BRDA:56,3,0,10
BRDA:56,3,1,0
BRDA:62,4,0,2
BRDA:62,4,1,11
BRDA:65,5,0,10
BRDA:65,5,1,1
BRDA:65,6,0,11
BRDA:65,6,1,1
BRDA:76,7,0,10
BRDA:76,7,1,0
BRDA:84,8,0,9
BRDA:84,8,1,1
BRDA:84,8,2,0
BRDA:85,9,0,9
BRDA:85,9,1,2
BRDA:86,10,0,9
BRDA:86,10,1,1
BRDA:90,11,0,13
BRDA:90,11,1,0
BRDA:98,12,0,6
BRDA:98,12,1,0
BRDA:99,13,0,6
BRDA:99,13,1,0
BRDA:100,14,0,6
BRDA:100,14,1,0
BRF:31
BRH:21
end_of_record
TN:
SF:app\composables\useGuideDocuments.ts
FN:43,(anonymous_0)
FN:55,(anonymous_1)
FN:63,(anonymous_2)
FN:72,(anonymous_3)
FN:88,(anonymous_4)
FN:101,(anonymous_5)
FNF:6
FNH:6
FNDA:5,(anonymous_0)
FNDA:1,(anonymous_1)
FNDA:1,(anonymous_2)
FNDA:1,(anonymous_3)
FNDA:1,(anonymous_4)
FNDA:1,(anonymous_5)
DA:43,1
DA:45,5
DA:46,5
DA:49,5
DA:55,5
DA:56,1
DA:63,5
DA:64,1
DA:72,5
DA:76,1
DA:88,5
DA:91,1
DA:101,5
DA:104,1
DA:109,5
LF:15
LH:15
BRF:0
BRH:0
end_of_record
TN:
SF:app\composables\useHwpxExport.ts
FN:27,(anonymous_0)
FN:49,(anonymous_1)
FN:134,(anonymous_2)
FN:165,(anonymous_3)
FNF:4
FNH:2
FNDA:18,(anonymous_0)
FNDA:16,(anonymous_1)
FNDA:0,(anonymous_2)
FNDA:0,(anonymous_3)
DA:27,1
DA:29,18
DA:34,18
DA:35,18
DA:36,18
DA:39,18
DA:49,18
DA:55,16
DA:57,16
DA:59,3
DA:65,3
DA:68,13
DA:69,13
DA:72,13
DA:73,3
DA:74,3
DA:75,2
DA:82,13
DA:89,16
DA:90,16
DA:91,13
DA:92,13
DA:93,13
DA:96,13
DA:97,0
DA:98,0
DA:99,0
DA:101,0
DA:103,0
DA:105,0
DA:106,0
DA:116,0
DA:117,0
DA:118,0
DA:119,0
DA:120,0
DA:121,0
DA:124,0
DA:125,0
DA:128,13
DA:129,13
DA:134,13
DA:135,0
DA:137,0
DA:140,0
DA:142,0
DA:146,13
DA:153,11
DA:156,16
DA:157,16
DA:158,16
DA:159,16
DA:160,16
DA:161,16
DA:162,16
DA:165,16
DA:170,2
DA:171,2
DA:178,13
DA:182,18
LF:60
LH:41
BRDA:55,0,0,0
BRDA:55,0,1,16
BRDA:57,1,0,3
BRDA:57,1,1,13
BRDA:72,2,0,3
BRDA:72,2,1,10
BRDA:75,3,0,1
BRDA:75,3,1,1
BRDA:82,4,0,13
BRDA:82,4,1,1
BRDA:90,5,0,13
BRDA:90,5,1,3
BRDA:98,6,0,0
BRDA:98,6,1,0
BRDA:107,7,0,0
BRDA:107,7,1,0
BRDA:109,8,0,0
BRDA:109,8,1,0
BRDA:113,9,0,0
BRDA:113,9,1,0
BRDA:129,10,0,13
BRDA:129,10,1,0
BRDA:140,11,0,0
BRDA:140,11,1,0
BRDA:153,12,0,1
BRDA:153,12,1,10
BRDA:174,13,0,2
BRDA:174,13,1,0
BRF:28
BRH:15
end_of_record
TN:
SF:app\composables\useOrganization.ts
FN:56,(anonymous_0)
FN:70,(anonymous_1)
FN:90,(anonymous_2)
FN:116,(anonymous_3)
FN:123,(anonymous_4)
FN:133,(anonymous_5)
FNF:6
FNH:6
FNDA:9,(anonymous_0)
FNDA:1,(anonymous_1)
FNDA:2,(anonymous_2)
FNDA:6,(anonymous_3)
FNDA:8,(anonymous_4)
FNDA:8,(anonymous_5)
DA:56,1
DA:58,9
DA:59,9
DA:70,9
DA:71,1
DA:90,9
DA:91,2
DA:116,9
DA:118,6
DA:120,6
DA:123,6
DA:124,8
DA:133,6
DA:134,8
DA:135,8
DA:137,2
DA:138,2
DA:141,6
DA:145,6
DA:148,9
LF:20
LH:20
BRDA:135,0,0,2
BRDA:135,0,1,6
BRDA:135,1,0,8
BRDA:135,1,1,3
BRF:4
BRH:4
end_of_record
TN:
SF:app\composables\usePdfReport.ts
FN:48,(anonymous_0)
FN:86,(anonymous_1)
FN:103,(anonymous_2)
FN:141,(anonymous_3)
FN:196,(anonymous_4)
FN:274,(anonymous_5)
FN:295,(anonymous_6)
FN:305,(anonymous_7)
FN:332,(anonymous_8)
FN:348,(anonymous_9)
FN:365,(anonymous_10)
FN:409,(anonymous_11)
FN:410,(anonymous_12)
FN:415,(anonymous_13)
FN:417,(anonymous_14)
FN:424,(anonymous_15)
FN:447,(anonymous_16)
FN:448,(anonymous_17)
FN:449,(anonymous_18)
FN:450,(anonymous_19)
FN:451,(anonymous_20)
FN:452,(anonymous_21)
FN:453,(anonymous_22)
FN:454,(anonymous_23)
FN:458,(anonymous_24)
FN:459,(anonymous_25)
FN:460,(anonymous_26)
FN:461,(anonymous_27)
FN:462,(anonymous_28)
FN:463,(anonymous_29)
FN:464,(anonymous_30)
FN:465,(anonymous_31)
FN:474,(anonymous_32)
FN:476,(anonymous_33)
FN:479,(anonymous_34)
FN:480,(anonymous_35)
FN:481,(anonymous_36)
FN:484,(anonymous_37)
FN:485,(anonymous_38)
FN:486,(anonymous_39)
FN:489,(anonymous_40)
FN:490,(anonymous_41)
FN:491,(anonymous_42)
FN:500,(anonymous_43)
FN:598,(anonymous_44)
FN:616,(anonymous_45)
FN:634,(anonymous_46)
FN:671,(anonymous_47)
FN:672,(anonymous_48)
FN:673,(anonymous_49)
FN:674,(anonymous_50)
FN:675,(anonymous_51)
FN:676,(anonymous_52)
FN:677,(anonymous_53)
FN:678,(anonymous_54)
FN:681,(anonymous_55)
FN:849,(anonymous_56)
FNF:57
FNH:0
FNDA:0,(anonymous_0)
FNDA:0,(anonymous_1)
FNDA:0,(anonymous_2)
FNDA:0,(anonymous_3)
FNDA:0,(anonymous_4)
FNDA:0,(anonymous_5)
FNDA:0,(anonymous_6)
FNDA:0,(anonymous_7)
FNDA:0,(anonymous_8)
FNDA:0,(anonymous_9)
FNDA:0,(anonymous_10)
FNDA:0,(anonymous_11)
FNDA:0,(anonymous_12)
FNDA:0,(anonymous_13)
FNDA:0,(anonymous_14)
FNDA:0,(anonymous_15)
FNDA:0,(anonymous_16)
FNDA:0,(anonymous_17)
FNDA:0,(anonymous_18)
FNDA:0,(anonymous_19)
FNDA:0,(anonymous_20)
FNDA:0,(anonymous_21)
FNDA:0,(anonymous_22)
FNDA:0,(anonymous_23)
FNDA:0,(anonymous_24)
FNDA:0,(anonymous_25)
FNDA:0,(anonymous_26)
FNDA:0,(anonymous_27)
FNDA:0,(anonymous_28)
FNDA:0,(anonymous_29)
FNDA:0,(anonymous_30)
FNDA:0,(anonymous_31)
FNDA:0,(anonymous_32)
FNDA:0,(anonymous_33)
FNDA:0,(anonymous_34)
FNDA:0,(anonymous_35)
FNDA:0,(anonymous_36)
FNDA:0,(anonymous_37)
FNDA:0,(anonymous_38)
FNDA:0,(anonymous_39)
FNDA:0,(anonymous_40)
FNDA:0,(anonymous_41)
FNDA:0,(anonymous_42)
FNDA:0,(anonymous_43)
FNDA:0,(anonymous_44)
FNDA:0,(anonymous_45)
FNDA:0,(anonymous_46)
FNDA:0,(anonymous_47)
FNDA:0,(anonymous_48)
FNDA:0,(anonymous_49)
FNDA:0,(anonymous_50)
FNDA:0,(anonymous_51)
FNDA:0,(anonymous_52)
FNDA:0,(anonymous_53)
FNDA:0,(anonymous_54)
FNDA:0,(anonymous_55)
FNDA:0,(anonymous_56)
DA:40,0
DA:42,0
DA:48,0
DA:50,0
DA:55,0
DA:57,0
DA:60,0
DA:86,0
DA:89,0
DA:103,0
DA:104,0
DA:105,0
DA:106,0
DA:107,0
DA:110,0
DA:111,0
DA:114,0
DA:116,0
DA:123,0
DA:124,0
DA:125,0
DA:128,0
DA:141,0
DA:142,0
DA:143,0
DA:144,0
DA:145,0
DA:146,0
DA:148,0
DA:152,0
DA:153,0
DA:154,0
DA:158,0
DA:166,0
DA:173,0
DA:176,0
DA:177,0
DA:196,0
DA:201,0
DA:203,0
DA:204,0
DA:207,0
DA:210,0
DA:211,0
DA:214,0
DA:230,0
DA:275,0
DA:295,0
DA:305,0
DA:306,0
DA:307,0
DA:309,0
DA:311,0
DA:313,0
DA:315,0
DA:316,0
DA:317,0
DA:332,0
DA:333,0
DA:334,0
DA:335,0
DA:337,0
DA:339,0
DA:340,0
DA:348,0
DA:349,0
DA:350,0
DA:351,0
DA:365,0
DA:409,0
DA:410,0
DA:415,0
DA:417,0
DA:424,0
DA:446,0
DA:447,0
DA:448,0
DA:449,0
DA:450,0
DA:451,0
DA:452,0
DA:453,0
DA:454,0
DA:457,0
DA:458,0
DA:459,0
DA:460,0
DA:461,0
DA:462,0
DA:463,0
DA:464,0
DA:465,0
DA:474,0
DA:476,0
DA:479,0
DA:480,0
DA:481,0
DA:484,0
DA:485,0
DA:486,0
DA:489,0
DA:490,0
DA:491,0
DA:494,0
DA:495,0
DA:496,0
DA:497,0
DA:500,0
DA:507,0
DA:510,0
DA:528,0
DA:579,0
DA:588,0
DA:590,0
DA:593,0
DA:594,0
DA:598,0
DA:599,0
DA:600,0
DA:611,0
DA:612,0
DA:616,0
DA:617,0
DA:618,0
DA:629,0
DA:630,0
DA:634,0
DA:635,0
DA:636,0
DA:646,0
DA:668,0
DA:670,0
DA:671,0
DA:672,0
DA:673,0
DA:674,0
DA:675,0
DA:676,0
DA:677,0
DA:678,0
DA:681,0
DA:683,0
DA:686,0
DA:689,0
DA:692,0
DA:693,0
DA:710,0
DA:712,0
DA:713,0
DA:749,0
DA:848,0
DA:849,0
DA:852,0
DA:855,0
DA:858,0
DA:876,0
DA:942,0
DA:944,0
DA:946,0
DA:954,0
DA:955,0
DA:956,0
DA:958,0
DA:959,0
DA:963,0
LF:165
LH:0
BRDA:50,0,0,0
BRDA:50,0,1,0
BRDA:50,1,0,0
BRDA:50,1,1,0
BRDA:55,2,0,0
BRDA:55,2,1,0
BRDA:55,2,2,0
BRDA:110,3,0,0
BRDA:110,3,1,0
BRDA:110,4,0,0
BRDA:110,4,1,0
BRDA:110,4,2,0
BRDA:123,5,0,0
BRDA:123,5,1,0
BRDA:124,6,0,0
BRDA:124,6,1,0
BRDA:125,7,0,0
BRDA:125,7,1,0
BRDA:199,8,0,0
BRDA:203,9,0,0
BRDA:203,9,1,0
BRDA:204,10,0,0
BRDA:204,10,1,0
BRDA:295,11,0,0
BRDA:295,11,1,0
BRDA:306,12,0,0
BRDA:306,12,1,0
BRDA:333,13,0,0
BRDA:333,13,1,0
BRDA:335,14,0,0
BRDA:335,14,1,0
BRDA:350,15,0,0
BRDA:350,15,1,0
BRDA:354,16,0,0
BRDA:354,16,1,0
BRDA:387,17,0,0
BRDA:387,17,1,0
BRDA:387,18,0,0
BRDA:387,18,1,0
BRDA:388,19,0,0
BRDA:388,19,1,0
BRDA:394,20,0,0
BRDA:394,20,1,0
BRDA:394,21,0,0
BRDA:394,21,1,0
BRDA:395,22,0,0
BRDA:395,22,1,0
BRDA:415,23,0,0
BRDA:415,23,1,0
BRDA:417,24,0,0
BRDA:417,24,1,0
BRDA:479,25,0,0
BRDA:479,25,1,0
BRDA:480,26,0,0
BRDA:480,26,1,0
BRDA:481,27,0,0
BRDA:481,27,1,0
BRDA:484,28,0,0
BRDA:484,28,1,0
BRDA:485,29,0,0
BRDA:485,29,1,0
BRDA:486,30,0,0
BRDA:486,30,1,0
BRDA:489,31,0,0
BRDA:489,31,1,0
BRDA:490,32,0,0
BRDA:490,32,1,0
BRDA:491,33,0,0
BRDA:491,33,1,0
BRDA:491,34,0,0
BRDA:491,34,1,0
BRDA:541,35,0,0
BRDA:541,35,1,0
BRDA:549,36,0,0
BRDA:549,36,1,0
BRDA:557,37,0,0
BRDA:557,37,1,0
BRDA:593,38,0,0
BRDA:593,38,1,0
BRDA:603,39,0,0
BRDA:603,39,1,0
BRDA:604,40,0,0
BRDA:604,40,1,0
BRDA:605,41,0,0
BRDA:605,41,1,0
BRDA:611,42,0,0
BRDA:611,42,1,0
BRDA:621,43,0,0
BRDA:621,43,1,0
BRDA:622,44,0,0
BRDA:622,44,1,0
BRDA:623,45,0,0
BRDA:623,45,1,0
BRDA:629,46,0,0
BRDA:629,46,1,0
BRDA:639,47,0,0
BRDA:639,47,1,0
BRDA:640,48,0,0
BRDA:640,48,1,0
BRDA:641,49,0,0
BRDA:641,49,1,0
BRDA:641,50,0,0
BRDA:641,50,1,0
BRDA:668,51,0,0
BRDA:668,51,1,0
BRDA:692,52,0,0
BRDA:692,52,1,0
BRDA:701,53,0,0
BRDA:701,53,1,0
BRDA:710,54,0,0
BRDA:710,54,1,0
BRDA:729,55,0,0
BRDA:729,55,1,0
BRDA:769,56,0,0
BRDA:769,56,1,0
BRDA:834,57,0,0
BRDA:834,57,1,0
BRDA:848,58,0,0
BRDA:848,58,1,0
BRDA:899,59,0,0
BRDA:899,59,1,0
BRDA:901,60,0,0
BRDA:901,60,1,0
BRDA:911,61,0,0
BRDA:911,61,1,0
BRDA:916,62,0,0
BRDA:916,62,1,0
BRF:127
BRH:0
end_of_record
TN:
SF:app\composables\usePendingApprovalCount.ts
FN:46,(anonymous_0)
FNF:1
FNH:1
FNDA:2,(anonymous_0)
DA:46,1
DA:48,2
DA:49,2
DA:52,2
LF:4
LH:4
BRF:0
BRH:0
end_of_record
TN:
SF:app\composables\usePlan.ts
FN:91,(anonymous_0)
FN:108,(anonymous_1)
FN:122,(anonymous_2)
FN:136,(anonymous_3)
FN:153,(anonymous_4)
FNF:5
FNH:5
FNDA:4,(anonymous_0)
FNDA:1,(anonymous_1)
FNDA:1,(anonymous_2)
FNDA:1,(anonymous_3)
FNDA:1,(anonymous_4)
DA:91,1
DA:93,4
DA:94,4
DA:97,4
DA:108,4
DA:109,1
DA:122,4
DA:123,1
DA:136,4
DA:137,1
DA:153,4
DA:154,1
DA:159,4
LF:13
LH:13
BRF:0
BRH:0
end_of_record
TN:
SF:app\composables\useProjectOptions.ts
FN:22,(anonymous_0)
FNF:1
FNH:1
FNDA:6,(anonymous_0)
DA:22,1
DA:23,6
DA:25,6
DA:27,6
DA:28,6
LF:5
LH:5
BRF:0
BRH:0
end_of_record
TN:
SF:app\composables\useProjects.ts
FN:117,(anonymous_0)
FN:136,(anonymous_1)
FN:150,(anonymous_2)
FN:166,(anonymous_3)
FN:187,(anonymous_4)
FN:205,(anonymous_5)
FN:222,(anonymous_6)
FN:235,(anonymous_7)
FN:247,(anonymous_8)
FNF:9
FNH:9
FNDA:12,(anonymous_0)
FNDA:2,(anonymous_1)
FNDA:2,(anonymous_2)
FNDA:1,(anonymous_3)
FNDA:1,(anonymous_4)
FNDA:1,(anonymous_5)
FNDA:2,(anonymous_6)
FNDA:2,(anonymous_7)
FNDA:1,(anonymous_8)
DA:117,1
DA:119,12
DA:120,12
DA:123,12
DA:136,12
DA:137,2
DA:150,12
DA:151,2
DA:166,12
DA:167,1
DA:187,12
DA:188,1
DA:205,12
DA:206,1
DA:222,12
DA:223,2
DA:235,12
DA:236,2
DA:237,2
DA:247,12
DA:248,1
DA:251,12
LF:22
LH:22
BRDA:137,0,0,1
BRDA:137,0,1,1
BRDA:171,1,0,0
BRDA:171,1,1,1
BRDA:236,2,0,1
BRDA:236,2,1,1
BRF:6
BRH:5
end_of_record
TN:
SF:app\composables\useReview.ts
FN:35,(anonymous_0)
FN:48,(anonymous_1)
FN:57,(anonymous_2)
FN:75,(anonymous_3)
FN:104,(anonymous_4)
FN:128,(anonymous_5)
FN:139,(anonymous_6)
FN:141,(anonymous_7)
FN:157,(anonymous_8)
FN:167,(anonymous_9)
FN:177,(anonymous_10)
FNF:11
FNH:11
FNDA:17,(anonymous_0)
FNDA:2,(anonymous_1)
FNDA:2,(anonymous_2)
FNDA:2,(anonymous_3)
FNDA:1,(anonymous_4)
FNDA:1,(anonymous_5)
FNDA:3,(anonymous_6)
FNDA:3,(anonymous_7)
FNDA:1,(anonymous_8)
FNDA:2,(anonymous_9)
FNDA:2,(anonymous_10)
DA:35,1
DA:36,17
DA:38,17
DA:48,17
DA:49,2
DA:57,17
DA:58,2
DA:59,2
DA:75,17
DA:84,2
DA:104,17
DA:111,1
DA:128,17
DA:129,1
DA:139,17
DA:140,3
DA:141,3
DA:142,3
DA:157,17
DA:158,1
DA:167,17
DA:168,2
DA:177,17
DA:178,2
DA:181,17
LF:25
LH:25
BRDA:48,0,0,2
BRDA:92,1,0,2
BRDA:92,1,1,2
BRDA:117,2,0,1
BRDA:117,2,1,1
BRDA:145,3,0,3
BRDA:145,3,1,1
BRDA:145,4,0,3
BRDA:145,4,1,1
BRF:9
BRH:9
end_of_record
TN:
SF:app\composables\useReviewCommentApi.ts
FN:63,toReviewComment
FN:85,(anonymous_1)
FN:99,(anonymous_2)
FN:117,(anonymous_3)
FN:140,(anonymous_4)
FNF:5
FNH:5
FNDA:5,toReviewComment
FNDA:5,(anonymous_1)
FNDA:2,(anonymous_2)
FNDA:2,(anonymous_3)
FNDA:1,(anonymous_4)
DA:64,5
DA:85,1
DA:87,5
DA:89,5
DA:90,5
DA:99,5
DA:103,2
DA:107,2
DA:117,5
DA:127,2
DA:131,2
DA:140,5
DA:144,1
DA:150,5
LF:14
LH:14
BRDA:66,0,0,2
BRDA:66,0,1,3
BRDA:74,1,0,5
BRDA:74,1,1,3
BRDA:75,2,0,5
BRDA:75,2,1,3
BRF:6
BRH:6
end_of_record
TN:
SF:app\composables\useTableCellSelection.ts
FN:54,useTableCellSelection
FN:60,(anonymous_1)
FN:74,(anonymous_2)
FN:88,(anonymous_3)
FN:91,(anonymous_4)
FN:97,(anonymous_5)
FN:122,(anonymous_6)
FN:129,(anonymous_7)
FN:136,(anonymous_8)
FN:167,(anonymous_9)
FN:179,(anonymous_10)
FN:186,(anonymous_11)
FN:199,(anonymous_12)
FN:206,(anonymous_13)
FN:216,(anonymous_14)
FN:219,(anonymous_15)
FN:228,(anonymous_16)
FN:234,(anonymous_17)
FN:241,(anonymous_18)
FN:250,(anonymous_19)
FN:257,(anonymous_20)
FN:260,(anonymous_21)
FN:271,(anonymous_22)
FN:279,(anonymous_23)
FNF:24
FNH:24
FNDA:29,useTableCellSelection
FNDA:32,(anonymous_1)
FNDA:22,(anonymous_2)
FNDA:27,(anonymous_3)
FNDA:9,(anonymous_4)
FNDA:21,(anonymous_5)
FNDA:4,(anonymous_6)
FNDA:19,(anonymous_7)
FNDA:24,(anonymous_8)
FNDA:2,(anonymous_9)
FNDA:2,(anonymous_10)
FNDA:26,(anonymous_11)
FNDA:3,(anonymous_12)
FNDA:6,(anonymous_13)
FNDA:12,(anonymous_14)
FNDA:36,(anonymous_15)
FNDA:4,(anonymous_16)
FNDA:6,(anonymous_17)
FNDA:29,(anonymous_18)
FNDA:57,(anonymous_19)
FNDA:29,(anonymous_20)
FNDA:29,(anonymous_21)
FNDA:1,(anonymous_22)
FNDA:29,(anonymous_23)
DA:47,1
DA:60,32
DA:63,29
DA:65,29
DA:67,29
DA:69,29
DA:71,29
DA:74,29
DA:75,22
DA:76,22
DA:77,22
DA:78,22
DA:79,22
DA:80,22
DA:81,22
DA:82,22
DA:83,22
DA:84,22
DA:88,29
DA:89,27
DA:90,27
DA:91,26
DA:92,9
DA:97,29
DA:98,21
DA:99,21
DA:100,21
DA:101,21
DA:102,21
DA:103,21
DA:104,21
DA:105,21
DA:106,21
DA:107,21
DA:108,25
DA:109,25
DA:110,25
DA:111,35
DA:112,35
DA:113,35
DA:116,21
DA:117,21
DA:118,21
DA:122,29
DA:123,4
DA:124,4
DA:125,4
DA:129,29
DA:130,19
DA:131,2
DA:136,29
DA:137,24
DA:138,23
DA:139,22
DA:140,22
DA:141,22
DA:142,22
DA:143,21
DA:144,21
DA:146,21
DA:147,2
DA:148,2
DA:149,2
DA:150,2
DA:153,19
DA:154,1
DA:155,1
DA:156,1
DA:158,18
DA:159,18
DA:160,18
DA:161,18
DA:162,18
DA:163,18
DA:167,29
DA:168,2
DA:169,2
DA:170,1
DA:171,1
DA:172,1
DA:173,1
DA:174,1
DA:175,1
DA:179,29
DA:180,2
DA:181,1
DA:182,1
DA:186,29
DA:187,26
DA:188,26
DA:190,26
DA:191,21
DA:192,21
DA:194,21
DA:195,1
DA:199,29
DA:200,3
DA:201,2
DA:202,1
DA:206,29
DA:207,6
DA:208,5
DA:209,5
DA:211,5
DA:212,5
DA:213,4
DA:214,4
DA:215,4
DA:216,4
DA:217,12
DA:218,12
DA:219,12
DA:220,36
DA:221,6
DA:222,6
DA:225,12
DA:227,4
DA:228,4
DA:229,3
DA:230,6
DA:234,29
DA:235,6
DA:236,6
DA:237,5
DA:241,29
DA:242,29
DA:243,28
DA:244,28
DA:245,28
DA:246,28
DA:250,29
DA:251,57
DA:252,28
DA:253,28
DA:254,28
DA:257,29
DA:258,29
DA:260,29
DA:263,29
DA:264,29
DA:265,29
DA:266,29
DA:270,29
DA:271,3
DA:272,1
DA:273,1
DA:274,1
DA:275,1
DA:279,29
DA:280,29
DA:281,29
DA:282,29
DA:283,29
DA:284,29
DA:285,29
DA:286,29
DA:289,29
LF:157
LH:157
BRDA:60,0,0,32
BRDA:60,0,1,3
BRDA:76,1,0,0
BRDA:76,1,1,22
BRDA:76,2,0,22
BRDA:76,2,1,22
BRDA:78,3,0,0
BRDA:78,3,1,22
BRDA:80,4,0,0
BRDA:80,4,1,22
BRDA:80,5,0,22
BRDA:80,5,1,22
BRDA:83,6,0,0
BRDA:83,6,1,22
BRDA:83,7,0,22
BRDA:83,7,1,22
BRDA:90,8,0,1
BRDA:90,8,1,26
BRDA:100,9,0,0
BRDA:100,9,1,21
BRDA:102,10,0,0
BRDA:102,10,1,21
BRDA:109,11,0,0
BRDA:109,11,1,25
BRDA:112,12,0,0
BRDA:112,12,1,35
BRDA:130,13,0,17
BRDA:130,13,1,2
BRDA:130,14,0,19
BRDA:130,14,1,2
BRDA:131,15,0,2
BRDA:131,15,1,2
BRDA:131,15,2,2
BRDA:131,15,3,1
BRDA:137,16,0,1
BRDA:137,16,1,23
BRDA:138,17,0,1
BRDA:138,17,1,22
BRDA:140,18,0,0
BRDA:140,18,1,22
BRDA:142,19,0,1
BRDA:142,19,1,21
BRDA:144,20,0,0
BRDA:144,20,1,21
BRDA:146,21,0,2
BRDA:146,21,1,19
BRDA:146,22,0,21
BRDA:146,22,1,3
BRDA:153,23,0,1
BRDA:153,23,1,18
BRDA:168,24,0,0
BRDA:168,24,1,2
BRDA:169,25,0,1
BRDA:169,25,1,1
BRDA:169,26,0,2
BRDA:169,26,1,1
BRDA:171,27,0,0
BRDA:171,27,1,1
BRDA:173,28,0,0
BRDA:173,28,1,1
BRDA:180,29,0,1
BRDA:180,29,1,1
BRDA:188,30,0,0
BRDA:188,30,1,26
BRDA:190,31,0,5
BRDA:190,31,1,21
BRDA:190,32,0,26
BRDA:190,32,1,5
BRDA:192,33,0,0
BRDA:192,33,1,21
BRDA:194,34,0,20
BRDA:194,34,1,1
BRDA:200,35,0,1
BRDA:200,35,1,2
BRDA:201,36,0,1
BRDA:201,36,1,1
BRDA:201,37,0,2
BRDA:201,37,1,1
BRDA:207,38,0,1
BRDA:207,38,1,5
BRDA:209,39,0,0
BRDA:209,39,1,5
BRDA:212,40,0,1
BRDA:212,40,1,4
BRDA:212,41,0,5
BRDA:212,41,1,5
BRDA:214,42,0,0
BRDA:214,42,1,4
BRDA:220,43,0,6
BRDA:220,43,1,30
BRDA:225,44,0,4
BRDA:225,44,1,8
BRDA:227,45,0,1
BRDA:227,45,1,3
BRDA:236,46,0,1
BRDA:236,46,1,5
BRDA:236,47,0,6
BRDA:236,47,1,1
BRDA:237,48,0,5
BRDA:237,48,1,0
BRDA:242,49,0,1
BRDA:242,49,1,28
BRDA:242,50,0,29
BRDA:242,50,1,28
BRDA:251,51,0,29
BRDA:251,51,1,28
BRDA:270,52,0,3
BRDA:270,52,1,26
BRDA:272,53,0,0
BRDA:272,53,1,1
BRF:110
BRH:91
end_of_record
TN:
SF:app\composables\useTableColumnResize.ts
FN:21,(anonymous_0)
FN:33,(anonymous_1)
FN:42,(anonymous_2)
FN:45,(anonymous_3)
FN:79,(anonymous_4)
FN:109,(anonymous_5)
FN:124,(anonymous_6)
FN:141,(anonymous_7)
FN:148,(anonymous_8)
FN:180,(anonymous_9)
FN:188,(anonymous_10)
FN:189,(anonymous_11)
FN:194,(anonymous_12)
FNF:13
FNH:0
FNDA:0,(anonymous_0)
FNDA:0,(anonymous_1)
FNDA:0,(anonymous_2)
FNDA:0,(anonymous_3)
FNDA:0,(anonymous_4)
FNDA:0,(anonymous_5)
FNDA:0,(anonymous_6)
FNDA:0,(anonymous_7)
FNDA:0,(anonymous_8)
FNDA:0,(anonymous_9)
FNDA:0,(anonymous_10)
FNDA:0,(anonymous_11)
FNDA:0,(anonymous_12)
DA:19,0
DA:21,0
DA:22,0
DA:23,0
DA:26,0
DA:27,0
DA:28,0
DA:29,0
DA:30,0
DA:33,0
DA:34,0
DA:35,0
DA:42,0
DA:43,0
DA:44,0
DA:45,0
DA:46,0
DA:48,0
DA:49,0
DA:50,0
DA:51,0
DA:53,0
DA:54,0
DA:56,0
DA:57,0
DA:59,0
DA:62,0
DA:63,0
DA:64,0
DA:67,0
DA:71,0
DA:79,0
DA:80,0
DA:81,0
DA:84,0
DA:85,0
DA:86,0
DA:87,0
DA:88,0
DA:93,0
DA:94,0
DA:95,0
DA:96,0
DA:97,0
DA:98,0
DA:100,0
DA:101,0
DA:102,0
DA:103,0
DA:104,0
DA:109,0
DA:110,0
DA:111,0
DA:112,0
DA:113,0
DA:114,0
DA:115,0
DA:116,0
DA:120,0
DA:121,0
DA:124,0
DA:125,0
DA:126,0
DA:127,0
DA:128,0
DA:130,0
DA:131,0
DA:135,0
DA:136,0
DA:137,0
DA:141,0
DA:142,0
DA:143,0
DA:144,0
DA:148,0
DA:149,0
DA:150,0
DA:151,0
DA:154,0
DA:156,0
DA:157,0
DA:159,0
DA:161,0
DA:162,0
DA:164,0
DA:166,0
DA:168,0
DA:171,0
DA:172,0
DA:173,0
DA:175,0
DA:176,0
DA:177,0
DA:180,0
DA:181,0
DA:186,0
DA:189,0
DA:194,0
DA:195,0
DA:196,0
LF:100
LH:0
BRDA:34,0,0,0
BRDA:34,0,1,0
BRDA:53,1,0,0
BRDA:53,1,1,0
BRDA:54,2,0,0
BRDA:54,2,1,0
BRDA:56,3,0,0
BRDA:56,3,1,0
BRDA:57,4,0,0
BRDA:57,4,1,0
BRDA:64,5,0,0
BRDA:64,5,1,0
BRDA:80,6,0,0
BRDA:80,6,1,0
BRDA:81,7,0,0
BRDA:81,7,1,0
BRDA:85,8,0,0
BRDA:85,8,1,0
BRDA:86,9,0,0
BRDA:86,9,1,0
BRDA:96,10,0,0
BRDA:96,10,1,0
BRDA:97,11,0,0
BRDA:97,11,1,0
BRDA:100,12,0,0
BRDA:100,12,1,0
BRDA:114,13,0,0
BRDA:114,13,1,0
BRDA:116,14,0,0
BRDA:116,14,1,0
BRDA:117,15,0,0
BRDA:117,15,1,0
BRDA:125,16,0,0
BRDA:125,16,1,0
BRDA:125,17,0,0
BRDA:125,17,1,0
BRDA:130,18,0,0
BRDA:130,18,1,0
BRDA:135,19,0,0
BRDA:135,19,1,0
BRDA:135,20,0,0
BRDA:135,20,1,0
BRDA:149,21,0,0
BRDA:149,21,1,0
BRDA:151,22,0,0
BRDA:151,22,1,0
BRDA:157,23,0,0
BRDA:157,23,1,0
BRDA:162,24,0,0
BRDA:162,24,1,0
BRDA:189,25,0,0
BRDA:189,25,1,0
BRF:52
BRH:0
end_of_record
TN:
SF:app\composables\useTabs.ts
FN:43,(anonymous_0)
FN:49,(anonymous_1)
FN:57,(anonymous_2)
FN:79,(anonymous_3)
FN:81,(anonymous_4)
FN:96,(anonymous_5)
FN:102,(anonymous_6)
FN:135,(anonymous_7)
FN:136,(anonymous_8)
FN:144,(anonymous_9)
FN:172,(anonymous_10)
FN:175,(anonymous_11)
FN:185,(anonymous_12)
FN:186,(anonymous_13)
FNF:14
FNH:12
FNDA:18,(anonymous_0)
FNDA:18,(anonymous_1)
FNDA:4,(anonymous_2)
FNDA:29,(anonymous_3)
FNDA:12,(anonymous_4)
FNDA:10,(anonymous_5)
FNDA:4,(anonymous_6)
FNDA:6,(anonymous_7)
FNDA:8,(anonymous_8)
FNDA:4,(anonymous_9)
FNDA:3,(anonymous_10)
FNDA:6,(anonymous_11)
FNDA:0,(anonymous_12)
FNDA:0,(anonymous_13)
DA:43,1
DA:49,18
DA:50,18
DA:51,18
DA:57,18
DA:58,4
DA:59,4
DA:79,18
DA:81,29
DA:82,29
DA:85,27
DA:86,27
DA:87,17
DA:88,10
DA:89,1
DA:91,9
DA:92,9
DA:96,27
DA:97,27
DA:98,4
DA:99,4
DA:102,4
DA:103,4
DA:104,4
DA:105,4
DA:110,27
DA:115,27
DA:135,18
DA:136,8
DA:137,6
DA:138,5
DA:139,5
DA:141,5
DA:144,5
DA:145,5
DA:146,1
DA:150,5
DA:151,2
DA:153,1
DA:154,1
DA:157,1
DA:172,18
DA:173,3
DA:175,6
DA:185,18
DA:186,0
DA:187,0
DA:188,0
DA:192,18
LF:49
LH:46
BRDA:58,0,0,4
BRDA:58,0,1,0
BRDA:82,1,0,2
BRDA:82,1,1,27
BRDA:86,2,0,17
BRDA:86,2,1,10
BRDA:86,3,0,27
BRDA:86,3,1,26
BRDA:88,4,0,1
BRDA:88,4,1,9
BRDA:92,5,0,9
BRDA:92,5,1,0
BRDA:97,6,0,4
BRDA:97,6,1,23
BRDA:98,7,0,4
BRDA:98,7,1,0
BRDA:99,8,0,4
BRDA:99,8,1,0
BRDA:103,9,0,4
BRDA:103,9,1,0
BRDA:105,10,0,4
BRDA:105,10,1,0
BRDA:137,11,0,5
BRDA:137,11,1,1
BRDA:145,12,0,1
BRDA:145,12,1,4
BRDA:145,13,0,5
BRDA:145,13,1,1
BRDA:150,14,0,2
BRDA:150,14,1,3
BRDA:151,15,0,1
BRDA:151,15,1,1
BRDA:187,16,0,0
BRDA:187,16,1,0
BRF:34
BRH:26
end_of_record
TN:
SF:app\composables\useTiptapImageInsertion.ts
FN:9,(anonymous_0)
FN:13,(anonymous_1)
FN:14,(anonymous_2)
FN:16,(anonymous_3)
FN:21,(anonymous_4)
FN:24,(anonymous_5)
FN:46,(anonymous_6)
FN:57,(anonymous_7)
FN:60,(anonymous_8)
FN:73,(anonymous_9)
FN:79,(anonymous_10)
FN:86,(anonymous_11)
FN:91,(anonymous_12)
FN:97,(anonymous_13)
FN:99,(anonymous_14)
FN:106,(anonymous_15)
FN:106,(anonymous_16)
FN:111,(anonymous_17)
FN:118,(anonymous_18)
FN:122,(anonymous_19)
FN:130,(anonymous_20)
FN:130,(anonymous_21)
FN:135,(anonymous_22)
FNF:23
FNH:0
FNDA:0,(anonymous_0)
FNDA:0,(anonymous_1)
FNDA:0,(anonymous_2)
FNDA:0,(anonymous_3)
FNDA:0,(anonymous_4)
FNDA:0,(anonymous_5)
FNDA:0,(anonymous_6)
FNDA:0,(anonymous_7)
FNDA:0,(anonymous_8)
FNDA:0,(anonymous_9)
FNDA:0,(anonymous_10)
FNDA:0,(anonymous_11)
FNDA:0,(anonymous_12)
FNDA:0,(anonymous_13)
FNDA:0,(anonymous_14)
FNDA:0,(anonymous_15)
FNDA:0,(anonymous_16)
FNDA:0,(anonymous_17)
FNDA:0,(anonymous_18)
FNDA:0,(anonymous_19)
FNDA:0,(anonymous_20)
FNDA:0,(anonymous_21)
FNDA:0,(anonymous_22)
DA:9,0
DA:10,0
DA:11,0
DA:13,0
DA:14,0
DA:15,0
DA:16,0
DA:17,0
DA:18,0
DA:21,0
DA:22,0
DA:24,0
DA:25,0
DA:26,0
DA:27,0
DA:28,0
DA:30,0
DA:33,0
DA:35,0
DA:36,0
DA:38,0
DA:43,0
DA:46,0
DA:47,0
DA:48,0
DA:50,0
DA:51,0
DA:52,0
DA:53,0
DA:54,0
DA:56,0
DA:58,0
DA:61,0
DA:64,0
DA:67,0
DA:68,0
DA:69,0
DA:70,0
DA:73,0
DA:74,0
DA:75,0
DA:78,0
DA:80,0
DA:81,0
DA:82,0
DA:84,0
DA:87,0
DA:88,0
DA:89,0
DA:92,0
DA:93,0
DA:97,0
DA:98,0
DA:99,0
DA:100,0
DA:102,0
DA:104,0
DA:105,0
DA:106,0
DA:107,0
DA:108,0
DA:112,0
DA:115,0
DA:118,0
DA:119,0
DA:121,0
DA:122,0
DA:123,0
DA:125,0
DA:127,0
DA:128,0
DA:129,0
DA:130,0
DA:131,0
DA:132,0
DA:136,0
DA:139,0
DA:142,0
LF:78
LH:0
BRDA:25,0,0,0
BRDA:25,0,1,0
BRDA:26,1,0,0
BRDA:26,1,1,0
BRDA:26,2,0,0
BRDA:26,2,1,0
BRDA:33,3,0,0
BRDA:33,3,1,0
BRDA:36,4,0,0
BRDA:36,4,1,0
BRDA:48,5,0,0
BRDA:48,5,1,0
BRDA:51,6,0,0
BRDA:51,6,1,0
BRDA:53,7,0,0
BRDA:53,7,1,0
BRDA:58,8,0,0
BRDA:58,8,1,0
BRDA:68,9,0,0
BRDA:68,9,1,0
BRDA:80,10,0,0
BRDA:80,10,1,0
BRDA:88,11,0,0
BRDA:88,11,1,0
BRDA:98,12,0,0
BRDA:98,12,1,0
BRDA:100,13,0,0
BRDA:100,13,1,0
BRDA:119,14,0,0
BRDA:119,14,1,0
BRDA:121,15,0,0
BRDA:121,15,1,0
BRDA:123,16,0,0
BRDA:123,16,1,0
BRDA:128,17,0,0
BRDA:128,17,1,0
BRF:36
BRH:0
end_of_record
TN:
SF:app\composables\useTiptapTableTools.ts
FN:7,(anonymous_0)
FN:20,(anonymous_1)
FN:28,(anonymous_2)
FN:57,(anonymous_3)
FN:86,(anonymous_4)
FN:94,(anonymous_5)
FN:102,(anonymous_6)
FN:107,(anonymous_7)
FN:111,(anonymous_8)
FN:119,(anonymous_9)
FN:131,(anonymous_10)
FN:147,(anonymous_11)
FN:161,(anonymous_12)
FN:183,(anonymous_13)
FN:230,(anonymous_14)
FN:241,(anonymous_15)
FN:286,(anonymous_16)
FN:327,(anonymous_17)
FN:342,(anonymous_18)
FN:362,(anonymous_19)
FN:366,(anonymous_20)
FN:385,(anonymous_21)
FN:388,(anonymous_22)
FN:420,(anonymous_23)
FN:426,(anonymous_24)
FN:433,(anonymous_25)
FN:441,(anonymous_26)
FN:448,(anonymous_27)
FN:456,(anonymous_28)
FN:463,(anonymous_29)
FN:472,(anonymous_30)
FN:496,(anonymous_31)
FN:500,(anonymous_32)
FN:553,(anonymous_33)
FN:567,(anonymous_34)
FN:595,(anonymous_35)
FN:602,(anonymous_36)
FN:632,(anonymous_37)
FN:634,(anonymous_38)
FN:638,(anonymous_39)
FN:644,(anonymous_40)
FN:651,(anonymous_41)
FN:662,(anonymous_42)
FN:671,(anonymous_43)
FNF:44
FNH:0
FNDA:0,(anonymous_0)
FNDA:0,(anonymous_1)
FNDA:0,(anonymous_2)
FNDA:0,(anonymous_3)
FNDA:0,(anonymous_4)
FNDA:0,(anonymous_5)
FNDA:0,(anonymous_6)
FNDA:0,(anonymous_7)
FNDA:0,(anonymous_8)
FNDA:0,(anonymous_9)
FNDA:0,(anonymous_10)
FNDA:0,(anonymous_11)
FNDA:0,(anonymous_12)
FNDA:0,(anonymous_13)
FNDA:0,(anonymous_14)
FNDA:0,(anonymous_15)
FNDA:0,(anonymous_16)
FNDA:0,(anonymous_17)
FNDA:0,(anonymous_18)
FNDA:0,(anonymous_19)
FNDA:0,(anonymous_20)
FNDA:0,(anonymous_21)
FNDA:0,(anonymous_22)
FNDA:0,(anonymous_23)
FNDA:0,(anonymous_24)
FNDA:0,(anonymous_25)
FNDA:0,(anonymous_26)
FNDA:0,(anonymous_27)
FNDA:0,(anonymous_28)
FNDA:0,(anonymous_29)
FNDA:0,(anonymous_30)
FNDA:0,(anonymous_31)
FNDA:0,(anonymous_32)
FNDA:0,(anonymous_33)
FNDA:0,(anonymous_34)
FNDA:0,(anonymous_35)
FNDA:0,(anonymous_36)
FNDA:0,(anonymous_37)
FNDA:0,(anonymous_38)
FNDA:0,(anonymous_39)
FNDA:0,(anonymous_40)
FNDA:0,(anonymous_41)
FNDA:0,(anonymous_42)
FNDA:0,(anonymous_43)
DA:7,0
DA:14,0
DA:17,0
DA:20,0
DA:21,0
DA:22,0
DA:23,0
DA:24,0
DA:28,0
DA:29,0
DA:30,0
DA:36,0
DA:45,0
DA:54,0
DA:57,0
DA:58,0
DA:59,0
DA:60,0
DA:61,0
DA:67,0
DA:68,0
DA:69,0
DA:72,0
DA:86,0
DA:87,0
DA:88,0
DA:89,0
DA:90,0
DA:94,0
DA:95,0
DA:96,0
DA:97,0
DA:98,0
DA:102,0
DA:103,0
DA:107,0
DA:108,0
DA:111,0
DA:112,0
DA:119,0
DA:120,0
DA:121,0
DA:122,0
DA:123,0
DA:124,0
DA:125,0
DA:128,0
DA:129,0
DA:131,0
DA:132,0
DA:133,0
DA:134,0
DA:138,0
DA:147,0
DA:148,0
DA:149,0
DA:150,0
DA:151,0
DA:152,0
DA:156,0
DA:158,0
DA:160,0
DA:161,0
DA:162,0
DA:163,0
DA:164,0
DA:168,0
DA:169,0
DA:170,0
DA:171,0
DA:173,0
DA:174,0
DA:175,0
DA:177,0
DA:180,0
DA:182,0
DA:183,0
DA:184,0
DA:185,0
DA:186,0
DA:188,0
DA:189,0
DA:196,0
DA:199,0
DA:200,0
DA:201,0
DA:202,0
DA:203,0
DA:204,0
DA:205,0
DA:206,0
DA:207,0
DA:211,0
DA:213,0
DA:214,0
DA:215,0
DA:218,0
DA:219,0
DA:220,0
DA:221,0
DA:222,0
DA:223,0
DA:227,0
DA:230,0
DA:231,0
DA:232,0
DA:233,0
DA:234,0
DA:235,0
DA:236,0
DA:237,0
DA:241,0
DA:242,0
DA:243,0
DA:244,0
DA:245,0
DA:246,0
DA:247,0
DA:248,0
DA:249,0
DA:251,0
DA:252,0
DA:253,0
DA:254,0
DA:257,0
DA:258,0
DA:259,0
DA:260,0
DA:261,0
DA:262,0
DA:263,0
DA:264,0
DA:265,0
DA:266,0
DA:267,0
DA:268,0
DA:269,0
DA:270,0
DA:271,0
DA:272,0
DA:273,0
DA:274,0
DA:275,0
DA:276,0
DA:277,0
DA:278,0
DA:279,0
DA:280,0
DA:284,0
DA:285,0
DA:286,0
DA:287,0
DA:288,0
DA:289,0
DA:293,0
DA:294,0
DA:295,0
DA:296,0
DA:297,0
DA:298,0
DA:299,0
DA:301,0
DA:302,0
DA:303,0
DA:304,0
DA:306,0
DA:307,0
DA:308,0
DA:309,0
DA:311,0
DA:312,0
DA:313,0
DA:314,0
DA:318,0
DA:319,0
DA:320,0
DA:327,0
DA:328,0
DA:332,0
DA:333,0
DA:342,0
DA:343,0
DA:344,0
DA:345,0
DA:347,0
DA:348,0
DA:349,0
DA:350,0
DA:351,0
DA:352,0
DA:354,0
DA:356,0
DA:357,0
DA:358,0
DA:359,0
DA:362,0
DA:363,0
DA:364,0
DA:366,0
DA:367,0
DA:368,0
DA:370,0
DA:371,0
DA:372,0
DA:373,0
DA:375,0
DA:377,0
DA:378,0
DA:379,0
DA:385,0
DA:387,0
DA:388,0
DA:390,0
DA:391,0
DA:394,0
DA:395,0
DA:396,0
DA:397,0
DA:398,0
DA:400,0
DA:401,0
DA:402,0
DA:404,0
DA:405,0
DA:411,0
DA:413,0
DA:414,0
DA:420,0
DA:421,0
DA:422,0
DA:426,0
DA:427,0
DA:433,0
DA:434,0
DA:435,0
DA:436,0
DA:437,0
DA:441,0
DA:442,0
DA:448,0
DA:449,0
DA:450,0
DA:451,0
DA:452,0
DA:456,0
DA:457,0
DA:463,0
DA:464,0
DA:465,0
DA:466,0
DA:467,0
DA:468,0
DA:472,0
DA:473,0
DA:474,0
DA:478,0
DA:496,0
DA:497,0
DA:498,0
DA:500,0
DA:501,0
DA:503,0
DA:504,0
DA:505,0
DA:507,0
DA:510,0
DA:513,0
DA:514,0
DA:517,0
DA:518,0
DA:519,0
DA:524,0
DA:526,0
DA:527,0
DA:528,0
DA:529,0
DA:533,0
DA:534,0
DA:538,0
DA:540,0
DA:546,0
DA:548,0
DA:550,0
DA:553,0
DA:554,0
DA:555,0
DA:556,0
DA:557,0
DA:558,0
DA:559,0
DA:561,0
DA:567,0
DA:568,0
DA:569,0
DA:570,0
DA:572,0
DA:573,0
DA:574,0
DA:575,0
DA:577,0
DA:578,0
DA:579,0
DA:583,0
DA:584,0
DA:585,0
DA:589,0
DA:595,0
DA:596,0
DA:597,0
DA:599,0
DA:600,0
DA:602,0
DA:603,0
DA:605,0
DA:606,0
DA:607,0
DA:609,0
DA:612,0
DA:614,0
DA:615,0
DA:617,0
DA:618,0
DA:619,0
DA:624,0
DA:625,0
DA:632,0
DA:633,0
DA:634,0
DA:638,0
DA:639,0
DA:640,0
DA:644,0
DA:645,0
DA:647,0
DA:651,0
DA:652,0
DA:653,0
DA:654,0
DA:656,0
DA:657,0
DA:662,0
DA:663,0
DA:664,0
DA:665,0
DA:666,0
DA:667,0
DA:668,0
DA:671,0
DA:672,0
DA:673,0
DA:674,0
DA:675,0
DA:676,0
DA:679,0
LF:354
LH:0
BRDA:21,0,0,0
BRDA:21,0,1,0
BRDA:24,1,0,0
BRDA:24,1,1,0
BRDA:24,1,2,0
BRDA:58,2,0,0
BRDA:58,2,1,0
BRDA:61,3,0,0
BRDA:61,3,1,0
BRDA:61,3,2,0
BRDA:61,3,3,0
BRDA:61,3,4,0
BRDA:87,4,0,0
BRDA:87,4,1,0
BRDA:90,5,0,0
BRDA:90,5,1,0
BRDA:90,5,2,0
BRDA:95,6,0,0
BRDA:95,6,1,0
BRDA:98,7,0,0
BRDA:98,7,1,0
BRDA:98,7,2,0
BRDA:121,8,0,0
BRDA:121,8,1,0
BRDA:121,9,0,0
BRDA:121,9,1,0
BRDA:122,10,0,0
BRDA:122,10,1,0
BRDA:123,11,0,0
BRDA:123,11,1,0
BRDA:124,12,0,0
BRDA:124,12,1,0
BRDA:129,13,0,0
BRDA:129,13,1,0
BRDA:139,14,0,0
BRDA:139,14,1,0
BRDA:148,15,0,0
BRDA:148,15,1,0
BRDA:158,16,0,0
BRDA:158,16,1,0
BRDA:162,17,0,0
BRDA:162,17,1,0
BRDA:162,18,0,0
BRDA:162,18,1,0
BRDA:168,19,0,0
BRDA:168,19,1,0
BRDA:170,20,0,0
BRDA:170,20,1,0
BRDA:173,21,0,0
BRDA:173,21,1,0
BRDA:175,22,0,0
BRDA:175,22,1,0
BRDA:180,23,0,0
BRDA:180,23,1,0
BRDA:184,24,0,0
BRDA:184,24,1,0
BRDA:185,25,0,0
BRDA:185,25,1,0
BRDA:186,26,0,0
BRDA:186,26,1,0
BRDA:204,27,0,0
BRDA:204,27,1,0
BRDA:211,28,0,0
BRDA:211,28,1,0
BRDA:214,29,0,0
BRDA:214,29,1,0
BRDA:214,30,0,0
BRDA:214,30,1,0
BRDA:232,31,0,0
BRDA:232,31,1,0
BRDA:233,32,0,0
BRDA:233,32,1,0
BRDA:234,33,0,0
BRDA:234,33,1,0
BRDA:235,34,0,0
BRDA:235,34,1,0
BRDA:236,35,0,0
BRDA:236,35,1,0
BRDA:242,36,0,0
BRDA:242,36,1,0
BRDA:242,37,0,0
BRDA:242,37,1,0
BRDA:247,38,0,0
BRDA:247,38,1,0
BRDA:251,39,0,0
BRDA:251,39,1,0
BRDA:253,40,0,0
BRDA:253,40,1,0
BRDA:257,41,0,0
BRDA:257,41,1,0
BRDA:258,42,0,0
BRDA:258,42,1,0
BRDA:259,43,0,0
BRDA:259,43,1,0
BRDA:260,44,0,0
BRDA:260,44,1,0
BRDA:261,45,0,0
BRDA:261,45,1,0
BRDA:262,46,0,0
BRDA:262,46,1,0
BRDA:263,47,0,0
BRDA:263,47,1,0
BRDA:264,48,0,0
BRDA:264,48,1,0
BRDA:265,49,0,0
BRDA:265,49,1,0
BRDA:266,50,0,0
BRDA:266,50,1,0
BRDA:267,51,0,0
BRDA:267,51,1,0
BRDA:268,52,0,0
BRDA:268,52,1,0
BRDA:269,53,0,0
BRDA:269,53,1,0
BRDA:270,54,0,0
BRDA:270,54,1,0
BRDA:271,55,0,0
BRDA:271,55,1,0
BRDA:272,56,0,0
BRDA:272,56,1,0
BRDA:273,57,0,0
BRDA:273,57,1,0
BRDA:273,58,0,0
BRDA:273,58,1,0
BRDA:275,59,0,0
BRDA:275,59,1,0
BRDA:275,60,0,0
BRDA:275,60,1,0
BRDA:277,61,0,0
BRDA:277,61,1,0
BRDA:277,62,0,0
BRDA:277,62,1,0
BRDA:279,63,0,0
BRDA:279,63,1,0
BRDA:279,64,0,0
BRDA:279,64,1,0
BRDA:284,65,0,0
BRDA:284,65,1,0
BRDA:285,66,0,0
BRDA:285,66,1,0
BRDA:287,67,0,0
BRDA:287,67,1,0
BRDA:288,68,0,0
BRDA:288,68,1,0
BRDA:289,69,0,0
BRDA:289,69,1,0
BRDA:296,70,0,0
BRDA:296,70,1,0
BRDA:296,71,0,0
BRDA:296,71,1,0
BRDA:296,71,2,0
BRDA:299,72,0,0
BRDA:299,72,1,0
BRDA:301,73,0,0
BRDA:301,73,1,0
BRDA:301,74,0,0
BRDA:301,74,1,0
BRDA:301,74,2,0
BRDA:304,75,0,0
BRDA:304,75,1,0
BRDA:306,76,0,0
BRDA:306,76,1,0
BRDA:306,77,0,0
BRDA:306,77,1,0
BRDA:306,77,2,0
BRDA:309,78,0,0
BRDA:309,78,1,0
BRDA:311,79,0,0
BRDA:311,79,1,0
BRDA:311,80,0,0
BRDA:311,80,1,0
BRDA:311,80,2,0
BRDA:314,81,0,0
BRDA:314,81,1,0
BRDA:320,82,0,0
BRDA:320,82,1,0
BRDA:332,83,0,0
BRDA:332,83,1,0
BRDA:343,84,0,0
BRDA:343,84,1,0
BRDA:345,85,0,0
BRDA:345,85,1,0
BRDA:347,86,0,0
BRDA:347,86,1,0
BRDA:352,87,0,0
BRDA:352,87,1,0
BRDA:354,88,0,0
BRDA:354,88,1,0
BRDA:357,89,0,0
BRDA:357,89,1,0
BRDA:367,90,0,0
BRDA:367,90,1,0
BRDA:371,91,0,0
BRDA:371,91,1,0
BRDA:372,92,0,0
BRDA:372,92,1,0
BRDA:377,93,0,0
BRDA:377,93,1,0
BRDA:377,94,0,0
BRDA:377,94,1,0
BRDA:378,95,0,0
BRDA:378,95,1,0
BRDA:397,96,0,0
BRDA:397,96,1,0
BRDA:397,97,0,0
BRDA:397,97,1,0
BRDA:401,98,0,0
BRDA:401,98,1,0
BRDA:402,99,0,0
BRDA:402,99,1,0
BRDA:421,100,0,0
BRDA:421,100,1,0
BRDA:422,101,0,0
BRDA:422,101,1,0
BRDA:434,102,0,0
BRDA:434,102,1,0
BRDA:437,103,0,0
BRDA:437,103,1,0
BRDA:437,103,2,0
BRDA:449,104,0,0
BRDA:449,104,1,0
BRDA:452,105,0,0
BRDA:452,105,1,0
BRDA:452,105,2,0
BRDA:464,106,0,0
BRDA:464,106,1,0
BRDA:467,107,0,0
BRDA:467,107,1,0
BRDA:467,107,2,0
BRDA:468,108,0,0
BRDA:468,108,1,0
BRDA:473,109,0,0
BRDA:473,109,1,0
BRDA:497,110,0,0
BRDA:497,110,1,0
BRDA:497,111,0,0
BRDA:497,111,1,0
BRDA:501,112,0,0
BRDA:501,112,1,0
BRDA:505,113,0,0
BRDA:505,113,1,0
BRDA:507,114,0,0
BRDA:507,114,1,0
BRDA:510,115,0,0
BRDA:510,115,1,0
BRDA:517,116,0,0
BRDA:517,116,1,0
BRDA:518,117,0,0
BRDA:518,117,1,0
BRDA:524,118,0,0
BRDA:524,118,1,0
BRDA:527,119,0,0
BRDA:527,119,1,0
BRDA:528,120,0,0
BRDA:528,120,1,0
BRDA:533,121,0,0
BRDA:533,121,1,0
BRDA:554,122,0,0
BRDA:554,122,1,0
BRDA:557,123,0,0
BRDA:557,123,1,0
BRDA:558,124,0,0
BRDA:558,124,1,0
BRDA:568,125,0,0
BRDA:568,125,1,0
BRDA:573,126,0,0
BRDA:573,126,1,0
BRDA:579,127,0,0
BRDA:579,127,1,0
BRDA:596,128,0,0
BRDA:596,128,1,0
BRDA:596,129,0,0
BRDA:596,129,1,0
BRDA:603,130,0,0
BRDA:603,130,1,0
BRDA:607,131,0,0
BRDA:607,131,1,0
BRDA:609,132,0,0
BRDA:609,132,1,0
BRDA:612,133,0,0
BRDA:612,133,1,0
BRDA:615,134,0,0
BRDA:615,134,1,0
BRDA:617,135,0,0
BRDA:617,135,1,0
BRDA:624,136,0,0
BRDA:624,136,1,0
BRDA:634,137,0,0
BRDA:634,137,1,0
BRDA:639,138,0,0
BRDA:639,138,1,0
BRDA:653,139,0,0
BRDA:653,139,1,0
BRDA:656,140,0,0
BRDA:656,140,1,0
BRDA:656,141,0,0
BRDA:656,141,1,0
BRF:297
BRH:0
end_of_record
TN:
SF:app\middleware\admin.ts
FN:18,(anonymous_0)
FNF:1
FNH:1
FNDA:5,(anonymous_0)
DA:21,5
DA:23,5
DA:26,5
DA:27,3
LF:4
LH:4
BRDA:21,0,0,0
BRDA:21,0,1,5
BRDA:26,1,0,3
BRDA:26,1,1,2
BRF:4
BRH:3
end_of_record
TN:
SF:app\middleware\auth.global.ts
FN:37,(anonymous_0)
FN:54,(anonymous_1)
FN:73,(anonymous_2)
FN:88,(anonymous_3)
FNF:4
FNH:4
FNDA:2,(anonymous_0)
FNDA:2,(anonymous_1)
FNDA:2,(anonymous_2)
FNDA:9,(anonymous_3)
DA:37,1
DA:38,2
DA:39,0
DA:41,2
DA:54,1
DA:55,2
DA:56,2
DA:57,1
DA:59,1
DA:73,1
DA:74,2
DA:75,2
DA:76,2
DA:77,2
DA:79,2
DA:81,2
DA:82,2
DA:83,2
DA:85,0
DA:89,9
DA:90,0
DA:94,9
DA:101,9
DA:109,9
DA:110,3
DA:112,1
DA:114,2
DA:115,3
DA:116,1
DA:118,1
DA:129,6
DA:130,1
DA:134,5
DA:135,5
DA:143,5
DA:144,3
DA:145,3
DA:147,2
LF:38
LH:35
BRDA:38,0,0,0
BRDA:38,0,1,2
BRDA:39,1,0,0
BRDA:39,1,1,0
BRDA:41,2,0,1
BRDA:41,2,1,1
BRDA:56,3,0,1
BRDA:56,3,1,1
BRDA:56,4,0,2
BRDA:56,4,1,1
BRDA:56,4,2,1
BRDA:76,5,0,2
BRDA:76,5,1,0
BRDA:81,6,0,2
BRDA:81,6,1,0
BRDA:89,7,0,0
BRDA:89,7,1,9
BRDA:109,8,0,3
BRDA:109,8,1,6
BRDA:110,9,0,1
BRDA:110,9,1,2
BRDA:114,10,0,2
BRDA:114,10,1,1
BRDA:115,11,0,1
BRDA:115,11,1,2
BRDA:115,12,0,3
BRDA:115,12,1,1
BRDA:129,13,0,1
BRDA:129,13,1,5
BRDA:130,14,0,1
BRDA:130,14,1,0
BRDA:134,15,0,5
BRDA:134,15,1,0
BRDA:143,16,0,3
BRDA:143,16,1,2
BRDA:145,17,0,2
BRDA:145,17,1,1
BRF:37
BRH:29
end_of_record
TN:
SF:app\middleware\budget-period.ts
FN:18,(anonymous_0)
FNF:1
FNH:1
FNDA:2,(anonymous_0)
DA:20,2
DA:22,2
DA:24,2
DA:25,1
LF:4
LH:4
BRDA:20,0,0,0
BRDA:20,0,1,2
BRDA:24,1,0,1
BRDA:24,1,1,1
BRF:4
BRH:3
end_of_record
TN:
SF:app\stores\auth.ts
FN:39,(anonymous_0)
FN:50,(anonymous_1)
FN:72,(anonymous_2)
FN:98,(anonymous_3)
FN:126,(anonymous_4)
FN:132,(anonymous_5)
FN:154,(anonymous_6)
FN:188,(anonymous_7)
FN:236,(anonymous_8)
FN:253,(anonymous_9)
FNF:10
FNH:9
FNDA:14,(anonymous_0)
FNDA:0,(anonymous_1)
FNDA:2,(anonymous_2)
FNDA:4,(anonymous_3)
FNDA:3,(anonymous_4)
FNDA:1,(anonymous_5)
FNDA:3,(anonymous_6)
FNDA:3,(anonymous_7)
FNDA:3,(anonymous_8)
FNDA:3,(anonymous_9)
DA:39,1
DA:49,14
DA:50,0
DA:72,14
DA:79,14
DA:80,14
DA:98,14
DA:99,4
DA:101,4
DA:109,3
DA:111,1
DA:112,1
DA:126,14
DA:127,3
DA:129,3
DA:134,1
DA:138,3
DA:154,14
DA:156,3
DA:157,1
DA:160,2
DA:162,2
DA:169,1
DA:172,1
DA:173,1
DA:174,1
DA:188,14
DA:189,3
DA:199,3
DA:201,3
DA:202,3
DA:203,3
DA:204,0
DA:205,0
DA:213,3
DA:214,3
DA:215,3
DA:216,2
DA:217,2
DA:221,2
DA:236,14
DA:237,3
DA:253,14
DA:254,3
DA:256,3
DA:257,3
DA:264,14
LF:47
LH:44
BRDA:156,0,0,1
BRDA:156,0,1,2
BRDA:189,1,0,3
BRDA:189,1,1,0
BRDA:201,2,0,3
BRDA:201,2,1,0
BRDA:203,3,0,0
BRDA:203,3,1,3
BRDA:213,4,0,3
BRDA:213,4,1,0
BRDA:213,5,0,3
BRDA:213,5,1,3
BRDA:215,6,0,2
BRDA:215,6,1,1
BRDA:240,7,0,3
BRDA:240,7,1,1
BRDA:241,8,0,3
BRDA:241,8,1,0
BRDA:242,9,0,3
BRDA:242,9,1,0
BRDA:256,10,0,3
BRDA:256,10,1,0
BRF:22
BRH:15
end_of_record
TN:
SF:app\stores\review.ts
FN:40,(anonymous_0)
FN:56,(anonymous_1)
FN:65,(anonymous_2)
FN:68,(anonymous_3)
FN:75,(anonymous_4)
FN:78,(anonymous_5)
FN:83,(anonymous_6)
FN:84,(anonymous_7)
FN:88,(anonymous_8)
FN:89,(anonymous_9)
FN:93,(anonymous_10)
FN:95,(anonymous_11)
FN:99,(anonymous_12)
FN:104,loadSession
FN:117,(anonymous_14)
FN:131,(anonymous_15)
FN:155,_setDraftContent
FN:169,updateContent
FN:176,submitForReview
FN:193,(anonymous_19)
FN:202,addComment
FN:226,resolveComment
FN:233,(anonymous_22)
FN:238,completeReview
FN:240,(anonymous_24)
FN:252,viewVersion
FN:261,(anonymous_26)
FN:289,setActiveComment
FNF:28
FNH:18
FNDA:0,(anonymous_0)
FNDA:27,(anonymous_1)
FNDA:2,(anonymous_2)
FNDA:0,(anonymous_3)
FNDA:2,(anonymous_4)
FNDA:0,(anonymous_5)
FNDA:1,(anonymous_6)
FNDA:0,(anonymous_7)
FNDA:7,(anonymous_8)
FNDA:16,(anonymous_9)
FNDA:2,(anonymous_10)
FNDA:1,(anonymous_11)
FNDA:2,(anonymous_12)
FNDA:17,loadSession
FNDA:68,(anonymous_14)
FNDA:0,(anonymous_15)
FNDA:17,_setDraftContent
FNDA:2,updateContent
FNDA:4,submitForReview
FNDA:12,(anonymous_19)
FNDA:0,addComment
FNDA:0,resolveComment
FNDA:0,(anonymous_22)
FNDA:5,completeReview
FNDA:11,(anonymous_24)
FNDA:0,viewVersion
FNDA:0,(anonymous_26)
FNDA:2,setActiveComment
DA:40,1
DA:41,0
DA:42,0
DA:49,1
DA:56,1
DA:58,27
DA:60,27
DA:62,27
DA:65,27
DA:66,2
DA:67,1
DA:68,0
DA:69,0
DA:71,1
DA:75,27
DA:76,2
DA:77,0
DA:78,0
DA:83,27
DA:84,1
DA:88,27
DA:89,16
DA:93,27
DA:94,2
DA:95,1
DA:99,27
DA:100,2
DA:105,17
DA:106,17
DA:108,17
DA:110,17
DA:117,68
DA:121,17
DA:122,17
DA:126,17
DA:127,17
DA:128,17
DA:129,0
DA:131,0
DA:143,17
DA:144,1
DA:145,1
DA:146,1
DA:147,0
DA:156,17
DA:157,17
DA:158,17
DA:159,17
DA:170,2
DA:171,1
DA:172,1
DA:177,4
DA:178,3
DA:179,3
DA:183,4
DA:190,4
DA:191,4
DA:193,4
DA:194,12
DA:195,12
DA:198,4
DA:205,0
DA:208,0
DA:210,0
DA:213,0
DA:221,0
DA:222,0
DA:227,0
DA:230,0
DA:231,0
DA:233,0
DA:234,0
DA:239,5
DA:240,11
DA:241,5
DA:242,5
DA:243,5
DA:246,5
DA:247,1
DA:253,0
DA:254,0
DA:257,0
DA:260,0
DA:261,0
DA:262,0
DA:263,0
DA:264,0
DA:265,0
DA:266,0
DA:268,0
DA:271,0
DA:279,0
DA:280,0
DA:281,0
DA:282,0
DA:284,0
DA:290,2
DA:293,27
LF:98
LH:61
BRDA:66,0,0,1
BRDA:66,0,1,1
BRDA:67,1,0,0
BRDA:67,1,1,1
BRDA:67,2,0,1
BRDA:67,2,1,0
BRDA:69,3,0,0
BRDA:69,3,1,0
BRDA:76,4,0,2
BRDA:76,4,1,0
BRDA:89,5,0,7
BRDA:89,5,1,6
BRDA:94,6,0,1
BRDA:94,6,1,1
BRDA:100,7,0,2
BRDA:100,7,1,1
BRDA:100,7,2,0
BRDA:104,8,0,17
BRDA:108,9,0,1
BRDA:108,9,1,16
BRDA:121,10,0,17
BRDA:121,10,1,0
BRDA:129,11,0,0
BRDA:129,11,1,0
BRDA:133,12,0,0
BRDA:133,12,1,0
BRDA:143,13,0,1
BRDA:143,13,1,16
BRDA:156,14,0,0
BRDA:156,14,1,17
BRDA:158,15,0,17
BRDA:158,15,1,0
BRDA:170,16,0,1
BRDA:170,16,1,1
BRDA:171,17,0,0
BRDA:171,17,1,1
BRDA:171,18,0,1
BRDA:171,18,1,0
BRDA:177,19,0,1
BRDA:177,19,1,3
BRDA:179,20,0,3
BRDA:179,20,1,0
BRDA:205,21,0,0
BRDA:205,21,1,0
BRDA:215,22,0,0
BRDA:215,22,1,0
BRDA:227,23,0,0
BRDA:227,23,1,0
BRDA:234,24,0,0
BRDA:234,24,1,0
BRDA:239,25,0,0
BRDA:239,25,1,5
BRDA:241,26,0,5
BRDA:241,26,1,0
BRDA:246,27,0,1
BRDA:246,27,1,4
BRDA:254,28,0,0
BRDA:254,28,1,0
BRDA:257,29,0,0
BRDA:257,29,1,0
BRDA:260,30,0,0
BRDA:260,30,1,0
BRDA:262,31,0,0
BRDA:262,31,1,0
BRDA:262,32,0,0
BRDA:262,32,1,0
BRDA:271,33,0,0
BRDA:271,33,1,0
BRF:68
BRH:30
end_of_record
TN:
SF:app\utils\adminLogs.ts
FNF:0
FNH:0
DA:17,0
LF:1
LH:0
BRF:0
BRH:0
end_of_record
TN:
SF:app\utils\common.ts
FN:43,(anonymous_0)
FN:77,(anonymous_1)
FN:85,(anonymous_2)
FN:111,(anonymous_3)
FN:133,(anonymous_4)
FN:164,(anonymous_5)
FN:200,(anonymous_6)
FN:211,(anonymous_7)
FN:223,(anonymous_8)
FN:238,(anonymous_9)
FN:275,(anonymous_10)
FN:284,(anonymous_11)
FN:307,(anonymous_12)
FN:325,(anonymous_13)
FNF:14
FNH:14
FNDA:7,(anonymous_0)
FNDA:14,(anonymous_1)
FNDA:14,(anonymous_2)
FNDA:10,(anonymous_3)
FNDA:4,(anonymous_4)
FNDA:6,(anonymous_5)
FNDA:13,(anonymous_6)
FNDA:8,(anonymous_7)
FNDA:4,(anonymous_8)
FNDA:8,(anonymous_9)
FNDA:14,(anonymous_10)
FNDA:6,(anonymous_11)
FNDA:5,(anonymous_12)
FNDA:4,(anonymous_13)
DA:43,1
DA:44,7
DA:45,7
DA:47,7
DA:50,2
DA:51,2
DA:54,1
DA:55,1
DA:56,1
DA:59,2
DA:60,2
DA:61,2
DA:66,7
DA:77,1
DA:78,14
DA:79,11
DA:80,10
DA:81,8
DA:82,6
DA:85,1
DA:86,14
DA:87,9
DA:88,8
DA:89,8
DA:90,7
DA:111,1
DA:112,10
DA:113,10
DA:133,1
DA:138,4
DA:139,1
DA:141,3
DA:164,1
DA:165,6
DA:166,1
DA:167,1
DA:168,1
DA:169,1
DA:170,2
DA:175,1
DA:181,1
DA:200,13
DA:203,1
DA:211,8
DA:223,1
DA:224,4
DA:225,1
DA:238,1
DA:239,8
DA:240,6
DA:241,5
DA:242,5
DA:243,5
DA:244,5
DA:252,1
DA:275,1
DA:276,14
DA:284,1
DA:285,6
DA:286,1
DA:287,1
DA:288,1
DA:289,3
DA:307,1
DA:309,5
DA:310,5
DA:312,3
DA:325,1
DA:326,4
DA:327,4
DA:328,4
DA:329,4
LF:72
LH:72
BRDA:47,0,0,2
BRDA:47,0,1,1
BRDA:47,0,2,2
BRDA:78,1,0,3
BRDA:78,1,1,11
BRDA:79,2,0,1
BRDA:79,2,1,10
BRDA:80,3,0,2
BRDA:80,3,1,8
BRDA:81,4,0,2
BRDA:81,4,1,6
BRDA:86,5,0,5
BRDA:86,5,1,9
BRDA:87,6,0,1
BRDA:87,6,1,8
BRDA:88,7,0,0
BRDA:88,7,1,8
BRDA:89,8,0,1
BRDA:89,8,1,7
BRDA:113,9,0,10
BRDA:113,9,1,0
BRDA:138,10,0,1
BRDA:138,10,1,3
BRDA:165,11,0,1
BRDA:165,11,1,1
BRDA:165,11,2,1
BRDA:165,11,3,1
BRDA:165,11,4,2
BRDA:200,12,0,13
BRDA:200,12,1,1
BRDA:211,13,0,8
BRDA:211,13,1,1
BRDA:224,14,0,3
BRDA:224,14,1,1
BRDA:239,15,0,2
BRDA:239,15,1,6
BRDA:240,16,0,1
BRDA:240,16,1,5
BRDA:276,17,0,14
BRDA:276,17,1,2
BRDA:285,18,0,1
BRDA:285,18,1,1
BRDA:285,18,2,1
BRDA:285,18,3,3
BRDA:310,19,0,2
BRDA:310,19,1,3
BRDA:312,20,0,1
BRDA:312,20,1,2
BRDA:325,21,0,4
BRF:49
BRH:47
end_of_record
TN:
SF:app\utils\excel.ts
FN:29,(anonymous_0)
FN:32,(anonymous_1)
FN:60,(anonymous_2)
FN:81,(anonymous_3)
FN:96,(anonymous_4)
FN:97,(anonymous_5)
FNF:6
FNH:6
FNDA:7,(anonymous_0)
FNDA:21,(anonymous_1)
FNDA:9,(anonymous_2)
FNDA:4,(anonymous_3)
FNDA:7,(anonymous_4)
FNDA:4,(anonymous_5)
DA:22,1
DA:23,1
DA:29,1
DA:30,7
DA:31,7
DA:32,7
DA:33,21
DA:38,21
DA:44,21
DA:45,21
DA:52,7
DA:60,1
DA:61,9
DA:62,9
DA:65,9
DA:66,9
DA:67,9
DA:68,9
DA:69,9
DA:81,1
DA:89,4
DA:90,4
DA:91,4
DA:93,4
DA:94,3
DA:96,7
DA:97,4
DA:98,3
DA:101,4
LF:29
LH:29
BRDA:93,0,0,3
BRDA:93,0,1,1
BRDA:94,1,0,3
BRDA:94,1,1,2
BRF:4
BRH:4
end_of_record
TN:
SF:app\utils\hwpx-images.ts
FN:31,(anonymous_0)
FN:56,(anonymous_1)
FN:71,(anonymous_2)
FN:81,(anonymous_3)
FN:102,(anonymous_4)
FN:103,(anonymous_5)
FN:108,(anonymous_6)
FN:112,(anonymous_7)
FN:123,(anonymous_8)
FN:136,(anonymous_9)
FN:137,(anonymous_10)
FN:143,(anonymous_11)
FN:156,(anonymous_12)
FN:166,(anonymous_13)
FN:177,(anonymous_14)
FNF:15
FNH:2
FNDA:11,(anonymous_0)
FNDA:0,(anonymous_1)
FNDA:0,(anonymous_2)
FNDA:0,(anonymous_3)
FNDA:0,(anonymous_4)
FNDA:0,(anonymous_5)
FNDA:0,(anonymous_6)
FNDA:0,(anonymous_7)
FNDA:0,(anonymous_8)
FNDA:0,(anonymous_9)
FNDA:0,(anonymous_10)
FNDA:0,(anonymous_11)
FNDA:0,(anonymous_12)
FNDA:0,(anonymous_13)
FNDA:11,(anonymous_14)
DA:31,1
DA:32,11
DA:33,11
DA:34,11
DA:36,11
DA:37,11
DA:38,11
DA:39,11
DA:40,11
DA:41,0
DA:42,0
DA:43,0
DA:44,0
DA:45,0
DA:46,0
DA:47,0
DA:48,0
DA:49,0
DA:50,0
DA:52,11
DA:56,1
DA:57,0
DA:58,0
DA:59,0
DA:60,0
DA:61,0
DA:62,0
DA:63,0
DA:64,0
DA:71,1
DA:72,0
DA:73,0
DA:74,0
DA:75,0
DA:76,0
DA:77,0
DA:81,1
DA:82,0
DA:83,0
DA:84,0
DA:85,0
DA:86,0
DA:87,0
DA:91,0
DA:92,0
DA:93,0
DA:95,0
DA:96,0
DA:98,0
DA:102,1
DA:103,0
DA:104,0
DA:105,0
DA:106,0
DA:107,0
DA:108,0
DA:109,0
DA:110,0
DA:112,0
DA:113,0
DA:114,0
DA:116,0
DA:118,0
DA:123,1
DA:124,0
DA:125,0
DA:129,0
DA:136,1
DA:137,0
DA:138,0
DA:139,0
DA:140,0
DA:141,0
DA:142,0
DA:143,0
DA:144,0
DA:145,0
DA:146,0
DA:147,0
DA:148,0
DA:149,0
DA:150,0
DA:151,0
DA:152,0
DA:153,0
DA:154,0
DA:155,0
DA:156,0
DA:157,0
DA:158,0
DA:159,0
DA:162,0
DA:163,0
DA:166,0
DA:167,0
DA:169,0
DA:177,1
DA:181,11
DA:182,11
DA:183,0
DA:185,0
DA:186,0
DA:187,0
DA:188,0
DA:189,0
DA:190,0
DA:191,0
DA:192,0
DA:193,0
DA:194,0
DA:195,0
DA:196,0
DA:197,0
DA:198,0
DA:199,0
DA:200,0
DA:202,0
DA:203,0
DA:204,0
DA:205,0
DA:207,0
DA:209,0
DA:210,0
DA:211,0
DA:212,0
DA:213,0
DA:214,0
DA:215,0
DA:222,0
DA:224,0
DA:227,0
DA:228,0
DA:229,0
DA:230,0
DA:232,0
DA:243,11
LF:136
LH:20
BRDA:34,0,0,0
BRDA:34,0,1,11
BRDA:42,1,0,0
BRDA:42,1,1,0
BRDA:42,2,0,0
BRDA:42,2,1,0
BRDA:44,3,0,0
BRDA:44,3,1,0
BRDA:45,4,0,0
BRDA:45,4,1,0
BRDA:46,5,0,0
BRDA:46,5,1,0
BRDA:47,6,0,0
BRDA:47,6,1,0
BRDA:58,7,0,0
BRDA:58,7,1,0
BRDA:59,8,0,0
BRDA:59,8,1,0
BRDA:59,9,0,0
BRDA:59,9,1,0
BRDA:60,10,0,0
BRDA:60,10,1,0
BRDA:61,11,0,0
BRDA:61,11,1,0
BRDA:62,12,0,0
BRDA:62,12,1,0
BRDA:64,13,0,0
BRDA:64,13,1,0
BRDA:72,14,0,0
BRDA:72,14,1,0
BRDA:73,15,0,0
BRDA:73,15,1,0
BRDA:73,16,0,0
BRDA:73,16,1,0
BRDA:73,16,2,0
BRDA:73,16,3,0
BRDA:74,17,0,0
BRDA:74,17,1,0
BRDA:74,18,0,0
BRDA:74,18,1,0
BRDA:74,18,2,0
BRDA:74,18,3,0
BRDA:82,19,0,0
BRDA:82,19,1,0
BRDA:82,20,0,0
BRDA:82,20,1,0
BRDA:82,20,2,0
BRDA:85,21,0,0
BRDA:85,21,1,0
BRDA:87,22,0,0
BRDA:87,22,1,0
BRDA:87,23,0,0
BRDA:87,23,1,0
BRDA:87,23,2,0
BRDA:87,23,3,0
BRDA:87,23,4,0
BRDA:87,23,5,0
BRDA:87,23,6,0
BRDA:87,23,7,0
BRDA:87,23,8,0
BRDA:87,23,9,0
BRDA:87,23,10,0
BRDA:87,23,11,0
BRDA:87,23,12,0
BRDA:105,24,0,0
BRDA:105,24,1,0
BRDA:124,25,0,0
BRDA:124,25,1,0
BRDA:129,26,0,0
BRDA:129,26,1,0
BRDA:129,26,2,0
BRDA:145,27,0,0
BRDA:145,27,1,0
BRDA:146,28,0,0
BRDA:146,28,1,0
BRDA:151,29,0,0
BRDA:151,29,1,0
BRDA:157,30,0,0
BRDA:157,30,1,0
BRDA:186,31,0,0
BRDA:186,31,1,0
BRDA:188,32,0,0
BRDA:188,32,1,0
BRDA:189,33,0,0
BRDA:189,33,1,0
BRDA:190,34,0,0
BRDA:190,34,1,0
BRDA:191,35,0,0
BRDA:191,35,1,0
BRDA:193,36,0,0
BRDA:193,36,1,0
BRDA:197,37,0,0
BRDA:197,37,1,0
BRDA:199,38,0,0
BRDA:199,38,1,0
BRDA:203,39,0,0
BRDA:203,39,1,0
BRDA:204,40,0,0
BRDA:204,40,1,0
BRDA:209,41,0,0
BRDA:209,41,1,0
BRDA:211,42,0,0
BRDA:211,42,1,0
BRDA:228,43,0,0
BRDA:228,43,1,0
BRDA:228,44,0,0
BRDA:228,44,1,0
BRDA:230,45,0,0
BRDA:230,45,1,0
BRDA:236,46,0,0
BRDA:236,46,1,0
BRDA:237,47,0,0
BRDA:237,47,1,0
BRF:113
BRH:1
end_of_record
TN:
SF:app\utils\hwpx-package-xml.ts
FN:65,(anonymous_0)
FN:66,(anonymous_1)
FN:75,(anonymous_2)
FNF:3
FNH:1
FNDA:11,(anonymous_0)
FNDA:0,(anonymous_1)
FNDA:0,(anonymous_2)
DA:10,1
DA:27,1
DA:33,1
DA:40,1
DA:51,1
DA:55,1
DA:65,1
DA:66,11
DA:67,0
DA:68,0
DA:69,0
DA:70,0
DA:71,0
DA:72,0
DA:75,11
DA:76,0
DA:79,11
LF:17
LH:10
BRDA:65,0,0,11
BRDA:65,1,0,11
BRDA:68,2,0,0
BRDA:68,2,1,0
BRDA:68,3,0,0
BRDA:68,3,1,0
BRDA:69,4,0,0
BRDA:69,4,1,0
BRDA:70,5,0,0
BRDA:70,5,1,0
BRDA:71,6,0,0
BRDA:71,6,1,0
BRF:12
BRH:2
end_of_record
TN:
SF:app\utils\hwpx.ts
FN:152,(anonymous_0)
FN:160,(anonymous_1)
FN:185,(anonymous_2)
FN:226,(anonymous_3)
FN:238,(anonymous_4)
FN:250,(anonymous_5)
FN:352,(anonymous_6)
FN:364,(anonymous_7)
FN:375,(anonymous_8)
FN:454,(anonymous_9)
FN:460,(anonymous_10)
FN:463,(anonymous_11)
FN:543,(anonymous_12)
FN:560,(anonymous_13)
FN:619,(anonymous_14)
FN:621,(anonymous_15)
FN:622,(anonymous_16)
FN:672,(anonymous_17)
FN:718,(anonymous_18)
FN:730,(anonymous_19)
FN:748,(anonymous_20)
FN:754,(anonymous_21)
FN:754,(anonymous_22)
FN:764,(anonymous_23)
FN:766,(anonymous_24)
FN:772,(anonymous_25)
FN:774,(anonymous_26)
FN:778,(anonymous_27)
FN:783,(anonymous_28)
FN:784,(anonymous_29)
FN:856,(anonymous_30)
FN:869,(anonymous_31)
FN:926,(anonymous_32)
FN:958,(anonymous_33)
FN:991,(anonymous_34)
FN:1016,(anonymous_35)
FN:1058,(anonymous_36)
FN:1069,(anonymous_37)
FN:1127,(anonymous_38)
FN:1132,(anonymous_39)
FN:1135,(anonymous_40)
FN:1135,(anonymous_41)
FN:1166,(anonymous_42)
FN:1172,(anonymous_43)
FN:1175,(anonymous_44)
FN:1175,(anonymous_45)
FN:1194,(anonymous_46)
FN:1195,(anonymous_47)
FN:1196,(anonymous_48)
FN:1196,(anonymous_49)
FN:1196,(anonymous_50)
FNF:51
FNH:43
FNDA:77,(anonymous_0)
FNDA:132,(anonymous_1)
FNDA:77,(anonymous_2)
FNDA:0,(anonymous_3)
FNDA:77,(anonymous_4)
FNDA:11,(anonymous_5)
FNDA:0,(anonymous_6)
FNDA:0,(anonymous_7)
FNDA:88,(anonymous_8)
FNDA:11,(anonymous_9)
FNDA:0,(anonymous_10)
FNDA:11,(anonymous_11)
FNDA:2,(anonymous_12)
FNDA:23,(anonymous_13)
FNDA:8,(anonymous_14)
FNDA:8,(anonymous_15)
FNDA:5,(anonymous_16)
FNDA:0,(anonymous_17)
FNDA:88,(anonymous_18)
FNDA:11,(anonymous_19)
FNDA:22,(anonymous_20)
FNDA:22,(anonymous_21)
FNDA:44,(anonymous_22)
FNDA:0,(anonymous_23)
FNDA:11,(anonymous_24)
FNDA:8,(anonymous_25)
FNDA:22,(anonymous_26)
FNDA:63,(anonymous_27)
FNDA:30,(anonymous_28)
FNDA:77,(anonymous_29)
FNDA:11,(anonymous_30)
FNDA:11,(anonymous_31)
FNDA:22,(anonymous_32)
FNDA:11,(anonymous_33)
FNDA:11,(anonymous_34)
FNDA:11,(anonymous_35)
FNDA:0,(anonymous_36)
FNDA:0,(anonymous_37)
FNDA:55,(anonymous_38)
FNDA:11,(anonymous_39)
FNDA:19,(anonymous_40)
FNDA:44,(anonymous_41)
FNDA:55,(anonymous_42)
FNDA:11,(anonymous_43)
FNDA:19,(anonymous_44)
FNDA:44,(anonymous_45)
FNDA:33,(anonymous_46)
FNDA:11,(anonymous_47)
FNDA:30,(anonymous_48)
FNDA:77,(anonymous_49)
FNDA:77,(anonymous_50)
DA:24,1
DA:44,1
DA:65,1
DA:76,1
DA:77,1
DA:78,1
DA:79,1
DA:89,1
DA:152,1
DA:153,77
DA:160,1
DA:167,132
DA:168,132
DA:169,132
DA:185,1
DA:205,77
DA:206,77
DA:226,1
DA:227,0
DA:238,1
DA:239,77
DA:250,1
DA:257,11
DA:352,1
DA:353,0
DA:354,0
DA:355,0
DA:356,0
DA:357,0
DA:358,0
DA:360,0
DA:362,0
DA:363,0
DA:364,0
DA:365,0
DA:367,0
DA:375,1
DA:380,88
DA:382,88
DA:383,44
DA:384,44
DA:385,44
DA:387,44
DA:389,44
DA:390,44
DA:391,44
DA:394,44
DA:395,0
DA:396,0
DA:397,0
DA:398,0
DA:404,0
DA:408,44
DA:409,44
DA:410,44
DA:411,0
DA:412,44
DA:413,0
DA:414,44
DA:415,0
DA:416,44
DA:417,0
DA:418,44
DA:419,0
DA:423,44
DA:424,88
DA:425,88
DA:426,88
DA:430,88
DA:431,88
DA:433,44
DA:434,0
DA:436,44
DA:440,44
DA:441,0
DA:442,0
DA:445,44
DA:446,44
DA:454,1
DA:455,11
DA:456,11
DA:457,11
DA:458,11
DA:460,11
DA:461,0
DA:463,11
DA:464,11
DA:465,11
DA:467,11
DA:469,11
DA:471,0
DA:472,0
DA:474,0
DA:476,0
DA:479,0
DA:480,0
DA:485,0
DA:492,11
DA:494,0
DA:495,0
DA:496,0
DA:497,0
DA:498,0
DA:499,0
DA:500,0
DA:501,0
DA:503,0
DA:504,0
DA:505,0
DA:509,11
DA:511,11
DA:513,11
DA:516,11
DA:517,11
DA:518,13
DA:519,13
DA:520,11
DA:521,19
DA:523,2
DA:524,0
DA:532,11
DA:533,11
DA:534,2
DA:535,2
DA:536,5
DA:537,5
DA:538,5
DA:539,2
DA:540,5
DA:541,5
DA:543,2
DA:547,11
DA:548,9
DA:549,9
DA:550,9
DA:551,21
DA:552,21
DA:553,21
DA:554,21
DA:555,21
DA:556,21
DA:557,21
DA:558,25
DA:560,23
DA:563,11
DA:564,11
DA:565,19
DA:566,19
DA:568,19
DA:569,44
DA:570,44
DA:573,44
DA:575,44
DA:576,44
DA:577,44
DA:578,44
DA:579,44
DA:582,44
DA:583,44
DA:584,44
DA:585,44
DA:587,44
DA:588,44
DA:589,44
DA:592,44
DA:603,44
DA:604,3
DA:605,4
DA:609,44
DA:612,19
DA:613,19
DA:618,11
DA:619,8
DA:620,3
DA:621,8
DA:622,5
DA:623,3
DA:624,3
DA:628,11
DA:630,0
DA:633,0
DA:634,0
DA:635,0
DA:636,0
DA:652,0
DA:655,0
DA:659,11
DA:660,11
DA:661,11
DA:672,1
DA:676,0
DA:678,0
DA:679,0
DA:681,0
DA:682,0
DA:718,1
DA:719,88
DA:720,88
DA:723,88
DA:730,1
DA:731,11
DA:732,11
DA:748,1
DA:749,22
DA:754,44
DA:756,22
DA:757,11
DA:758,11
DA:759,19
DA:760,44
DA:761,44
DA:764,11
DA:766,11
DA:770,22
DA:773,8
DA:774,8
DA:775,22
DA:778,63
DA:779,22
DA:780,22
DA:781,22
DA:783,22
DA:784,30
DA:785,77
DA:786,77
DA:787,77
DA:790,77
DA:791,77
DA:792,81
DA:794,77
DA:796,77
DA:801,77
DA:805,77
DA:806,77
DA:807,77
DA:808,77
DA:809,77
DA:811,77
DA:828,30
DA:833,22
DA:845,22
DA:856,1
DA:857,11
DA:859,11
DA:860,11
DA:861,11
DA:869,1
DA:881,11
DA:914,11
DA:919,11
DA:926,11
DA:927,22
DA:928,22
DA:929,11
DA:930,0
DA:933,11
DA:958,1
DA:959,11
DA:960,11
DA:962,11
DA:963,11
DA:991,1
DA:992,11
DA:993,11
DA:994,11
DA:995,11
DA:1016,1
DA:1022,11
DA:1027,11
DA:1028,11
DA:1032,11
DA:1033,11
DA:1034,11
DA:1035,0
DA:1036,0
DA:1042,11
DA:1043,0
DA:1044,0
DA:1046,0
DA:1047,0
DA:1048,0
DA:1049,0
DA:1051,0
DA:1052,0
DA:1058,11
DA:1059,11
DA:1060,0
DA:1065,11
DA:1066,11
DA:1067,11
DA:1068,11
DA:1069,0
DA:1070,0
DA:1072,11
DA:1076,11
DA:1084,11
DA:1085,11
DA:1088,11
DA:1089,11
DA:1091,11
DA:1092,22
DA:1093,11
DA:1094,19
DA:1095,44
DA:1096,0
DA:1104,11
DA:1105,22
DA:1106,11
DA:1107,19
DA:1108,44
DA:1109,0
DA:1110,0
DA:1117,11
DA:1118,11
DA:1119,0
DA:1124,11
DA:1125,11
DA:1127,11
DA:1128,55
DA:1129,0
DA:1130,0
DA:1132,11
DA:1133,11
DA:1134,22
DA:1135,44
DA:1138,11
DA:1142,11
DA:1156,11
DA:1157,11
DA:1158,0
DA:1159,0
DA:1160,0
DA:1161,0
DA:1162,0
DA:1166,11
DA:1167,55
DA:1168,0
DA:1169,0
DA:1170,0
DA:1172,11
DA:1173,11
DA:1174,22
DA:1175,44
DA:1178,11
DA:1180,11
DA:1182,11
DA:1183,11
DA:1184,11
DA:1185,11
DA:1188,11
DA:1189,0
DA:1193,11
DA:1194,11
DA:1195,33
DA:1196,77
DA:1197,0
DA:1199,11
DA:1201,11
DA:1202,11
DA:1203,11
DA:1204,11
DA:1205,11
DA:1207,11
LF:363
LH:275
BRDA:165,0,0,132
BRDA:168,1,0,132
BRDA:168,1,1,132
BRDA:177,2,0,44
BRDA:177,2,1,88
BRDA:178,3,0,11
BRDA:178,3,1,121
BRDA:179,4,0,11
BRDA:179,4,1,121
BRDA:180,5,0,11
BRDA:180,5,1,121
BRDA:187,6,0,77
BRDA:198,7,0,77
BRDA:199,8,0,77
BRDA:200,9,0,77
BRDA:201,10,0,77
BRDA:202,11,0,77
BRDA:203,12,0,77
BRDA:204,13,0,77
BRDA:251,14,0,11
BRDA:252,15,0,11
BRDA:253,16,0,11
BRDA:254,17,0,11
BRDA:255,18,0,11
BRDA:355,19,0,0
BRDA:355,19,1,0
BRDA:357,20,0,0
BRDA:357,20,1,0
BRDA:363,21,0,0
BRDA:363,21,1,0
BRDA:382,22,0,44
BRDA:382,22,1,44
BRDA:383,23,0,44
BRDA:383,23,1,0
BRDA:384,24,0,44
BRDA:384,24,1,0
BRDA:387,25,0,0
BRDA:387,25,1,44
BRDA:394,26,0,0
BRDA:394,26,1,44
BRDA:395,27,0,0
BRDA:395,27,1,0
BRDA:397,28,0,0
BRDA:397,28,1,0
BRDA:410,29,0,0
BRDA:410,29,1,44
BRDA:410,30,0,44
BRDA:410,30,1,44
BRDA:411,31,0,0
BRDA:411,31,1,0
BRDA:411,32,0,0
BRDA:411,32,1,0
BRDA:412,33,0,0
BRDA:412,33,1,44
BRDA:412,34,0,44
BRDA:412,34,1,44
BRDA:413,35,0,0
BRDA:413,35,1,0
BRDA:414,36,0,0
BRDA:414,36,1,44
BRDA:414,37,0,44
BRDA:414,37,1,44
BRDA:415,38,0,0
BRDA:415,38,1,0
BRDA:416,39,0,0
BRDA:416,39,1,44
BRDA:416,40,0,44
BRDA:416,40,1,44
BRDA:416,40,2,44
BRDA:417,41,0,0
BRDA:417,41,1,0
BRDA:418,42,0,0
BRDA:418,42,1,44
BRDA:423,43,0,44
BRDA:423,43,1,41
BRDA:426,44,0,0
BRDA:426,44,1,44
BRDA:433,45,0,0
BRDA:433,45,1,44
BRDA:433,46,0,44
BRDA:433,46,1,0
BRDA:440,47,0,0
BRDA:440,47,1,44
BRDA:442,48,0,0
BRDA:442,48,1,0
BRDA:454,49,0,11
BRDA:465,50,0,0
BRDA:465,50,1,11
BRDA:469,51,0,0
BRDA:469,51,1,11
BRDA:471,52,0,0
BRDA:471,52,1,0
BRDA:472,53,0,0
BRDA:472,53,1,0
BRDA:474,54,0,0
BRDA:474,54,1,0
BRDA:479,55,0,0
BRDA:479,55,1,0
BRDA:482,56,0,0
BRDA:482,56,1,0
BRDA:489,57,0,0
BRDA:489,57,1,0
BRDA:492,58,0,0
BRDA:492,58,1,11
BRDA:492,59,0,11
BRDA:492,59,1,11
BRDA:496,60,0,0
BRDA:496,60,1,0
BRDA:498,61,0,0
BRDA:498,61,1,0
BRDA:505,62,0,0
BRDA:505,62,1,0
BRDA:505,63,0,0
BRDA:505,63,1,0
BRDA:509,64,0,11
BRDA:509,64,1,0
BRDA:519,65,0,11
BRDA:519,65,1,2
BRDA:519,66,0,13
BRDA:519,66,1,13
BRDA:519,66,2,2
BRDA:521,67,0,19
BRDA:521,67,1,0
BRDA:523,68,0,0
BRDA:523,68,1,2
BRDA:533,69,0,9
BRDA:533,69,1,2
BRDA:536,70,0,0
BRDA:536,70,1,5
BRDA:538,71,0,3
BRDA:538,71,1,2
BRDA:538,72,0,3
BRDA:538,72,1,0
BRDA:539,73,0,2
BRDA:539,73,1,0
BRDA:541,74,0,2
BRDA:541,74,1,0
BRDA:541,75,0,2
BRDA:541,75,1,0
BRDA:543,76,0,2
BRDA:543,76,1,0
BRDA:543,77,0,2
BRDA:543,77,1,2
BRDA:547,78,0,9
BRDA:547,78,1,2
BRDA:547,79,0,11
BRDA:547,79,1,9
BRDA:552,80,0,0
BRDA:552,80,1,21
BRDA:552,81,0,21
BRDA:552,81,1,14
BRDA:553,82,0,21
BRDA:553,82,1,18
BRDA:556,83,0,3
BRDA:556,83,1,18
BRDA:556,84,0,3
BRDA:556,84,1,0
BRDA:556,85,0,0
BRDA:556,85,1,18
BRDA:556,86,0,0
BRDA:556,86,1,0
BRDA:557,87,0,21
BRDA:557,87,1,0
BRDA:557,88,0,21
BRDA:557,88,1,17
BRDA:560,89,0,1
BRDA:560,89,1,8
BRDA:560,90,0,9
BRDA:560,90,1,9
BRDA:570,91,0,0
BRDA:570,91,1,44
BRDA:570,92,0,44
BRDA:570,92,1,37
BRDA:576,93,0,7
BRDA:576,93,1,37
BRDA:578,94,0,44
BRDA:578,94,1,0
BRDA:578,95,0,44
BRDA:578,95,1,40
BRDA:579,96,0,44
BRDA:579,96,1,0
BRDA:579,97,0,44
BRDA:579,97,1,41
BRDA:582,98,0,44
BRDA:582,98,1,41
BRDA:584,99,0,0
BRDA:584,99,1,44
BRDA:585,100,0,0
BRDA:585,100,1,44
BRDA:585,101,0,44
BRDA:585,101,1,0
BRDA:588,102,0,0
BRDA:588,102,1,44
BRDA:589,103,0,0
BRDA:589,103,1,44
BRDA:594,104,0,44
BRDA:594,104,1,0
BRDA:612,105,0,19
BRDA:612,105,1,0
BRDA:618,106,0,3
BRDA:618,106,1,8
BRDA:618,107,0,11
BRDA:618,107,1,3
BRDA:620,108,0,3
BRDA:620,108,1,0
BRDA:628,109,0,11
BRDA:628,109,1,0
BRDA:630,110,0,0
BRDA:630,110,1,0
BRDA:633,111,0,0
BRDA:633,111,1,0
BRDA:635,112,0,0
BRDA:635,112,1,0
BRDA:652,113,0,0
BRDA:652,113,1,0
BRDA:652,114,0,0
BRDA:652,114,1,0
BRDA:652,114,2,0
BRDA:660,115,0,0
BRDA:660,115,1,11
BRDA:719,116,0,0
BRDA:719,116,1,88
BRDA:720,117,0,11
BRDA:720,117,1,77
BRDA:756,118,0,11
BRDA:756,118,1,11
BRDA:760,119,0,44
BRDA:760,119,1,0
BRDA:760,120,0,44
BRDA:760,120,1,0
BRDA:761,121,0,26
BRDA:761,121,1,18
BRDA:764,122,0,0
BRDA:764,122,1,11
BRDA:770,123,0,14
BRDA:770,123,1,8
BRDA:770,124,0,22
BRDA:770,124,1,14
BRDA:775,125,0,8
BRDA:775,125,1,14
BRDA:779,126,0,22
BRDA:779,126,1,11
BRDA:785,127,0,77
BRDA:785,127,1,33
BRDA:786,128,0,77
BRDA:786,128,1,33
BRDA:787,129,0,77
BRDA:787,129,1,33
BRDA:792,130,0,81
BRDA:792,130,1,0
BRDA:794,131,0,0
BRDA:794,131,1,77
BRDA:794,132,0,0
BRDA:794,132,1,0
BRDA:794,132,2,0
BRDA:801,133,0,0
BRDA:801,133,1,77
BRDA:802,134,0,0
BRDA:802,134,1,77
BRDA:803,135,0,0
BRDA:803,135,1,77
BRDA:805,136,0,77
BRDA:805,136,1,44
BRDA:805,137,0,7
BRDA:805,137,1,37
BRDA:806,138,0,77
BRDA:806,138,1,44
BRDA:806,138,2,44
BRDA:806,139,0,7
BRDA:806,139,1,37
BRDA:807,140,0,7
BRDA:807,140,1,70
BRDA:808,141,0,77
BRDA:808,141,1,0
BRDA:914,142,0,11
BRDA:914,142,1,0
BRDA:919,143,0,11
BRDA:919,143,1,0
BRDA:928,144,0,11
BRDA:928,144,1,11
BRDA:929,145,0,11
BRDA:929,145,1,0
BRDA:972,146,0,11
BRDA:972,146,1,11
BRDA:984,147,0,11
BRDA:984,147,1,11
BRDA:1018,148,0,11
BRDA:1019,149,0,11
BRDA:1022,150,0,11
BRDA:1022,150,1,0
BRDA:1023,151,0,11
BRDA:1023,151,1,0
BRDA:1024,152,0,0
BRDA:1024,152,1,0
BRDA:1035,153,0,0
BRDA:1035,153,1,0
BRDA:1035,154,0,0
BRDA:1035,154,1,0
BRDA:1044,155,0,0
BRDA:1044,155,1,0
BRDA:1047,156,0,0
BRDA:1047,156,1,0
BRDA:1060,157,0,0
BRDA:1060,157,1,0
BRDA:1068,158,0,0
BRDA:1068,158,1,11
BRDA:1068,159,0,11
BRDA:1068,159,1,11
BRDA:1068,159,2,0
BRDA:1069,160,0,0
BRDA:1069,160,1,0
BRDA:1069,160,2,0
BRDA:1092,161,0,11
BRDA:1092,161,1,11
BRDA:1095,162,0,0
BRDA:1095,162,1,44
BRDA:1095,163,0,44
BRDA:1095,163,1,0
BRDA:1105,164,0,11
BRDA:1105,164,1,11
BRDA:1108,165,0,0
BRDA:1108,165,1,44
BRDA:1108,166,0,44
BRDA:1108,166,1,0
BRDA:1110,167,0,0
BRDA:1110,167,1,0
BRDA:1128,168,0,55
BRDA:1128,168,1,0
BRDA:1130,169,0,0
BRDA:1130,169,1,0
BRDA:1134,170,0,11
BRDA:1134,170,1,11
BRDA:1134,171,0,11
BRDA:1134,171,1,0
BRDA:1161,172,0,0
BRDA:1161,172,1,0
BRDA:1167,173,0,55
BRDA:1167,173,1,0
BRDA:1170,174,0,0
BRDA:1170,174,1,0
BRDA:1174,175,0,11
BRDA:1174,175,1,11
BRDA:1174,176,0,11
BRDA:1174,176,1,0
BRDA:1195,177,0,11
BRDA:1195,177,1,22
BRDA:1195,178,0,0
BRDA:1195,178,1,11
BRDA:1196,179,0,22
BRDA:1196,179,1,0
BRF:350
BRH:200
end_of_record
