TN:
SF:app\composables\useAdminApi.ts
FN:284,(anonymous_0)
FN:295,(anonymous_1)
FN:299,(anonymous_2)
FN:303,(anonymous_3)
FN:307,(anonymous_4)
FN:315,(anonymous_5)
FN:326,(anonymous_6)
FN:330,(anonymous_7)
FN:334,(anonymous_8)
FN:338,(anonymous_9)
FN:346,(anonymous_10)
FN:350,(anonymous_11)
FN:354,(anonymous_12)
FN:358,(anonymous_13)
FN:366,(anonymous_14)
FN:370,(anonymous_15)
FN:374,(anonymous_16)
FN:378,(anonymous_17)
FN:386,(anonymous_18)
FN:390,(anonymous_19)
FN:394,(anonymous_20)
FN:398,(anonymous_21)
FN:410,(anonymous_22)
FN:420,(anonymous_23)
FN:428,(anonymous_24)
FN:436,(anonymous_25)
FN:444,(anonymous_26)
FN:453,(anonymous_27)
FN:454,(anonymous_28)
FN:460,(anonymous_29)
FNF:30
FNH:26
FNDA:26,(anonymous_0)
FNDA:1,(anonymous_1)
FNDA:1,(anonymous_2)
FNDA:1,(anonymous_3)
FNDA:1,(anonymous_4)
FNDA:1,(anonymous_5)
FNDA:1,(anonymous_6)
FNDA:1,(anonymous_7)
FNDA:1,(anonymous_8)
FNDA:1,(anonymous_9)
FNDA:1,(anonymous_10)
FNDA:1,(anonymous_11)
FNDA:1,(anonymous_12)
FNDA:1,(anonymous_13)
FNDA:1,(anonymous_14)
FNDA:1,(anonymous_15)
FNDA:1,(anonymous_16)
FNDA:1,(anonymous_17)
FNDA:1,(anonymous_18)
FNDA:1,(anonymous_19)
FNDA:1,(anonymous_20)
FNDA:1,(anonymous_21)
FNDA:2,(anonymous_22)
FNDA:1,(anonymous_23)
FNDA:1,(anonymous_24)
FNDA:1,(anonymous_25)
FNDA:0,(anonymous_26)
FNDA:0,(anonymous_27)
FNDA:0,(anonymous_28)
FNDA:0,(anonymous_29)
DA:284,1
DA:285,26
DA:287,26
DA:288,26
DA:295,26
DA:296,1
DA:299,26
DA:300,1
DA:303,26
DA:304,1
DA:307,26
DA:308,1
DA:315,26
DA:316,1
DA:326,26
DA:327,1
DA:330,26
DA:331,1
DA:334,26
DA:335,1
DA:338,26
DA:339,1
DA:346,26
DA:347,1
DA:350,26
DA:351,1
DA:354,26
DA:355,1
DA:358,26
DA:359,1
DA:366,26
DA:367,1
DA:370,26
DA:371,1
DA:374,26
DA:375,1
DA:378,26
DA:379,1
DA:386,26
DA:387,1
DA:390,26
DA:391,1
DA:394,26
DA:395,1
DA:398,26
DA:399,1
DA:410,26
DA:411,2
DA:420,26
DA:421,1
DA:428,26
DA:429,1
DA:436,26
DA:437,1
DA:444,26
DA:445,0
DA:453,26
DA:454,0
DA:460,26
DA:461,0
DA:463,26
LF:61
LH:58
BRDA:304,0,0,1
BRDA:304,0,1,0
BRDA:410,1,0,2
BRDA:410,2,0,2
BRDA:456,3,0,0
BRDA:456,3,1,0
BRF:6
BRH:3
end_of_record
TN:
SF:app\composables\useApiFetch.ts
FN:80,(anonymous_0)
FN:129,(anonymous_1)
FN:156,(anonymous_2)
FNF:3
FNH:3
FNDA:21,(anonymous_0)
FNDA:5,(anonymous_1)
FNDA:8,(anonymous_2)
DA:26,1
DA:33,1
DA:49,1
DA:80,1
DA:81,21
DA:82,21
DA:84,21
DA:86,21
DA:90,21
DA:98,21
DA:131,5
DA:132,5
DA:133,2
DA:136,3
DA:138,2
DA:139,2
DA:140,1
DA:141,1
DA:157,8
DA:158,3
DA:159,3
DA:160,3
DA:161,3
DA:163,2
DA:166,1
DA:167,1
DA:171,3
DA:173,5
DA:174,1
DA:180,4
DA:181,1
DA:187,3
DA:188,2
DA:199,21
LF:34
LH:34
BRDA:80,0,0,21
BRDA:90,1,0,1
BRDA:90,1,1,20
BRDA:92,2,0,1
BRDA:92,2,1,19
BRDA:94,3,0,0
BRDA:94,3,1,19
BRDA:132,4,0,2
BRDA:132,4,1,3
BRDA:132,5,0,5
BRDA:132,5,1,4
BRDA:132,5,2,3
BRDA:136,6,0,1
BRDA:136,6,1,2
BRDA:139,7,0,1
BRDA:139,7,1,1
BRDA:157,8,0,3
BRDA:157,8,1,5
BRDA:157,9,0,8
BRDA:157,9,1,3
BRDA:161,10,0,2
BRDA:161,10,1,1
BRDA:173,11,0,1
BRDA:173,11,1,4
BRDA:180,12,0,1
BRDA:180,12,1,3
BRDA:180,13,0,4
BRDA:180,13,1,2
BRDA:187,14,0,2
BRDA:187,14,1,1
BRF:30
BRH:29
end_of_record
TN:
SF:app\composables\useApprovalDashboard.ts
FN:95,(anonymous_0)
FN:105,(anonymous_1)
FN:129,(anonymous_2)
FN:139,(anonymous_3)
FN:146,(anonymous_4)
FN:148,(anonymous_5)
FNF:6
FNH:6
FNDA:4,(anonymous_0)
FNDA:2,(anonymous_1)
FNDA:6,(anonymous_2)
FNDA:1,(anonymous_3)
FNDA:2,(anonymous_4)
FNDA:2,(anonymous_5)
DA:95,1
DA:97,4
DA:100,4
DA:101,4
DA:103,4
DA:105,2
DA:111,4
DA:129,1
DA:131,6
DA:134,6
DA:135,6
DA:137,6
DA:139,1
DA:146,6
DA:148,6
DA:150,6
LF:16
LH:16
BRDA:146,0,0,2
BRDA:146,0,1,1
BRDA:148,1,0,2
BRDA:148,1,1,1
BRF:4
BRH:4
end_of_record
TN:
SF:app\composables\useApprovals.ts
FN:91,(anonymous_0)
FN:107,(anonymous_1)
FN:128,(anonymous_2)
FN:148,(anonymous_3)
FN:167,(anonymous_4)
FNF:5
FNH:5
FNDA:6,(anonymous_0)
FNDA:1,(anonymous_1)
FNDA:2,(anonymous_2)
FNDA:2,(anonymous_3)
FNDA:1,(anonymous_4)
DA:91,1
DA:93,6
DA:94,6
DA:97,6
DA:107,6
DA:108,1
DA:128,6
DA:129,2
DA:148,6
DA:149,2
DA:167,6
DA:168,1
DA:171,6
LF:13
LH:13
BRF:0
BRH:0
end_of_record
TN:
SF:app\composables\useAuth.ts
FN:77,(anonymous_0)
FN:101,(anonymous_1)
FN:111,(anonymous_2)
FN:112,(anonymous_3)
FN:121,(anonymous_4)
FN:130,(anonymous_5)
FN:150,(anonymous_6)
FNF:7
FNH:7
FNDA:26,(anonymous_0)
FNDA:12,(anonymous_1)
FNDA:11,(anonymous_2)
FNDA:10,(anonymous_3)
FNDA:3,(anonymous_4)
FNDA:3,(anonymous_5)
FNDA:7,(anonymous_6)
DA:77,1
DA:79,26
DA:89,26
DA:101,26
DA:102,12
DA:111,26
DA:112,11
DA:121,26
DA:130,26
DA:131,3
DA:150,26
DA:152,7
DA:155,6
DA:158,5
DA:160,3
DA:162,1
DA:166,2
DA:169,26
LF:18
LH:18
BRDA:102,0,0,12
BRDA:102,0,1,1
BRDA:112,1,0,11
BRDA:112,1,1,1
BRDA:112,2,0,10
BRDA:112,2,1,5
BRDA:121,3,0,3
BRDA:121,3,1,2
BRDA:131,4,0,3
BRDA:131,4,1,1
BRDA:152,5,0,1
BRDA:152,5,1,6
BRDA:155,6,0,1
BRDA:155,6,1,5
BRDA:158,7,0,3
BRDA:158,7,1,2
BRDA:160,8,0,2
BRDA:160,8,1,1
BRF:18
BRH:18
end_of_record
TN:
SF:app\composables\useBudgetPeriod.ts
FN:22,useBudgetPeriod
FN:31,(anonymous_1)
FN:38,(anonymous_2)
FNF:3
FNH:3
FNDA:6,useBudgetPeriod
FNDA:4,(anonymous_1)
FNDA:1,(anonymous_2)
DA:23,6
DA:26,6
DA:31,6
DA:32,4
DA:33,3
DA:34,3
DA:38,6
DA:40,6
LF:8
LH:8
BRDA:32,0,0,1
BRDA:32,0,1,3
BRDA:34,1,0,3
BRDA:34,1,1,2
BRF:4
BRH:4
end_of_record
TN:
SF:app\composables\useBudgetStatus.ts
FN:25,(anonymous_0)
FN:35,(anonymous_1)
FN:47,(anonymous_2)
FN:59,(anonymous_3)
FNF:4
FNH:4
FNDA:4,(anonymous_0)
FNDA:2,(anonymous_1)
FNDA:1,(anonymous_2)
FNDA:1,(anonymous_3)
DA:25,1
DA:26,4
DA:27,4
DA:35,4
DA:36,2
DA:47,4
DA:48,1
DA:59,4
DA:60,1
DA:65,4
LF:10
LH:10
BRF:0
BRH:0
end_of_record
TN:
SF:app\composables\useCodeOptions.ts
FN:24,(anonymous_0)
FN:30,(anonymous_1)
FN:31,(anonymous_2)
FN:38,(anonymous_3)
FN:40,(anonymous_4)
FNF:5
FNH:5
FNDA:10,(anonymous_0)
FNDA:6,(anonymous_1)
FNDA:7,(anonymous_2)
FNDA:5,(anonymous_3)
FNDA:3,(anonymous_4)
DA:24,1
DA:25,10
DA:26,10
DA:27,10
DA:30,10
DA:31,7
DA:38,10
DA:39,5
DA:40,3
DA:41,2
DA:44,10
LF:11
LH:11
BRDA:31,0,0,6
BRDA:31,0,1,1
BRDA:31,1,0,7
BRDA:31,1,1,0
BRDA:31,2,0,7
BRDA:31,2,1,1
BRDA:39,3,0,3
BRDA:39,3,1,2
BRDA:41,4,0,1
BRDA:41,4,1,1
BRF:10
BRH:9
end_of_record
TN:
SF:app\composables\useCost.ts
FN:90,(anonymous_0)
FN:109,(anonymous_1)
FN:122,(anonymous_2)
FN:137,(anonymous_3)
FN:152,(anonymous_4)
FN:166,(anonymous_5)
FN:180,(anonymous_6)
FN:194,(anonymous_7)
FNF:8
FNH:8
FNDA:8,(anonymous_0)
FNDA:2,(anonymous_1)
FNDA:1,(anonymous_2)
FNDA:1,(anonymous_3)
FNDA:1,(anonymous_4)
FNDA:1,(anonymous_5)
FNDA:1,(anonymous_6)
FNDA:1,(anonymous_7)
DA:90,1
DA:92,8
DA:93,8
DA:96,8
DA:109,8
DA:110,2
DA:122,8
DA:123,1
DA:137,8
DA:138,1
DA:152,8
DA:153,1
DA:166,8
DA:167,1
DA:180,8
DA:181,1
DA:194,8
DA:195,1
DA:198,8
LF:19
LH:19
BRDA:110,0,0,1
BRDA:110,0,1,1
BRF:2
BRH:2
end_of_record
TN:
SF:app\composables\useCouncil.ts
FN:52,(anonymous_0)
FN:68,(anonymous_1)
FN:78,(anonymous_2)
FN:91,(anonymous_3)
FN:110,(anonymous_4)
FN:126,(anonymous_5)
FN:151,(anonymous_6)
FN:176,(anonymous_7)
FN:188,(anonymous_8)
FN:204,(anonymous_9)
FN:226,(anonymous_10)
FN:240,(anonymous_11)
FN:261,(anonymous_12)
FN:277,(anonymous_13)
FN:293,(anonymous_14)
FN:307,(anonymous_15)
FN:330,(anonymous_16)
FN:345,(anonymous_17)
FN:366,(anonymous_18)
FN:379,(anonymous_19)
FN:400,(anonymous_20)
FN:411,(anonymous_21)
FN:429,(anonymous_22)
FN:447,(anonymous_23)
FN:465,(anonymous_24)
FNF:25
FNH:25
FNDA:26,(anonymous_0)
FNDA:1,(anonymous_1)
FNDA:1,(anonymous_2)
FNDA:1,(anonymous_3)
FNDA:1,(anonymous_4)
FNDA:2,(anonymous_5)
FNDA:1,(anonymous_6)
FNDA:1,(anonymous_7)
FNDA:1,(anonymous_8)
FNDA:1,(anonymous_9)
FNDA:1,(anonymous_10)
FNDA:1,(anonymous_11)
FNDA:1,(anonymous_12)
FNDA:1,(anonymous_13)
FNDA:1,(anonymous_14)
FNDA:1,(anonymous_15)
FNDA:1,(anonymous_16)
FNDA:1,(anonymous_17)
FNDA:1,(anonymous_18)
FNDA:1,(anonymous_19)
FNDA:1,(anonymous_20)
FNDA:2,(anonymous_21)
FNDA:1,(anonymous_22)
FNDA:1,(anonymous_23)
FNDA:1,(anonymous_24)
DA:52,1
DA:53,26
DA:55,26
DA:56,26
DA:68,26
DA:69,1
DA:78,26
DA:79,1
DA:91,26
DA:92,1
DA:110,26
DA:111,1
DA:126,26
DA:131,2
DA:151,26
DA:157,1
DA:176,26
DA:177,1
DA:188,26
DA:189,1
DA:204,26
DA:208,1
DA:226,26
DA:227,1
DA:240,26
DA:246,1
DA:261,26
DA:262,1
DA:277,26
DA:278,1
DA:293,26
DA:294,1
DA:307,26
DA:312,1
DA:330,26
DA:331,1
DA:345,26
DA:349,1
DA:366,26
DA:367,1
DA:379,26
DA:383,1
DA:400,26
DA:401,1
DA:411,26
DA:416,2
DA:429,26
DA:430,1
DA:447,26
DA:448,1
DA:465,26
DA:466,1
DA:471,26
LF:53
LH:53
BRDA:129,0,0,2
BRDA:132,1,0,1
BRDA:132,1,1,1
BRDA:414,2,0,2
BRDA:417,3,0,1
BRDA:417,3,1,1
BRF:6
BRH:6
end_of_record
TN:
SF:app\composables\useCouncilCodes.ts
FN:31,(anonymous_0)
FN:61,(anonymous_1)
FN:62,(anonymous_2)
FN:66,(anonymous_3)
FN:67,(anonymous_4)
FN:71,(anonymous_5)
FN:72,(anonymous_6)
FN:81,(anonymous_7)
FN:88,(anonymous_8)
FN:95,(anonymous_9)
FN:101,(anonymous_10)
FN:102,(anonymous_11)
FN:106,(anonymous_12)
FN:107,(anonymous_13)
FNF:14
FNH:14
FNDA:16,(anonymous_0)
FNDA:3,(anonymous_1)
FNDA:9,(anonymous_2)
FNDA:3,(anonymous_3)
FNDA:6,(anonymous_4)
FNDA:2,(anonymous_5)
FNDA:4,(anonymous_6)
FNDA:5,(anonymous_7)
FNDA:4,(anonymous_8)
FNDA:3,(anonymous_9)
FNDA:2,(anonymous_10)
FNDA:2,(anonymous_11)
FNDA:2,(anonymous_12)
FNDA:3,(anonymous_13)
DA:31,1
DA:32,16
DA:33,16
DA:38,16
DA:45,16
DA:52,16
DA:61,16
DA:62,9
DA:66,16
DA:67,6
DA:71,16
DA:72,4
DA:81,16
DA:82,5
DA:88,16
DA:89,4
DA:95,16
DA:96,3
DA:101,16
DA:102,2
DA:106,16
DA:107,3
DA:110,16
LF:23
LH:23
BRDA:62,0,0,3
BRDA:62,0,1,0
BRDA:67,1,0,3
BRDA:67,1,1,0
BRDA:72,2,0,2
BRDA:72,2,1,0
BRDA:82,3,0,3
BRDA:82,3,1,2
BRDA:82,4,0,3
BRDA:82,4,1,1
BRDA:89,5,0,3
BRDA:89,5,1,1
BRDA:89,6,0,3
BRDA:89,6,1,1
BRDA:96,7,0,2
BRDA:96,7,1,1
BRDA:96,8,0,2
BRDA:96,8,1,0
BRDA:102,9,0,2
BRDA:102,9,1,1
BRDA:107,10,0,2
BRDA:107,10,1,1
BRF:22
BRH:18
end_of_record
TN:
SF:app\composables\useCurrencyRates.ts
FN:32,(anonymous_0)
FN:54,(anonymous_1)
FN:57,(anonymous_2)
FN:67,(anonymous_3)
FN:81,(anonymous_4)
FNF:5
FNH:5
FNDA:11,(anonymous_0)
FNDA:8,(anonymous_1)
FNDA:9,(anonymous_2)
FNDA:2,(anonymous_3)
FNDA:5,(anonymous_4)
DA:32,1
DA:34,11
DA:35,11
DA:42,11
DA:54,11
DA:55,8
DA:56,8
DA:57,7
DA:58,9
DA:59,8
DA:63,8
DA:67,11
DA:81,11
DA:82,5
DA:83,5
DA:86,11
LF:16
LH:16
BRDA:35,0,0,11
BRDA:35,0,1,0
BRDA:56,1,0,7
BRDA:56,1,1,1
BRDA:56,2,0,8
BRDA:56,2,1,7
BRDA:58,3,0,8
BRDA:58,3,1,1
BRDA:58,4,0,9
BRDA:58,4,1,8
BRDA:67,5,0,2
BRDA:67,5,1,1
BRDA:81,6,0,5
BRDA:82,7,0,5
BRDA:82,7,1,1
BRF:15
BRH:14
end_of_record
TN:
SF:app\composables\useDateRangeValidation.ts
FN:41,isValidDateText
FN:55,useDateRangeValidation
FN:67,(anonymous_2)
FN:81,(anonymous_3)
FN:104,(anonymous_4)
FN:122,(anonymous_5)
FN:131,(anonymous_6)
FN:147,(anonymous_7)
FN:160,(anonymous_8)
FN:173,(anonymous_9)
FN:181,(anonymous_10)
FN:193,(anonymous_11)
FN:201,(anonymous_12)
FN:203,(anonymous_13)
FNF:14
FNH:14
FNDA:15,isValidDateText
FNDA:32,useDateRangeValidation
FNDA:6,(anonymous_2)
FNDA:11,(anonymous_3)
FNDA:6,(anonymous_4)
FNDA:4,(anonymous_5)
FNDA:2,(anonymous_6)
FNDA:3,(anonymous_7)
FNDA:5,(anonymous_8)
FNDA:5,(anonymous_9)
FNDA:8,(anonymous_10)
FNDA:4,(anonymous_11)
FNDA:3,(anonymous_12)
FNDA:1,(anonymous_13)
DA:34,1
DA:42,15
DA:44,8
DA:45,8
DA:59,32
DA:60,32
DA:67,32
DA:68,6
DA:69,1
DA:70,1
DA:72,5
DA:81,32
DA:82,11
DA:83,1
DA:84,1
DA:86,10
DA:87,3
DA:88,3
DA:92,7
DA:93,4
DA:94,4
DA:95,4
DA:96,4
DA:97,4
DA:99,3
DA:104,32
DA:105,6
DA:106,5
DA:107,5
DA:108,5
DA:109,5
DA:110,5
DA:111,2
DA:112,3
DA:114,2
DA:122,32
DA:123,4
DA:125,4
DA:127,4
DA:131,32
DA:132,2
DA:134,2
DA:147,32
DA:148,3
DA:149,3
DA:150,1
DA:151,2
DA:152,1
DA:160,32
DA:161,5
DA:162,5
DA:163,1
DA:164,4
DA:165,3
DA:173,32
DA:174,5
DA:181,32
DA:182,8
DA:193,32
DA:195,32
DA:201,3
DA:203,1
LF:62
LH:62
BRDA:42,0,0,7
BRDA:42,0,1,8
BRDA:45,1,0,8
BRDA:45,1,1,8
BRDA:68,2,0,1
BRDA:68,2,1,5
BRDA:72,3,0,1
BRDA:72,3,1,4
BRDA:82,4,0,1
BRDA:82,4,1,10
BRDA:86,5,0,3
BRDA:86,5,1,7
BRDA:92,6,0,4
BRDA:92,6,1,3
BRDA:97,7,0,2
BRDA:97,7,1,2
BRDA:105,8,0,1
BRDA:105,8,1,5
BRDA:105,9,0,6
BRDA:105,9,1,6
BRDA:110,10,0,2
BRDA:110,10,1,3
BRDA:112,11,0,2
BRDA:112,11,1,1
BRDA:123,12,0,4
BRDA:123,12,1,0
BRDA:132,13,0,2
BRDA:132,13,1,0
BRDA:148,14,0,3
BRDA:148,14,1,0
BRDA:149,15,0,1
BRDA:149,15,1,2
BRDA:151,16,0,1
BRDA:151,16,1,1
BRDA:161,17,0,5
BRDA:161,17,1,0
BRDA:162,18,0,1
BRDA:162,18,1,4
BRDA:164,19,0,3
BRDA:164,19,1,1
BRDA:174,20,0,5
BRDA:174,20,1,0
BRDA:182,21,0,8
BRDA:182,21,1,0
BRDA:193,22,0,4
BRDA:193,22,1,3
BRF:46
BRH:40
end_of_record
TN:
SF:app\composables\useDocumentDashboard.ts
FN:90,(anonymous_0)
FN:100,(anonymous_1)
FN:119,(anonymous_2)
FN:128,(anonymous_3)
FN:132,(anonymous_4)
FNF:5
FNH:5
FNDA:5,(anonymous_0)
FNDA:3,(anonymous_1)
FNDA:5,(anonymous_2)
FNDA:1,(anonymous_3)
FNDA:3,(anonymous_4)
DA:90,1
DA:92,5
DA:93,5
DA:94,5
DA:98,5
DA:100,3
DA:103,5
DA:119,1
DA:121,5
DA:122,5
DA:123,5
DA:126,5
DA:128,1
DA:132,5
DA:134,5
LF:15
LH:15
BRDA:132,0,0,3
BRDA:132,0,1,1
BRF:2
BRH:2
end_of_record
TN:
SF:app\composables\useDocuments.ts
FN:60,(anonymous_0)
FN:72,(anonymous_1)
FN:81,(anonymous_2)
FN:85,(anonymous_3)
FN:100,(anonymous_4)
FN:110,(anonymous_5)
FN:120,(anonymous_6)
FN:132,(anonymous_7)
FN:144,(anonymous_8)
FNF:9
FNH:9
FNDA:10,(anonymous_0)
FNDA:1,(anonymous_1)
FNDA:3,(anonymous_2)
FNDA:3,(anonymous_3)
FNDA:1,(anonymous_4)
FNDA:1,(anonymous_5)
FNDA:1,(anonymous_6)
FNDA:1,(anonymous_7)
FNDA:2,(anonymous_8)
DA:60,1
DA:62,10
DA:63,10
DA:66,10
DA:72,10
DA:73,1
DA:81,10
DA:83,3
DA:85,3
DA:86,3
DA:87,3
DA:89,3
DA:100,10
DA:102,1
DA:110,10
DA:111,1
DA:120,10
DA:121,1
DA:132,10
DA:133,1
DA:144,10
DA:146,2
DA:147,2
DA:153,10
LF:24
LH:24
BRDA:83,0,0,1
BRDA:83,0,1,2
BRDA:87,1,0,2
BRDA:87,1,1,1
BRDA:146,2,0,1
BRDA:146,2,1,1
BRDA:149,3,0,2
BRDA:149,3,1,1
BRF:8
BRH:8
end_of_record
TN:
SF:app\composables\useEmployeeSearch.ts
FN:40,(anonymous_0)
FN:52,(anonymous_1)
FN:54,(anonymous_2)
FN:63,(anonymous_3)
FN:75,(anonymous_4)
FNF:5
FNH:5
FNDA:8,(anonymous_0)
FNDA:3,(anonymous_1)
FNDA:3,(anonymous_2)
FNDA:1,(anonymous_3)
FNDA:2,(anonymous_4)
DA:40,1
DA:41,8
DA:42,8
DA:43,8
DA:45,8
DA:46,8
DA:47,8
DA:49,8
DA:52,8
DA:53,3
DA:54,3
DA:55,3
DA:56,3
DA:57,2
DA:58,2
DA:59,2
DA:60,3
DA:63,1
DA:68,1
DA:69,1
DA:75,8
DA:76,2
DA:77,2
DA:80,8
LF:24
LH:24
BRDA:53,0,0,0
BRDA:53,0,1,3
BRDA:56,1,0,1
BRDA:56,1,1,2
BRDA:59,2,0,2
BRDA:59,2,1,0
BRDA:61,3,0,2
BRDA:61,3,1,0
BRDA:63,4,0,1
BRDA:63,4,1,0
BRDA:65,5,0,1
BRDA:65,5,1,0
BRDA:65,6,0,1
BRDA:65,6,1,0
BRDA:65,6,2,0
BRF:15
BRH:8
end_of_record
TN:
SF:app\composables\useExcalidrawAttachment.ts
FN:33,(anonymous_0)
FN:64,(anonymous_1)
FN:79,(anonymous_2)
FN:84,(anonymous_3)
FN:94,(anonymous_4)
FN:99,(anonymous_5)
FN:115,(anonymous_6)
FN:135,(anonymous_7)
FN:141,(anonymous_8)
FN:150,(anonymous_9)
FN:170,(anonymous_10)
FN:191,(anonymous_11)
FN:193,(anonymous_12)
FN:198,(anonymous_13)
FN:200,(anonymous_14)
FN:201,(anonymous_15)
FN:214,(anonymous_16)
FN:217,(anonymous_17)
FNF:18
FNH:4
FNDA:2,(anonymous_0)
FNDA:1,(anonymous_1)
FNDA:2,(anonymous_2)
FNDA:2,(anonymous_3)
FNDA:0,(anonymous_4)
FNDA:0,(anonymous_5)
FNDA:0,(anonymous_6)
FNDA:0,(anonymous_7)
FNDA:0,(anonymous_8)
FNDA:0,(anonymous_9)
FNDA:0,(anonymous_10)
FNDA:0,(anonymous_11)
FNDA:0,(anonymous_12)
FNDA:0,(anonymous_13)
FNDA:0,(anonymous_14)
FNDA:0,(anonymous_15)
FNDA:0,(anonymous_16)
FNDA:0,(anonymous_17)
DA:33,1
DA:37,2
DA:42,2
DA:44,2
DA:45,1
DA:46,2
DA:47,2
DA:52,2
DA:53,2
DA:58,2
DA:64,1
DA:65,1
DA:66,1
DA:67,1
DA:68,0
DA:70,1
DA:71,1
DA:72,1
DA:73,70
DA:75,1
DA:79,1
DA:80,2
DA:84,1
DA:85,2
DA:89,1
DA:94,1
DA:95,0
DA:96,0
DA:97,0
DA:99,0
DA:100,0
DA:101,0
DA:102,0
DA:103,0
DA:104,0
DA:105,0
DA:106,0
DA:108,0
DA:112,0
DA:115,0
DA:116,0
DA:117,0
DA:118,0
DA:119,0
DA:120,0
DA:121,0
DA:122,0
DA:124,0
DA:128,0
DA:135,0
DA:136,0
DA:137,0
DA:140,0
DA:141,0
DA:143,0
DA:146,0
DA:150,0
DA:151,0
DA:152,0
DA:157,0
DA:158,0
DA:159,0
DA:161,0
DA:163,0
DA:170,0
DA:172,0
DA:175,0
DA:180,0
DA:181,0
DA:186,0
DA:190,0
DA:191,0
DA:192,0
DA:194,0
DA:195,0
DA:198,0
DA:199,0
DA:200,0
DA:201,0
DA:202,0
DA:204,0
DA:205,0
DA:210,0
DA:214,0
DA:217,0
DA:218,0
DA:221,0
LF:87
LH:25
BRDA:44,0,0,1
BRDA:44,0,1,1
BRDA:46,1,0,2
BRDA:46,1,1,0
BRDA:50,2,0,2
BRDA:50,2,1,0
BRDA:67,3,0,0
BRDA:67,3,1,1
BRDA:85,4,0,2
BRDA:85,4,1,0
BRDA:100,5,0,0
BRDA:100,5,1,0
BRDA:151,6,0,0
BRDA:151,6,1,0
BRDA:190,7,0,0
BRDA:190,7,1,0
BRF:16
BRH:6
end_of_record
TN:
SF:app\composables\useExcalidrawDialog.ts
FN:43,(anonymous_0)
FN:49,(anonymous_1)
FN:59,(anonymous_2)
FN:69,(anonymous_3)
FN:76,(anonymous_4)
FN:78,(anonymous_5)
FNF:6
FNH:6
FNDA:20,(anonymous_0)
FNDA:8,(anonymous_1)
FNDA:15,(anonymous_2)
FNDA:3,(anonymous_3)
FNDA:4,(anonymous_4)
FNDA:4,(anonymous_5)
DA:31,1
DA:43,1
DA:49,20
DA:53,8
DA:54,8
DA:55,8
DA:59,20
DA:60,15
DA:61,15
DA:62,15
DA:69,20
DA:70,3
DA:71,3
DA:74,20
DA:76,4
DA:78,4
LF:16
LH:16
BRF:0
BRH:0
end_of_record
TN:
SF:app\composables\useFiles.ts
FN:49,(anonymous_0)
FN:63,(anonymous_1)
FN:78,(anonymous_2)
FN:103,(anonymous_3)
FN:111,(anonymous_4)
FN:128,(anonymous_5)
FN:142,(anonymous_6)
FN:160,(anonymous_7)
FN:177,(anonymous_8)
FNF:9
FNH:9
FNDA:13,(anonymous_0)
FNDA:1,(anonymous_1)
FNDA:2,(anonymous_2)
FNDA:1,(anonymous_3)
FNDA:2,(anonymous_4)
FNDA:2,(anonymous_5)
FNDA:1,(anonymous_6)
FNDA:3,(anonymous_7)
FNDA:3,(anonymous_8)
DA:49,1
DA:51,13
DA:52,13
DA:55,13
DA:63,13
DA:64,1
DA:78,13
DA:84,2
DA:85,2
DA:86,2
DA:87,2
DA:88,2
DA:90,2
DA:103,13
DA:109,1
DA:111,2
DA:112,1
DA:113,1
DA:114,1
DA:116,1
DA:128,13
DA:132,2
DA:142,13
DA:143,1
DA:160,13
DA:161,3
DA:162,1
DA:165,2
DA:166,1
DA:168,1
DA:177,13
DA:178,3
DA:179,1
DA:181,2
DA:182,1
DA:184,1
DA:187,13
LF:37
LH:37
BRDA:161,0,0,1
BRDA:161,0,1,2
BRDA:165,1,0,1
BRDA:165,1,1,1
BRDA:178,2,0,1
BRDA:178,2,1,2
BRDA:181,3,0,1
BRDA:181,3,1,1
BRF:8
BRH:8
end_of_record
TN:
SF:app\composables\useGlobalSearch.ts
FN:35,(anonymous_0)
FN:46,(anonymous_1)
FN:60,(anonymous_2)
FN:77,(anonymous_3)
FN:79,(anonymous_4)
FN:91,(anonymous_5)
FN:93,(anonymous_6)
FN:107,(anonymous_7)
FNF:8
FNH:8
FNDA:11,(anonymous_0)
FNDA:10,(anonymous_1)
FNDA:13,(anonymous_2)
FNDA:18,(anonymous_3)
FNDA:9,(anonymous_4)
FNDA:16,(anonymous_5)
FNDA:6,(anonymous_6)
FNDA:1,(anonymous_7)
DA:35,1
DA:36,11
DA:37,11
DA:39,11
DA:42,11
DA:43,11
DA:46,11
DA:47,10
DA:55,9
DA:56,10
DA:60,11
DA:61,13
DA:62,13
DA:65,11
DA:66,10
DA:67,10
DA:69,1
DA:70,1
DA:71,1
DA:76,10
DA:77,18
DA:79,9
DA:90,13
DA:91,16
DA:93,6
DA:103,13
DA:107,11
DA:108,1
DA:109,1
DA:112,11
LF:30
LH:30
BRDA:48,0,0,0
BRDA:48,0,1,10
BRDA:51,1,0,0
BRDA:51,1,1,10
BRDA:55,2,0,9
BRDA:55,2,1,0
BRDA:56,3,0,10
BRDA:56,3,1,0
BRDA:62,4,0,2
BRDA:62,4,1,11
BRDA:65,5,0,10
BRDA:65,5,1,1
BRDA:65,6,0,11
BRDA:65,6,1,1
BRDA:76,7,0,10
BRDA:76,7,1,0
BRDA:84,8,0,9
BRDA:84,8,1,1
BRDA:84,8,2,0
BRDA:85,9,0,9
BRDA:85,9,1,2
BRDA:86,10,0,9
BRDA:86,10,1,1
BRDA:90,11,0,13
BRDA:90,11,1,0
BRDA:98,12,0,6
BRDA:98,12,1,0
BRDA:99,13,0,6
BRDA:99,13,1,0
BRDA:100,14,0,6
BRDA:100,14,1,0
BRF:31
BRH:21
end_of_record
TN:
SF:app\composables\useGuideDocuments.ts
FN:43,(anonymous_0)
FN:55,(anonymous_1)
FN:63,(anonymous_2)
FN:72,(anonymous_3)
FN:88,(anonymous_4)
FN:101,(anonymous_5)
FNF:6
FNH:6
FNDA:5,(anonymous_0)
FNDA:1,(anonymous_1)
FNDA:1,(anonymous_2)
FNDA:1,(anonymous_3)
FNDA:1,(anonymous_4)
FNDA:1,(anonymous_5)
DA:43,1
DA:45,5
DA:46,5
DA:49,5
DA:55,5
DA:56,1
DA:63,5
DA:64,1
DA:72,5
DA:76,1
DA:88,5
DA:91,1
DA:101,5
DA:104,1
DA:109,5
LF:15
LH:15
BRF:0
BRH:0
end_of_record
TN:
SF:app\composables\useHwpxExport.ts
FN:27,(anonymous_0)
FN:49,(anonymous_1)
FN:134,(anonymous_2)
FN:165,(anonymous_3)
FNF:4
FNH:2
FNDA:18,(anonymous_0)
FNDA:16,(anonymous_1)
FNDA:0,(anonymous_2)
FNDA:0,(anonymous_3)
DA:27,1
DA:29,18
DA:34,18
DA:35,18
DA:36,18
DA:39,18
DA:49,18
DA:55,16
DA:57,16
DA:59,3
DA:65,3
DA:68,13
DA:69,13
DA:72,13
DA:73,3
DA:74,3
DA:75,2
DA:82,13
DA:89,16
DA:90,16
DA:91,13
DA:92,13
DA:93,13
DA:96,13
DA:97,0
DA:98,0
DA:99,0
DA:101,0
DA:103,0
DA:105,0
DA:106,0
DA:116,0
DA:117,0
DA:118,0
DA:119,0
DA:120,0
DA:121,0
DA:124,0
DA:125,0
DA:128,13
DA:129,13
DA:134,13
DA:135,0
DA:137,0
DA:140,0
DA:142,0
DA:146,13
DA:153,11
DA:156,16
DA:157,16
DA:158,16
DA:159,16
DA:160,16
DA:161,16
DA:162,16
DA:165,16
DA:170,2
DA:171,2
DA:178,13
DA:182,18
LF:60
LH:41
BRDA:55,0,0,0
BRDA:55,0,1,16
BRDA:57,1,0,3
BRDA:57,1,1,13
BRDA:72,2,0,3
BRDA:72,2,1,10
BRDA:75,3,0,1
BRDA:75,3,1,1
BRDA:82,4,0,13
BRDA:82,4,1,1
BRDA:90,5,0,13
BRDA:90,5,1,3
BRDA:98,6,0,0
BRDA:98,6,1,0
BRDA:107,7,0,0
BRDA:107,7,1,0
BRDA:109,8,0,0
BRDA:109,8,1,0
BRDA:113,9,0,0
BRDA:113,9,1,0
BRDA:129,10,0,13
BRDA:129,10,1,0
BRDA:140,11,0,0
BRDA:140,11,1,0
BRDA:153,12,0,1
BRDA:153,12,1,10
BRDA:174,13,0,2
BRDA:174,13,1,0
BRF:28
BRH:15
end_of_record
TN:
SF:app\composables\useOrganization.ts
FN:56,(anonymous_0)
FN:70,(anonymous_1)
FN:90,(anonymous_2)
FN:116,(anonymous_3)
FN:123,(anonymous_4)
FN:133,(anonymous_5)
FNF:6
FNH:6
FNDA:9,(anonymous_0)
FNDA:1,(anonymous_1)
FNDA:2,(anonymous_2)
FNDA:6,(anonymous_3)
FNDA:8,(anonymous_4)
FNDA:8,(anonymous_5)
DA:56,1
DA:58,9
DA:59,9
DA:70,9
DA:71,1
DA:90,9
DA:91,2
DA:116,9
DA:118,6
DA:120,6
DA:123,6
DA:124,8
DA:133,6
DA:134,8
DA:135,8
DA:137,2
DA:138,2
DA:141,6
DA:145,6
DA:148,9
LF:20
LH:20
BRDA:135,0,0,2
BRDA:135,0,1,6
BRDA:135,1,0,8
BRDA:135,1,1,3
BRF:4
BRH:4
end_of_record
TN:
SF:app\composables\usePdfReport.ts
FN:48,(anonymous_0)
FN:86,(anonymous_1)
FN:103,(anonymous_2)
FN:141,(anonymous_3)
FN:196,(anonymous_4)
FN:274,(anonymous_5)
FN:295,(anonymous_6)
FN:305,(anonymous_7)
FN:332,(anonymous_8)
FN:348,(anonymous_9)
FN:365,(anonymous_10)
FN:409,(anonymous_11)
FN:410,(anonymous_12)
FN:415,(anonymous_13)
FN:417,(anonymous_14)
FN:424,(anonymous_15)
FN:447,(anonymous_16)
FN:448,(anonymous_17)
FN:449,(anonymous_18)
FN:450,(anonymous_19)
FN:451,(anonymous_20)
FN:452,(anonymous_21)
FN:453,(anonymous_22)
FN:454,(anonymous_23)
FN:458,(anonymous_24)
FN:459,(anonymous_25)
FN:460,(anonymous_26)
FN:461,(anonymous_27)
FN:462,(anonymous_28)
FN:463,(anonymous_29)
FN:464,(anonymous_30)
FN:465,(anonymous_31)
FN:474,(anonymous_32)
FN:476,(anonymous_33)
FN:479,(anonymous_34)
FN:480,(anonymous_35)
FN:481,(anonymous_36)
FN:484,(anonymous_37)
FN:485,(anonymous_38)
FN:486,(anonymous_39)
FN:489,(anonymous_40)
FN:490,(anonymous_41)
FN:491,(anonymous_42)
FN:500,(anonymous_43)
FN:598,(anonymous_44)
FN:616,(anonymous_45)
FN:634,(anonymous_46)
FN:671,(anonymous_47)
FN:672,(anonymous_48)
FN:673,(anonymous_49)
FN:674,(anonymous_50)
FN:675,(anonymous_51)
FN:676,(anonymous_52)
FN:677,(anonymous_53)
FN:678,(anonymous_54)
FN:681,(anonymous_55)
FN:849,(anonymous_56)
FNF:57
FNH:0
FNDA:0,(anonymous_0)
FNDA:0,(anonymous_1)
FNDA:0,(anonymous_2)
FNDA:0,(anonymous_3)
FNDA:0,(anonymous_4)
FNDA:0,(anonymous_5)
FNDA:0,(anonymous_6)
FNDA:0,(anonymous_7)
FNDA:0,(anonymous_8)
FNDA:0,(anonymous_9)
FNDA:0,(anonymous_10)
FNDA:0,(anonymous_11)
FNDA:0,(anonymous_12)
FNDA:0,(anonymous_13)
FNDA:0,(anonymous_14)
FNDA:0,(anonymous_15)
FNDA:0,(anonymous_16)
FNDA:0,(anonymous_17)
FNDA:0,(anonymous_18)
FNDA:0,(anonymous_19)
FNDA:0,(anonymous_20)
FNDA:0,(anonymous_21)
FNDA:0,(anonymous_22)
FNDA:0,(anonymous_23)
FNDA:0,(anonymous_24)
FNDA:0,(anonymous_25)
FNDA:0,(anonymous_26)
FNDA:0,(anonymous_27)
FNDA:0,(anonymous_28)
FNDA:0,(anonymous_29)
FNDA:0,(anonymous_30)
FNDA:0,(anonymous_31)
FNDA:0,(anonymous_32)
FNDA:0,(anonymous_33)
FNDA:0,(anonymous_34)
FNDA:0,(anonymous_35)
FNDA:0,(anonymous_36)
FNDA:0,(anonymous_37)
FNDA:0,(anonymous_38)
FNDA:0,(anonymous_39)
FNDA:0,(anonymous_40)
FNDA:0,(anonymous_41)
FNDA:0,(anonymous_42)
FNDA:0,(anonymous_43)
FNDA:0,(anonymous_44)
FNDA:0,(anonymous_45)
FNDA:0,(anonymous_46)
FNDA:0,(anonymous_47)
FNDA:0,(anonymous_48)
FNDA:0,(anonymous_49)
FNDA:0,(anonymous_50)
FNDA:0,(anonymous_51)
FNDA:0,(anonymous_52)
FNDA:0,(anonymous_53)
FNDA:0,(anonymous_54)
FNDA:0,(anonymous_55)
FNDA:0,(anonymous_56)
DA:40,0
DA:42,0
DA:48,0
DA:50,0
DA:55,0
DA:57,0
DA:60,0
DA:86,0
DA:89,0
DA:103,0
DA:104,0
DA:105,0
DA:106,0
DA:107,0
DA:110,0
DA:111,0
DA:114,0
DA:116,0
DA:123,0
DA:124,0
DA:125,0
DA:128,0
DA:141,0
DA:142,0
DA:143,0
DA:144,0
DA:145,0
DA:146,0
DA:148,0
DA:152,0
DA:153,0
DA:154,0
DA:158,0
DA:166,0
DA:173,0
DA:176,0
DA:177,0
DA:196,0
DA:201,0
DA:203,0
DA:204,0
DA:207,0
DA:210,0
DA:211,0
DA:214,0
DA:230,0
DA:275,0
DA:295,0
DA:305,0
DA:306,0
DA:307,0
DA:309,0
DA:311,0
DA:313,0
DA:315,0
DA:316,0
DA:317,0
DA:332,0
DA:333,0
DA:334,0
DA:335,0
DA:337,0
DA:339,0
DA:340,0
DA:348,0
DA:349,0
DA:350,0
DA:351,0
DA:365,0
DA:409,0
DA:410,0
DA:415,0
DA:417,0
DA:424,0
DA:446,0
DA:447,0
DA:448,0
DA:449,0
DA:450,0
DA:451,0
DA:452,0
DA:453,0
DA:454,0
DA:457,0
DA:458,0
DA:459,0
DA:460,0
DA:461,0
DA:462,0
DA:463,0
DA:464,0
DA:465,0
DA:474,0
DA:476,0
DA:479,0
DA:480,0
DA:481,0
DA:484,0
DA:485,0
DA:486,0
DA:489,0
DA:490,0
DA:491,0
DA:494,0
DA:495,0
DA:496,0
DA:497,0
DA:500,0
DA:507,0
DA:510,0
DA:528,0
DA:579,0
DA:588,0
DA:590,0
DA:593,0
DA:594,0
DA:598,0
DA:599,0
DA:600,0
DA:611,0
DA:612,0
DA:616,0
DA:617,0
DA:618,0
DA:629,0
DA:630,0
DA:634,0
DA:635,0
DA:636,0
DA:646,0
DA:668,0
DA:670,0
DA:671,0
DA:672,0
DA:673,0
DA:674,0
DA:675,0
DA:676,0
DA:677,0
DA:678,0
DA:681,0
DA:683,0
DA:686,0
DA:689,0
DA:692,0
DA:693,0
DA:710,0
DA:712,0
DA:713,0
DA:749,0
DA:848,0
DA:849,0
DA:852,0
DA:855,0
DA:858,0
DA:876,0
DA:942,0
DA:944,0
DA:946,0
DA:954,0
DA:955,0
DA:956,0
DA:958,0
DA:959,0
DA:963,0
LF:165
LH:0
BRDA:50,0,0,0
BRDA:50,0,1,0
BRDA:50,1,0,0
BRDA:50,1,1,0
BRDA:55,2,0,0
BRDA:55,2,1,0
BRDA:55,2,2,0
BRDA:110,3,0,0
BRDA:110,3,1,0
BRDA:110,4,0,0
BRDA:110,4,1,0
BRDA:110,4,2,0
BRDA:123,5,0,0
BRDA:123,5,1,0
BRDA:124,6,0,0
BRDA:124,6,1,0
BRDA:125,7,0,0
BRDA:125,7,1,0
BRDA:199,8,0,0
BRDA:203,9,0,0
BRDA:203,9,1,0
BRDA:204,10,0,0
BRDA:204,10,1,0
BRDA:295,11,0,0
BRDA:295,11,1,0
BRDA:306,12,0,0
BRDA:306,12,1,0
BRDA:333,13,0,0
BRDA:333,13,1,0
BRDA:335,14,0,0
BRDA:335,14,1,0
BRDA:350,15,0,0
BRDA:350,15,1,0
BRDA:354,16,0,0
BRDA:354,16,1,0
BRDA:387,17,0,0
BRDA:387,17,1,0
BRDA:387,18,0,0
BRDA:387,18,1,0
BRDA:388,19,0,0
BRDA:388,19,1,0
BRDA:394,20,0,0
BRDA:394,20,1,0
BRDA:394,21,0,0
BRDA:394,21,1,0
BRDA:395,22,0,0
BRDA:395,22,1,0
BRDA:415,23,0,0
BRDA:415,23,1,0
BRDA:417,24,0,0
BRDA:417,24,1,0
BRDA:479,25,0,0
BRDA:479,25,1,0
BRDA:480,26,0,0
BRDA:480,26,1,0
BRDA:481,27,0,0
BRDA:481,27,1,0
BRDA:484,28,0,0
BRDA:484,28,1,0
BRDA:485,29,0,0
BRDA:485,29,1,0
BRDA:486,30,0,0
BRDA:486,30,1,0
BRDA:489,31,0,0
BRDA:489,31,1,0
BRDA:490,32,0,0
BRDA:490,32,1,0
BRDA:491,33,0,0
BRDA:491,33,1,0
BRDA:491,34,0,0
BRDA:491,34,1,0
BRDA:541,35,0,0
BRDA:541,35,1,0
BRDA:549,36,0,0
BRDA:549,36,1,0
BRDA:557,37,0,0
BRDA:557,37,1,0
BRDA:593,38,0,0
BRDA:593,38,1,0
BRDA:603,39,0,0
BRDA:603,39,1,0
BRDA:604,40,0,0
BRDA:604,40,1,0
BRDA:605,41,0,0
BRDA:605,41,1,0
BRDA:611,42,0,0
BRDA:611,42,1,0
BRDA:621,43,0,0
BRDA:621,43,1,0
BRDA:622,44,0,0
BRDA:622,44,1,0
BRDA:623,45,0,0
BRDA:623,45,1,0
BRDA:629,46,0,0
BRDA:629,46,1,0
BRDA:639,47,0,0
BRDA:639,47,1,0
BRDA:640,48,0,0
BRDA:640,48,1,0
BRDA:641,49,0,0
BRDA:641,49,1,0
BRDA:641,50,0,0
BRDA:641,50,1,0
BRDA:668,51,0,0
BRDA:668,51,1,0
BRDA:692,52,0,0
BRDA:692,52,1,0
BRDA:701,53,0,0
BRDA:701,53,1,0
BRDA:710,54,0,0
BRDA:710,54,1,0
BRDA:729,55,0,0
BRDA:729,55,1,0
BRDA:769,56,0,0
BRDA:769,56,1,0
BRDA:834,57,0,0
BRDA:834,57,1,0
BRDA:848,58,0,0
BRDA:848,58,1,0
BRDA:899,59,0,0
BRDA:899,59,1,0
BRDA:901,60,0,0
BRDA:901,60,1,0
BRDA:911,61,0,0
BRDA:911,61,1,0
BRDA:916,62,0,0
BRDA:916,62,1,0
BRF:127
BRH:0
end_of_record
TN:
SF:app\composables\usePendingApprovalCount.ts
FN:46,(anonymous_0)
FNF:1
FNH:1
FNDA:2,(anonymous_0)
DA:46,1
DA:48,2
DA:49,2
DA:52,2
LF:4
LH:4
BRF:0
BRH:0
end_of_record
TN:
SF:app\composables\usePlan.ts
FN:88,(anonymous_0)
FN:105,(anonymous_1)
FN:119,(anonymous_2)
FN:133,(anonymous_3)
FN:150,(anonymous_4)
FNF:5
FNH:5
FNDA:4,(anonymous_0)
FNDA:1,(anonymous_1)
FNDA:1,(anonymous_2)
FNDA:1,(anonymous_3)
FNDA:1,(anonymous_4)
DA:88,1
DA:90,4
DA:91,4
DA:94,4
DA:105,4
DA:106,1
DA:119,4
DA:120,1
DA:133,4
DA:134,1
DA:150,4
DA:151,1
DA:156,4
LF:13
LH:13
BRF:0
BRH:0
end_of_record
TN:
SF:app\composables\useProjectOptions.ts
FN:22,(anonymous_0)
FNF:1
FNH:1
FNDA:6,(anonymous_0)
DA:22,1
DA:23,6
DA:25,6
DA:27,6
DA:28,6
LF:5
LH:5
BRF:0
BRH:0
end_of_record
TN:
SF:app\composables\useProjects.ts
FN:114,(anonymous_0)
FN:133,(anonymous_1)
FN:147,(anonymous_2)
FN:163,(anonymous_3)
FN:183,(anonymous_4)
FN:201,(anonymous_5)
FN:218,(anonymous_6)
FN:231,(anonymous_7)
FN:243,(anonymous_8)
FNF:9
FNH:9
FNDA:12,(anonymous_0)
FNDA:2,(anonymous_1)
FNDA:2,(anonymous_2)
FNDA:1,(anonymous_3)
FNDA:1,(anonymous_4)
FNDA:1,(anonymous_5)
FNDA:2,(anonymous_6)
FNDA:2,(anonymous_7)
FNDA:1,(anonymous_8)
DA:114,1
DA:116,12
DA:117,12
DA:120,12
DA:133,12
DA:134,2
DA:147,12
DA:148,2
DA:163,12
DA:164,1
DA:183,12
DA:184,1
DA:201,12
DA:202,1
DA:218,12
DA:219,2
DA:231,12
DA:232,2
DA:233,2
DA:243,12
DA:244,1
DA:247,12
LF:22
LH:22
BRDA:134,0,0,1
BRDA:134,0,1,1
BRDA:232,1,0,1
BRDA:232,1,1,1
BRF:4
BRH:4
end_of_record
TN:
SF:app\composables\useReview.ts
FN:35,(anonymous_0)
FN:48,(anonymous_1)
FN:57,(anonymous_2)
FN:75,(anonymous_3)
FN:104,(anonymous_4)
FN:128,(anonymous_5)
FN:139,(anonymous_6)
FN:141,(anonymous_7)
FN:157,(anonymous_8)
FN:167,(anonymous_9)
FN:177,(anonymous_10)
FNF:11
FNH:11
FNDA:17,(anonymous_0)
FNDA:2,(anonymous_1)
FNDA:2,(anonymous_2)
FNDA:2,(anonymous_3)
FNDA:1,(anonymous_4)
FNDA:1,(anonymous_5)
FNDA:3,(anonymous_6)
FNDA:3,(anonymous_7)
FNDA:1,(anonymous_8)
FNDA:2,(anonymous_9)
FNDA:2,(anonymous_10)
DA:35,1
DA:36,17
DA:38,17
DA:48,17
DA:49,2
DA:57,17
DA:58,2
DA:59,2
DA:75,17
DA:84,2
DA:104,17
DA:111,1
DA:128,17
DA:129,1
DA:139,17
DA:140,3
DA:141,3
DA:142,3
DA:157,17
DA:158,1
DA:167,17
DA:168,2
DA:177,17
DA:178,2
DA:181,17
LF:25
LH:25
BRDA:48,0,0,2
BRDA:92,1,0,2
BRDA:92,1,1,2
BRDA:117,2,0,1
BRDA:117,2,1,1
BRDA:145,3,0,3
BRDA:145,3,1,1
BRDA:145,4,0,3
BRDA:145,4,1,1
BRF:9
BRH:9
end_of_record
TN:
SF:app\composables\useReviewCommentApi.ts
FN:63,toReviewComment
FN:85,(anonymous_1)
FN:99,(anonymous_2)
FN:117,(anonymous_3)
FN:140,(anonymous_4)
FNF:5
FNH:5
FNDA:5,toReviewComment
FNDA:5,(anonymous_1)
FNDA:2,(anonymous_2)
FNDA:2,(anonymous_3)
FNDA:1,(anonymous_4)
DA:64,5
DA:85,1
DA:87,5
DA:89,5
DA:90,5
DA:99,5
DA:103,2
DA:107,2
DA:117,5
DA:127,2
DA:131,2
DA:140,5
DA:144,1
DA:150,5
LF:14
LH:14
BRDA:66,0,0,2
BRDA:66,0,1,3
BRDA:74,1,0,5
BRDA:74,1,1,3
BRDA:75,2,0,5
BRDA:75,2,1,3
BRF:6
BRH:6
end_of_record
TN:
SF:app\composables\useTableCellSelection.ts
FN:54,useTableCellSelection
FN:60,(anonymous_1)
FN:74,(anonymous_2)
FN:88,(anonymous_3)
FN:91,(anonymous_4)
FN:97,(anonymous_5)
FN:122,(anonymous_6)
FN:129,(anonymous_7)
FN:136,(anonymous_8)
FN:167,(anonymous_9)
FN:179,(anonymous_10)
FN:186,(anonymous_11)
FN:199,(anonymous_12)
FN:206,(anonymous_13)
FN:216,(anonymous_14)
FN:219,(anonymous_15)
FN:228,(anonymous_16)
FN:234,(anonymous_17)
FN:241,(anonymous_18)
FN:250,(anonymous_19)
FN:257,(anonymous_20)
FN:260,(anonymous_21)
FN:271,(anonymous_22)
FN:279,(anonymous_23)
FNF:24
FNH:24
FNDA:29,useTableCellSelection
FNDA:32,(anonymous_1)
FNDA:22,(anonymous_2)
FNDA:27,(anonymous_3)
FNDA:9,(anonymous_4)
FNDA:21,(anonymous_5)
FNDA:4,(anonymous_6)
FNDA:19,(anonymous_7)
FNDA:24,(anonymous_8)
FNDA:2,(anonymous_9)
FNDA:2,(anonymous_10)
FNDA:26,(anonymous_11)
FNDA:3,(anonymous_12)
FNDA:6,(anonymous_13)
FNDA:12,(anonymous_14)
FNDA:36,(anonymous_15)
FNDA:4,(anonymous_16)
FNDA:6,(anonymous_17)
FNDA:29,(anonymous_18)
FNDA:57,(anonymous_19)
FNDA:29,(anonymous_20)
FNDA:29,(anonymous_21)
FNDA:1,(anonymous_22)
FNDA:29,(anonymous_23)
DA:47,1
DA:60,32
DA:63,29
DA:65,29
DA:67,29
DA:69,29
DA:71,29
DA:74,29
DA:75,22
DA:76,22
DA:77,22
DA:78,22
DA:79,22
DA:80,22
DA:81,22
DA:82,22
DA:83,22
DA:84,22
DA:88,29
DA:89,27
DA:90,27
DA:91,26
DA:92,9
DA:97,29
DA:98,21
DA:99,21
DA:100,21
DA:101,21
DA:102,21
DA:103,21
DA:104,21
DA:105,21
DA:106,21
DA:107,21
DA:108,25
DA:109,25
DA:110,25
DA:111,35
DA:112,35
DA:113,35
DA:116,21
DA:117,21
DA:118,21
DA:122,29
DA:123,4
DA:124,4
DA:125,4
DA:129,29
DA:130,19
DA:131,2
DA:136,29
DA:137,24
DA:138,23
DA:139,22
DA:140,22
DA:141,22
DA:142,22
DA:143,21
DA:144,21
DA:146,21
DA:147,2
DA:148,2
DA:149,2
DA:150,2
DA:153,19
DA:154,1
DA:155,1
DA:156,1
DA:158,18
DA:159,18
DA:160,18
DA:161,18
DA:162,18
DA:163,18
DA:167,29
DA:168,2
DA:169,2
DA:170,1
DA:171,1
DA:172,1
DA:173,1
DA:174,1
DA:175,1
DA:179,29
DA:180,2
DA:181,1
DA:182,1
DA:186,29
DA:187,26
DA:188,26
DA:190,26
DA:191,21
DA:192,21
DA:194,21
DA:195,1
DA:199,29
DA:200,3
DA:201,2
DA:202,1
DA:206,29
DA:207,6
DA:208,5
DA:209,5
DA:211,5
DA:212,5
DA:213,4
DA:214,4
DA:215,4
DA:216,4
DA:217,12
DA:218,12
DA:219,12
DA:220,36
DA:221,6
DA:222,6
DA:225,12
DA:227,4
DA:228,4
DA:229,3
DA:230,6
DA:234,29
DA:235,6
DA:236,6
DA:237,5
DA:241,29
DA:242,29
DA:243,28
DA:244,28
DA:245,28
DA:246,28
DA:250,29
DA:251,57
DA:252,28
DA:253,28
DA:254,28
DA:257,29
DA:258,29
DA:260,29
DA:263,29
DA:264,29
DA:265,29
DA:266,29
DA:270,29
DA:271,3
DA:272,1
DA:273,1
DA:274,1
DA:275,1
DA:279,29
DA:280,29
DA:281,29
DA:282,29
DA:283,29
DA:284,29
DA:285,29
DA:286,29
DA:289,29
LF:157
LH:157
BRDA:60,0,0,32
BRDA:60,0,1,3
BRDA:76,1,0,0
BRDA:76,1,1,22
BRDA:76,2,0,22
BRDA:76,2,1,22
BRDA:78,3,0,0
BRDA:78,3,1,22
BRDA:80,4,0,0
BRDA:80,4,1,22
BRDA:80,5,0,22
BRDA:80,5,1,22
BRDA:83,6,0,0
BRDA:83,6,1,22
BRDA:83,7,0,22
BRDA:83,7,1,22
BRDA:90,8,0,1
BRDA:90,8,1,26
BRDA:100,9,0,0
BRDA:100,9,1,21
BRDA:102,10,0,0
BRDA:102,10,1,21
BRDA:109,11,0,0
BRDA:109,11,1,25
BRDA:112,12,0,0
BRDA:112,12,1,35
BRDA:130,13,0,17
BRDA:130,13,1,2
BRDA:130,14,0,19
BRDA:130,14,1,2
BRDA:131,15,0,2
BRDA:131,15,1,2
BRDA:131,15,2,2
BRDA:131,15,3,1
BRDA:137,16,0,1
BRDA:137,16,1,23
BRDA:138,17,0,1
BRDA:138,17,1,22
BRDA:140,18,0,0
BRDA:140,18,1,22
BRDA:142,19,0,1
BRDA:142,19,1,21
BRDA:144,20,0,0
BRDA:144,20,1,21
BRDA:146,21,0,2
BRDA:146,21,1,19
BRDA:146,22,0,21
BRDA:146,22,1,3
BRDA:153,23,0,1
BRDA:153,23,1,18
BRDA:168,24,0,0
BRDA:168,24,1,2
BRDA:169,25,0,1
BRDA:169,25,1,1
BRDA:169,26,0,2
BRDA:169,26,1,1
BRDA:171,27,0,0
BRDA:171,27,1,1
BRDA:173,28,0,0
BRDA:173,28,1,1
BRDA:180,29,0,1
BRDA:180,29,1,1
BRDA:188,30,0,0
BRDA:188,30,1,26
BRDA:190,31,0,5
BRDA:190,31,1,21
BRDA:190,32,0,26
BRDA:190,32,1,5
BRDA:192,33,0,0
BRDA:192,33,1,21
BRDA:194,34,0,20
BRDA:194,34,1,1
BRDA:200,35,0,1
BRDA:200,35,1,2
BRDA:201,36,0,1
BRDA:201,36,1,1
BRDA:201,37,0,2
BRDA:201,37,1,1
BRDA:207,38,0,1
BRDA:207,38,1,5
BRDA:209,39,0,0
BRDA:209,39,1,5
BRDA:212,40,0,1
BRDA:212,40,1,4
BRDA:212,41,0,5
BRDA:212,41,1,5
BRDA:214,42,0,0
BRDA:214,42,1,4
BRDA:220,43,0,6
BRDA:220,43,1,30
BRDA:225,44,0,4
BRDA:225,44,1,8
BRDA:227,45,0,1
BRDA:227,45,1,3
BRDA:236,46,0,1
BRDA:236,46,1,5
BRDA:236,47,0,6
BRDA:236,47,1,1
BRDA:237,48,0,5
BRDA:237,48,1,0
BRDA:242,49,0,1
BRDA:242,49,1,28
BRDA:242,50,0,29
BRDA:242,50,1,28
BRDA:251,51,0,29
BRDA:251,51,1,28
BRDA:270,52,0,3
BRDA:270,52,1,26
BRDA:272,53,0,0
BRDA:272,53,1,1
BRF:110
BRH:91
end_of_record
TN:
SF:app\composables\useTabs.ts
FN:43,(anonymous_0)
FN:49,(anonymous_1)
FN:72,(anonymous_2)
FN:74,(anonymous_3)
FN:110,(anonymous_4)
FN:111,(anonymous_5)
FN:138,(anonymous_6)
FN:141,(anonymous_7)
FNF:8
FNH:8
FNDA:14,(anonymous_0)
FNDA:14,(anonymous_1)
FNDA:21,(anonymous_2)
FNDA:8,(anonymous_3)
FNDA:5,(anonymous_4)
FNDA:6,(anonymous_5)
FNDA:2,(anonymous_6)
FNDA:4,(anonymous_7)
DA:43,1
DA:49,14
DA:50,14
DA:51,14
DA:72,14
DA:74,21
DA:75,21
DA:78,19
DA:79,19
DA:80,9
DA:81,10
DA:82,1
DA:84,9
DA:85,9
DA:88,19
DA:93,19
DA:110,14
DA:111,6
DA:112,5
DA:113,4
DA:116,4
DA:117,2
DA:119,1
DA:120,1
DA:123,1
DA:138,14
DA:139,2
DA:141,4
DA:144,14
LF:29
LH:29
BRDA:75,0,0,2
BRDA:75,0,1,19
BRDA:79,1,0,9
BRDA:79,1,1,10
BRDA:79,2,0,19
BRDA:79,2,1,18
BRDA:81,3,0,1
BRDA:81,3,1,9
BRDA:85,4,0,9
BRDA:85,4,1,0
BRDA:112,5,0,4
BRDA:112,5,1,1
BRDA:116,6,0,2
BRDA:116,6,1,2
BRDA:117,7,0,1
BRDA:117,7,1,1
BRF:16
BRH:15
end_of_record
TN:
SF:app\middleware\admin.ts
FN:18,(anonymous_0)
FNF:1
FNH:1
FNDA:5,(anonymous_0)
DA:21,5
DA:23,5
DA:26,5
DA:27,3
LF:4
LH:4
BRDA:21,0,0,0
BRDA:21,0,1,5
BRDA:26,1,0,3
BRDA:26,1,1,2
BRF:4
BRH:3
end_of_record
TN:
SF:app\middleware\auth.global.ts
FN:27,(anonymous_0)
FNF:1
FNH:1
FNDA:8,(anonymous_0)
DA:29,8
DA:36,8
DA:44,8
DA:45,2
DA:47,1
DA:49,1
DA:56,6
DA:57,1
DA:65,5
DA:66,3
DA:67,3
DA:69,2
LF:12
LH:12
BRDA:44,0,0,2
BRDA:44,0,1,6
BRDA:45,1,0,1
BRDA:45,1,1,1
BRDA:56,2,0,1
BRDA:56,2,1,5
BRDA:65,3,0,3
BRDA:65,3,1,2
BRDA:67,4,0,2
BRDA:67,4,1,1
BRF:10
BRH:10
end_of_record
TN:
SF:app\middleware\budget-period.ts
FN:18,(anonymous_0)
FNF:1
FNH:1
FNDA:2,(anonymous_0)
DA:20,2
DA:22,2
DA:24,2
DA:25,1
LF:4
LH:4
BRDA:20,0,0,0
BRDA:20,0,1,2
BRDA:24,1,0,1
BRDA:24,1,1,1
BRF:4
BRH:3
end_of_record
TN:
SF:app\stores\auth.ts
FN:39,(anonymous_0)
FN:50,(anonymous_1)
FN:72,(anonymous_2)
FN:98,(anonymous_3)
FN:126,(anonymous_4)
FN:132,(anonymous_5)
FN:154,(anonymous_6)
FN:188,(anonymous_7)
FN:212,(anonymous_8)
FN:229,(anonymous_9)
FNF:10
FNH:9
FNDA:14,(anonymous_0)
FNDA:0,(anonymous_1)
FNDA:2,(anonymous_2)
FNDA:4,(anonymous_3)
FNDA:3,(anonymous_4)
FNDA:1,(anonymous_5)
FNDA:3,(anonymous_6)
FNDA:3,(anonymous_7)
FNDA:3,(anonymous_8)
FNDA:3,(anonymous_9)
DA:39,1
DA:49,14
DA:50,0
DA:72,14
DA:79,14
DA:80,14
DA:98,14
DA:99,4
DA:101,4
DA:109,3
DA:111,1
DA:112,1
DA:126,14
DA:127,3
DA:129,3
DA:134,1
DA:138,3
DA:154,14
DA:156,3
DA:157,1
DA:160,2
DA:162,2
DA:169,1
DA:172,1
DA:173,1
DA:174,1
DA:188,14
DA:189,3
DA:190,3
DA:191,3
DA:192,2
DA:193,2
DA:197,2
DA:212,14
DA:213,3
DA:229,14
DA:230,3
DA:232,3
DA:233,3
DA:240,14
LF:40
LH:39
BRDA:156,0,0,1
BRDA:156,0,1,2
BRDA:189,1,0,3
BRDA:189,1,1,0
BRDA:189,2,0,3
BRDA:189,2,1,3
BRDA:191,3,0,2
BRDA:191,3,1,1
BRDA:216,4,0,3
BRDA:216,4,1,1
BRDA:217,5,0,3
BRDA:217,5,1,0
BRDA:218,6,0,3
BRDA:218,6,1,0
BRDA:232,7,0,3
BRDA:232,7,1,0
BRF:16
BRH:12
end_of_record
TN:
SF:app\stores\review.ts
FN:40,(anonymous_0)
FN:56,(anonymous_1)
FN:65,(anonymous_2)
FN:68,(anonymous_3)
FN:75,(anonymous_4)
FN:78,(anonymous_5)
FN:83,(anonymous_6)
FN:84,(anonymous_7)
FN:88,(anonymous_8)
FN:89,(anonymous_9)
FN:93,(anonymous_10)
FN:95,(anonymous_11)
FN:99,(anonymous_12)
FN:104,loadSession
FN:117,(anonymous_14)
FN:131,(anonymous_15)
FN:155,_setDraftContent
FN:169,updateContent
FN:176,submitForReview
FN:193,(anonymous_19)
FN:202,addComment
FN:226,resolveComment
FN:233,(anonymous_22)
FN:238,completeReview
FN:240,(anonymous_24)
FN:252,viewVersion
FN:261,(anonymous_26)
FN:289,setActiveComment
FNF:28
FNH:18
FNDA:0,(anonymous_0)
FNDA:27,(anonymous_1)
FNDA:2,(anonymous_2)
FNDA:0,(anonymous_3)
FNDA:2,(anonymous_4)
FNDA:0,(anonymous_5)
FNDA:1,(anonymous_6)
FNDA:0,(anonymous_7)
FNDA:7,(anonymous_8)
FNDA:16,(anonymous_9)
FNDA:2,(anonymous_10)
FNDA:1,(anonymous_11)
FNDA:2,(anonymous_12)
FNDA:17,loadSession
FNDA:68,(anonymous_14)
FNDA:0,(anonymous_15)
FNDA:17,_setDraftContent
FNDA:2,updateContent
FNDA:4,submitForReview
FNDA:12,(anonymous_19)
FNDA:0,addComment
FNDA:0,resolveComment
FNDA:0,(anonymous_22)
FNDA:5,completeReview
FNDA:11,(anonymous_24)
FNDA:0,viewVersion
FNDA:0,(anonymous_26)
FNDA:2,setActiveComment
DA:40,1
DA:41,0
DA:42,0
DA:49,1
DA:56,1
DA:58,27
DA:60,27
DA:62,27
DA:65,27
DA:66,2
DA:67,1
DA:68,0
DA:69,0
DA:71,1
DA:75,27
DA:76,2
DA:77,0
DA:78,0
DA:83,27
DA:84,1
DA:88,27
DA:89,16
DA:93,27
DA:94,2
DA:95,1
DA:99,27
DA:100,2
DA:105,17
DA:106,17
DA:108,17
DA:110,17
DA:117,68
DA:121,17
DA:122,17
DA:126,17
DA:127,17
DA:128,17
DA:129,0
DA:131,0
DA:143,17
DA:144,1
DA:145,1
DA:146,1
DA:147,0
DA:156,17
DA:157,17
DA:158,17
DA:159,17
DA:170,2
DA:171,1
DA:172,1
DA:177,4
DA:178,3
DA:179,3
DA:183,4
DA:190,4
DA:191,4
DA:193,4
DA:194,12
DA:195,12
DA:198,4
DA:205,0
DA:208,0
DA:210,0
DA:213,0
DA:221,0
DA:222,0
DA:227,0
DA:230,0
DA:231,0
DA:233,0
DA:234,0
DA:239,5
DA:240,11
DA:241,5
DA:242,5
DA:243,5
DA:246,5
DA:247,1
DA:253,0
DA:254,0
DA:257,0
DA:260,0
DA:261,0
DA:262,0
DA:263,0
DA:264,0
DA:265,0
DA:266,0
DA:268,0
DA:271,0
DA:279,0
DA:280,0
DA:281,0
DA:282,0
DA:284,0
DA:290,2
DA:293,27
LF:98
LH:61
BRDA:66,0,0,1
BRDA:66,0,1,1
BRDA:67,1,0,0
BRDA:67,1,1,1
BRDA:67,2,0,1
BRDA:67,2,1,0
BRDA:69,3,0,0
BRDA:69,3,1,0
BRDA:76,4,0,2
BRDA:76,4,1,0
BRDA:89,5,0,7
BRDA:89,5,1,6
BRDA:94,6,0,1
BRDA:94,6,1,1
BRDA:100,7,0,2
BRDA:100,7,1,1
BRDA:100,7,2,0
BRDA:104,8,0,17
BRDA:108,9,0,1
BRDA:108,9,1,16
BRDA:121,10,0,17
BRDA:121,10,1,0
BRDA:129,11,0,0
BRDA:129,11,1,0
BRDA:133,12,0,0
BRDA:133,12,1,0
BRDA:143,13,0,1
BRDA:143,13,1,16
BRDA:156,14,0,0
BRDA:156,14,1,17
BRDA:158,15,0,17
BRDA:158,15,1,0
BRDA:170,16,0,1
BRDA:170,16,1,1
BRDA:171,17,0,0
BRDA:171,17,1,1
BRDA:171,18,0,1
BRDA:171,18,1,0
BRDA:177,19,0,1
BRDA:177,19,1,3
BRDA:179,20,0,3
BRDA:179,20,1,0
BRDA:205,21,0,0
BRDA:205,21,1,0
BRDA:215,22,0,0
BRDA:215,22,1,0
BRDA:227,23,0,0
BRDA:227,23,1,0
BRDA:234,24,0,0
BRDA:234,24,1,0
BRDA:239,25,0,0
BRDA:239,25,1,5
BRDA:241,26,0,5
BRDA:241,26,1,0
BRDA:246,27,0,1
BRDA:246,27,1,4
BRDA:254,28,0,0
BRDA:254,28,1,0
BRDA:257,29,0,0
BRDA:257,29,1,0
BRDA:260,30,0,0
BRDA:260,30,1,0
BRDA:262,31,0,0
BRDA:262,31,1,0
BRDA:262,32,0,0
BRDA:262,32,1,0
BRDA:271,33,0,0
BRDA:271,33,1,0
BRF:68
BRH:30
end_of_record
TN:
SF:app\utils\adminLogs.ts
FNF:0
FNH:0
DA:17,0
LF:1
LH:0
BRF:0
BRH:0
end_of_record
TN:
SF:app\utils\common.ts
FN:43,(anonymous_0)
FN:77,(anonymous_1)
FN:85,(anonymous_2)
FN:111,(anonymous_3)
FN:133,(anonymous_4)
FN:164,(anonymous_5)
FN:200,(anonymous_6)
FN:211,(anonymous_7)
FN:223,(anonymous_8)
FN:238,(anonymous_9)
FN:274,(anonymous_10)
FN:283,(anonymous_11)
FN:306,(anonymous_12)
FN:324,(anonymous_13)
FNF:14
FNH:14
FNDA:7,(anonymous_0)
FNDA:14,(anonymous_1)
FNDA:14,(anonymous_2)
FNDA:10,(anonymous_3)
FNDA:4,(anonymous_4)
FNDA:6,(anonymous_5)
FNDA:13,(anonymous_6)
FNDA:8,(anonymous_7)
FNDA:4,(anonymous_8)
FNDA:8,(anonymous_9)
FNDA:14,(anonymous_10)
FNDA:6,(anonymous_11)
FNDA:5,(anonymous_12)
FNDA:4,(anonymous_13)
DA:43,1
DA:44,7
DA:45,7
DA:47,7
DA:50,2
DA:51,2
DA:54,1
DA:55,1
DA:56,1
DA:59,2
DA:60,2
DA:61,2
DA:66,7
DA:77,1
DA:78,14
DA:79,11
DA:80,10
DA:81,8
DA:82,6
DA:85,1
DA:86,14
DA:87,9
DA:88,8
DA:89,8
DA:90,7
DA:111,1
DA:112,10
DA:113,10
DA:133,1
DA:138,4
DA:139,1
DA:141,3
DA:164,1
DA:165,6
DA:166,1
DA:167,1
DA:168,1
DA:169,1
DA:170,2
DA:175,1
DA:181,1
DA:200,13
DA:203,1
DA:211,8
DA:223,1
DA:224,4
DA:225,1
DA:238,1
DA:239,8
DA:240,6
DA:241,5
DA:242,5
DA:243,5
DA:244,5
DA:252,1
DA:274,1
DA:275,14
DA:283,1
DA:284,6
DA:285,1
DA:286,1
DA:287,1
DA:288,3
DA:306,1
DA:308,5
DA:309,5
DA:311,3
DA:324,1
DA:325,4
DA:326,4
DA:327,4
DA:328,4
LF:72
LH:72
BRDA:47,0,0,2
BRDA:47,0,1,1
BRDA:47,0,2,2
BRDA:78,1,0,3
BRDA:78,1,1,11
BRDA:79,2,0,1
BRDA:79,2,1,10
BRDA:80,3,0,2
BRDA:80,3,1,8
BRDA:81,4,0,2
BRDA:81,4,1,6
BRDA:86,5,0,5
BRDA:86,5,1,9
BRDA:87,6,0,1
BRDA:87,6,1,8
BRDA:88,7,0,0
BRDA:88,7,1,8
BRDA:89,8,0,1
BRDA:89,8,1,7
BRDA:113,9,0,10
BRDA:113,9,1,0
BRDA:138,10,0,1
BRDA:138,10,1,3
BRDA:165,11,0,1
BRDA:165,11,1,1
BRDA:165,11,2,1
BRDA:165,11,3,1
BRDA:165,11,4,2
BRDA:200,12,0,13
BRDA:200,12,1,1
BRDA:211,13,0,8
BRDA:211,13,1,1
BRDA:224,14,0,3
BRDA:224,14,1,1
BRDA:239,15,0,2
BRDA:239,15,1,6
BRDA:240,16,0,1
BRDA:240,16,1,5
BRDA:275,17,0,14
BRDA:275,17,1,2
BRDA:284,18,0,1
BRDA:284,18,1,1
BRDA:284,18,2,1
BRDA:284,18,3,3
BRDA:309,19,0,2
BRDA:309,19,1,3
BRDA:311,20,0,1
BRDA:311,20,1,2
BRDA:324,21,0,4
BRF:49
BRH:47
end_of_record
TN:
SF:app\utils\excel.ts
FN:29,(anonymous_0)
FN:32,(anonymous_1)
FN:60,(anonymous_2)
FN:81,(anonymous_3)
FN:96,(anonymous_4)
FN:97,(anonymous_5)
FNF:6
FNH:6
FNDA:7,(anonymous_0)
FNDA:21,(anonymous_1)
FNDA:9,(anonymous_2)
FNDA:4,(anonymous_3)
FNDA:7,(anonymous_4)
FNDA:4,(anonymous_5)
DA:22,1
DA:23,1
DA:29,1
DA:30,7
DA:31,7
DA:32,7
DA:33,21
DA:38,21
DA:44,21
DA:45,21
DA:52,7
DA:60,1
DA:61,9
DA:62,9
DA:65,9
DA:66,9
DA:67,9
DA:68,9
DA:69,9
DA:81,1
DA:89,4
DA:90,4
DA:91,4
DA:93,4
DA:94,3
DA:96,7
DA:97,4
DA:98,3
DA:101,4
LF:29
LH:29
BRDA:93,0,0,3
BRDA:93,0,1,1
BRDA:94,1,0,3
BRDA:94,1,1,2
BRF:4
BRH:4
end_of_record
TN:
SF:app\utils\hwpx.ts
FN:184,(anonymous_0)
FN:209,(anonymous_1)
FN:234,(anonymous_2)
FN:275,(anonymous_3)
FN:287,(anonymous_4)
FN:379,(anonymous_5)
FN:391,(anonymous_6)
FN:402,(anonymous_7)
FN:480,(anonymous_8)
FN:486,(anonymous_9)
FN:489,(anonymous_10)
FN:592,(anonymous_11)
FN:638,(anonymous_12)
FN:650,(anonymous_13)
FN:668,(anonymous_14)
FN:670,(anonymous_15)
FN:674,(anonymous_16)
FN:676,(anonymous_17)
FN:680,(anonymous_18)
FN:685,(anonymous_19)
FN:686,(anonymous_20)
FN:741,(anonymous_21)
FN:754,(anonymous_22)
FN:811,(anonymous_23)
FN:832,(anonymous_24)
FN:833,(anonymous_25)
FN:842,(anonymous_26)
FN:924,(anonymous_27)
FN:957,(anonymous_28)
FN:971,(anonymous_29)
FN:997,(anonymous_30)
FN:1015,(anonymous_31)
FN:1027,(anonymous_32)
FN:1051,(anonymous_33)
FN:1052,(anonymous_34)
FN:1057,(anonymous_35)
FN:1061,(anonymous_36)
FN:1072,(anonymous_37)
FN:1087,(anonymous_38)
FN:1088,(anonymous_39)
FN:1094,(anonymous_40)
FN:1110,(anonymous_41)
FN:1120,(anonymous_42)
FN:1132,(anonymous_43)
FN:1223,(anonymous_44)
FN:1265,(anonymous_45)
FN:1276,(anonymous_46)
FN:1299,(anonymous_47)
FN:1304,(anonymous_48)
FN:1307,(anonymous_49)
FN:1307,(anonymous_50)
FN:1336,(anonymous_51)
FN:1342,(anonymous_52)
FN:1345,(anonymous_53)
FN:1345,(anonymous_54)
FN:1364,(anonymous_55)
FN:1365,(anonymous_56)
FN:1366,(anonymous_57)
FN:1366,(anonymous_58)
FN:1366,(anonymous_59)
FNF:60
FNH:0
FNDA:0,(anonymous_0)
FNDA:0,(anonymous_1)
FNDA:0,(anonymous_2)
FNDA:0,(anonymous_3)
FNDA:0,(anonymous_4)
FNDA:0,(anonymous_5)
FNDA:0,(anonymous_6)
FNDA:0,(anonymous_7)
FNDA:0,(anonymous_8)
FNDA:0,(anonymous_9)
FNDA:0,(anonymous_10)
FNDA:0,(anonymous_11)
FNDA:0,(anonymous_12)
FNDA:0,(anonymous_13)
FNDA:0,(anonymous_14)
FNDA:0,(anonymous_15)
FNDA:0,(anonymous_16)
FNDA:0,(anonymous_17)
FNDA:0,(anonymous_18)
FNDA:0,(anonymous_19)
FNDA:0,(anonymous_20)
FNDA:0,(anonymous_21)
FNDA:0,(anonymous_22)
FNDA:0,(anonymous_23)
FNDA:0,(anonymous_24)
FNDA:0,(anonymous_25)
FNDA:0,(anonymous_26)
FNDA:0,(anonymous_27)
FNDA:0,(anonymous_28)
FNDA:0,(anonymous_29)
FNDA:0,(anonymous_30)
FNDA:0,(anonymous_31)
FNDA:0,(anonymous_32)
FNDA:0,(anonymous_33)
FNDA:0,(anonymous_34)
FNDA:0,(anonymous_35)
FNDA:0,(anonymous_36)
FNDA:0,(anonymous_37)
FNDA:0,(anonymous_38)
FNDA:0,(anonymous_39)
FNDA:0,(anonymous_40)
FNDA:0,(anonymous_41)
FNDA:0,(anonymous_42)
FNDA:0,(anonymous_43)
FNDA:0,(anonymous_44)
FNDA:0,(anonymous_45)
FNDA:0,(anonymous_46)
FNDA:0,(anonymous_47)
FNDA:0,(anonymous_48)
FNDA:0,(anonymous_49)
FNDA:0,(anonymous_50)
FNDA:0,(anonymous_51)
FNDA:0,(anonymous_52)
FNDA:0,(anonymous_53)
FNDA:0,(anonymous_54)
FNDA:0,(anonymous_55)
FNDA:0,(anonymous_56)
FNDA:0,(anonymous_57)
FNDA:0,(anonymous_58)
FNDA:0,(anonymous_59)
DA:51,0
DA:69,0
DA:89,0
DA:100,0
DA:101,0
DA:102,0
DA:103,0
DA:113,0
DA:184,0
DA:185,0
DA:190,0
DA:209,0
DA:216,0
DA:217,0
DA:218,0
DA:234,0
DA:254,0
DA:255,0
DA:275,0
DA:276,0
DA:287,0
DA:288,0
DA:379,0
DA:380,0
DA:381,0
DA:382,0
DA:383,0
DA:384,0
DA:385,0
DA:387,0
DA:389,0
DA:390,0
DA:391,0
DA:392,0
DA:394,0
DA:402,0
DA:407,0
DA:409,0
DA:410,0
DA:411,0
DA:412,0
DA:414,0
DA:416,0
DA:417,0
DA:418,0
DA:421,0
DA:422,0
DA:423,0
DA:424,0
DA:425,0
DA:431,0
DA:435,0
DA:436,0
DA:437,0
DA:438,0
DA:439,0
DA:440,0
DA:441,0
DA:442,0
DA:443,0
DA:444,0
DA:445,0
DA:449,0
DA:450,0
DA:451,0
DA:452,0
DA:456,0
DA:457,0
DA:459,0
DA:460,0
DA:462,0
DA:466,0
DA:467,0
DA:468,0
DA:471,0
DA:472,0
DA:480,0
DA:481,0
DA:482,0
DA:483,0
DA:484,0
DA:486,0
DA:487,0
DA:489,0
DA:490,0
DA:491,0
DA:493,0
DA:495,0
DA:497,0
DA:498,0
DA:500,0
DA:502,0
DA:505,0
DA:506,0
DA:511,0
DA:518,0
DA:520,0
DA:521,0
DA:522,0
DA:523,0
DA:524,0
DA:525,0
DA:526,0
DA:527,0
DA:529,0
DA:530,0
DA:531,0
DA:535,0
DA:537,0
DA:538,0
DA:539,0
DA:540,0
DA:541,0
DA:542,0
DA:543,0
DA:544,0
DA:546,0
DA:548,0
DA:550,0
DA:553,0
DA:554,0
DA:555,0
DA:556,0
DA:572,0
DA:575,0
DA:579,0
DA:580,0
DA:581,0
DA:592,0
DA:596,0
DA:598,0
DA:599,0
DA:601,0
DA:602,0
DA:638,0
DA:639,0
DA:640,0
DA:643,0
DA:650,0
DA:651,0
DA:652,0
DA:668,0
DA:669,0
DA:670,0
DA:672,0
DA:675,0
DA:676,0
DA:677,0
DA:680,0
DA:681,0
DA:682,0
DA:683,0
DA:685,0
DA:686,0
DA:687,0
DA:689,0
DA:690,0
DA:691,0
DA:692,0
DA:694,0
DA:696,0
DA:713,0
DA:718,0
DA:730,0
DA:741,0
DA:742,0
DA:744,0
DA:745,0
DA:746,0
DA:754,0
DA:766,0
DA:799,0
DA:804,0
DA:811,0
DA:812,0
DA:813,0
DA:814,0
DA:815,0
DA:818,0
DA:832,0
DA:833,0
DA:834,0
DA:835,0
DA:836,0
DA:837,0
DA:838,0
DA:839,0
DA:842,0
DA:843,0
DA:846,0
DA:867,0
DA:873,0
DA:881,0
DA:892,0
DA:896,0
DA:924,0
DA:925,0
DA:926,0
DA:928,0
DA:929,0
DA:957,0
DA:958,0
DA:959,0
DA:960,0
DA:961,0
DA:971,0
DA:972,0
DA:973,0
DA:974,0
DA:976,0
DA:977,0
DA:978,0
DA:979,0
DA:980,0
DA:981,0
DA:982,0
DA:984,0
DA:985,0
DA:986,0
DA:987,0
DA:988,0
DA:989,0
DA:990,0
DA:991,0
DA:993,0
DA:997,0
DA:998,0
DA:999,0
DA:1000,0
DA:1001,0
DA:1002,0
DA:1003,0
DA:1004,0
DA:1005,0
DA:1015,0
DA:1016,0
DA:1018,0
DA:1020,0
DA:1021,0
DA:1022,0
DA:1023,0
DA:1027,0
DA:1028,0
DA:1029,0
DA:1030,0
DA:1031,0
DA:1032,0
DA:1034,0
DA:1039,0
DA:1040,0
DA:1041,0
DA:1044,0
DA:1045,0
DA:1047,0
DA:1051,0
DA:1052,0
DA:1053,0
DA:1054,0
DA:1055,0
DA:1056,0
DA:1057,0
DA:1058,0
DA:1059,0
DA:1061,0
DA:1062,0
DA:1063,0
DA:1065,0
DA:1067,0
DA:1072,0
DA:1073,0
DA:1075,0
DA:1079,0
DA:1087,0
DA:1088,0
DA:1089,0
DA:1090,0
DA:1091,0
DA:1092,0
DA:1093,0
DA:1094,0
DA:1095,0
DA:1097,0
DA:1098,0
DA:1099,0
DA:1100,0
DA:1101,0
DA:1102,0
DA:1103,0
DA:1105,0
DA:1106,0
DA:1107,0
DA:1108,0
DA:1110,0
DA:1111,0
DA:1112,0
DA:1113,0
DA:1116,0
DA:1117,0
DA:1120,0
DA:1121,0
DA:1123,0
DA:1132,0
DA:1136,0
DA:1137,0
DA:1138,0
DA:1140,0
DA:1141,0
DA:1142,0
DA:1143,0
DA:1144,0
DA:1145,0
DA:1146,0
DA:1147,0
DA:1148,0
DA:1149,0
DA:1150,0
DA:1151,0
DA:1152,0
DA:1153,0
DA:1154,0
DA:1155,0
DA:1157,0
DA:1158,0
DA:1159,0
DA:1160,0
DA:1162,0
DA:1166,0
DA:1167,0
DA:1168,0
DA:1169,0
DA:1170,0
DA:1171,0
DA:1172,0
DA:1179,0
DA:1182,0
DA:1186,0
DA:1187,0
DA:1188,0
DA:1189,0
DA:1191,0
DA:1202,0
DA:1223,0
DA:1229,0
DA:1234,0
DA:1235,0
DA:1239,0
DA:1240,0
DA:1241,0
DA:1242,0
DA:1243,0
DA:1249,0
DA:1250,0
DA:1251,0
DA:1253,0
DA:1254,0
DA:1255,0
DA:1256,0
DA:1258,0
DA:1259,0
DA:1265,0
DA:1266,0
DA:1267,0
DA:1272,0
DA:1273,0
DA:1274,0
DA:1275,0
DA:1276,0
DA:1277,0
DA:1279,0
DA:1283,0
DA:1291,0
DA:1292,0
DA:1296,0
DA:1297,0
DA:1299,0
DA:1300,0
DA:1301,0
DA:1302,0
DA:1304,0
DA:1305,0
DA:1306,0
DA:1307,0
DA:1310,0
DA:1314,0
DA:1326,0
DA:1327,0
DA:1328,0
DA:1329,0
DA:1330,0
DA:1331,0
DA:1332,0
DA:1336,0
DA:1337,0
DA:1338,0
DA:1339,0
DA:1340,0
DA:1342,0
DA:1343,0
DA:1344,0
DA:1345,0
DA:1348,0
DA:1350,0
DA:1352,0
DA:1353,0
DA:1354,0
DA:1355,0
DA:1358,0
DA:1359,0
DA:1363,0
DA:1364,0
DA:1365,0
DA:1366,0
DA:1367,0
DA:1369,0
DA:1371,0
DA:1372,0
DA:1373,0
DA:1374,0
DA:1375,0
DA:1377,0
LF:420
LH:0
BRDA:214,0,0,0
BRDA:217,1,0,0
BRDA:217,1,1,0
BRDA:226,2,0,0
BRDA:226,2,1,0
BRDA:227,3,0,0
BRDA:227,3,1,0
BRDA:228,4,0,0
BRDA:228,4,1,0
BRDA:229,5,0,0
BRDA:229,5,1,0
BRDA:236,6,0,0
BRDA:247,7,0,0
BRDA:248,8,0,0
BRDA:249,9,0,0
BRDA:250,10,0,0
BRDA:251,11,0,0
BRDA:252,12,0,0
BRDA:253,13,0,0
BRDA:287,14,0,0
BRDA:287,15,0,0
BRDA:287,16,0,0
BRDA:382,17,0,0
BRDA:382,17,1,0
BRDA:384,18,0,0
BRDA:384,18,1,0
BRDA:390,19,0,0
BRDA:390,19,1,0
BRDA:409,20,0,0
BRDA:409,20,1,0
BRDA:410,21,0,0
BRDA:410,21,1,0
BRDA:411,22,0,0
BRDA:411,22,1,0
BRDA:414,23,0,0
BRDA:414,23,1,0
BRDA:421,24,0,0
BRDA:421,24,1,0
BRDA:422,25,0,0
BRDA:422,25,1,0
BRDA:424,26,0,0
BRDA:424,26,1,0
BRDA:436,27,0,0
BRDA:436,27,1,0
BRDA:436,28,0,0
BRDA:436,28,1,0
BRDA:437,29,0,0
BRDA:437,29,1,0
BRDA:438,30,0,0
BRDA:438,30,1,0
BRDA:438,31,0,0
BRDA:438,31,1,0
BRDA:439,32,0,0
BRDA:439,32,1,0
BRDA:440,33,0,0
BRDA:440,33,1,0
BRDA:440,34,0,0
BRDA:440,34,1,0
BRDA:441,35,0,0
BRDA:441,35,1,0
BRDA:442,36,0,0
BRDA:442,36,1,0
BRDA:442,37,0,0
BRDA:442,37,1,0
BRDA:442,37,2,0
BRDA:443,38,0,0
BRDA:443,38,1,0
BRDA:444,39,0,0
BRDA:444,39,1,0
BRDA:449,40,0,0
BRDA:449,40,1,0
BRDA:452,41,0,0
BRDA:452,41,1,0
BRDA:459,42,0,0
BRDA:459,42,1,0
BRDA:459,43,0,0
BRDA:459,43,1,0
BRDA:466,44,0,0
BRDA:466,44,1,0
BRDA:468,45,0,0
BRDA:468,45,1,0
BRDA:480,46,0,0
BRDA:491,47,0,0
BRDA:491,47,1,0
BRDA:495,48,0,0
BRDA:495,48,1,0
BRDA:497,49,0,0
BRDA:497,49,1,0
BRDA:498,50,0,0
BRDA:498,50,1,0
BRDA:500,51,0,0
BRDA:500,51,1,0
BRDA:505,52,0,0
BRDA:505,52,1,0
BRDA:508,53,0,0
BRDA:508,53,1,0
BRDA:515,54,0,0
BRDA:515,54,1,0
BRDA:518,55,0,0
BRDA:518,55,1,0
BRDA:518,56,0,0
BRDA:518,56,1,0
BRDA:522,57,0,0
BRDA:522,57,1,0
BRDA:524,58,0,0
BRDA:524,58,1,0
BRDA:531,59,0,0
BRDA:531,59,1,0
BRDA:531,60,0,0
BRDA:531,60,1,0
BRDA:535,61,0,0
BRDA:535,61,1,0
BRDA:542,62,0,0
BRDA:542,62,1,0
BRDA:544,63,0,0
BRDA:544,63,1,0
BRDA:546,64,0,0
BRDA:546,64,1,0
BRDA:548,65,0,0
BRDA:548,65,1,0
BRDA:550,66,0,0
BRDA:550,66,1,0
BRDA:553,67,0,0
BRDA:553,67,1,0
BRDA:555,68,0,0
BRDA:555,68,1,0
BRDA:572,69,0,0
BRDA:572,69,1,0
BRDA:572,70,0,0
BRDA:572,70,1,0
BRDA:572,70,2,0
BRDA:580,71,0,0
BRDA:580,71,1,0
BRDA:639,72,0,0
BRDA:639,72,1,0
BRDA:640,73,0,0
BRDA:640,73,1,0
BRDA:672,74,0,0
BRDA:672,74,1,0
BRDA:672,75,0,0
BRDA:672,75,1,0
BRDA:677,76,0,0
BRDA:677,76,1,0
BRDA:681,77,0,0
BRDA:681,77,1,0
BRDA:687,78,0,0
BRDA:687,78,1,0
BRDA:689,79,0,0
BRDA:689,79,1,0
BRDA:689,80,0,0
BRDA:689,80,1,0
BRDA:690,81,0,0
BRDA:690,81,1,0
BRDA:690,82,0,0
BRDA:690,82,1,0
BRDA:691,83,0,0
BRDA:691,83,1,0
BRDA:692,84,0,0
BRDA:692,84,1,0
BRDA:799,85,0,0
BRDA:799,85,1,0
BRDA:804,86,0,0
BRDA:804,86,1,0
BRDA:813,87,0,0
BRDA:813,87,1,0
BRDA:814,88,0,0
BRDA:814,88,1,0
BRDA:832,89,0,0
BRDA:832,90,0,0
BRDA:835,91,0,0
BRDA:835,91,1,0
BRDA:835,92,0,0
BRDA:835,92,1,0
BRDA:836,93,0,0
BRDA:836,93,1,0
BRDA:837,94,0,0
BRDA:837,94,1,0
BRDA:838,95,0,0
BRDA:838,95,1,0
BRDA:938,96,0,0
BRDA:938,96,1,0
BRDA:950,97,0,0
BRDA:950,97,1,0
BRDA:974,98,0,0
BRDA:974,98,1,0
BRDA:982,99,0,0
BRDA:982,99,1,0
BRDA:982,100,0,0
BRDA:982,100,1,0
BRDA:985,101,0,0
BRDA:985,101,1,0
BRDA:986,102,0,0
BRDA:986,102,1,0
BRDA:987,103,0,0
BRDA:987,103,1,0
BRDA:988,104,0,0
BRDA:988,104,1,0
BRDA:999,105,0,0
BRDA:999,105,1,0
BRDA:1000,106,0,0
BRDA:1000,106,1,0
BRDA:1000,107,0,0
BRDA:1000,107,1,0
BRDA:1001,108,0,0
BRDA:1001,108,1,0
BRDA:1002,109,0,0
BRDA:1002,109,1,0
BRDA:1003,110,0,0
BRDA:1003,110,1,0
BRDA:1005,111,0,0
BRDA:1005,111,1,0
BRDA:1016,112,0,0
BRDA:1016,112,1,0
BRDA:1018,113,0,0
BRDA:1018,113,1,0
BRDA:1018,114,0,0
BRDA:1018,114,1,0
BRDA:1018,114,2,0
BRDA:1018,114,3,0
BRDA:1020,115,0,0
BRDA:1020,115,1,0
BRDA:1020,116,0,0
BRDA:1020,116,1,0
BRDA:1020,116,2,0
BRDA:1020,116,3,0
BRDA:1028,117,0,0
BRDA:1028,117,1,0
BRDA:1028,118,0,0
BRDA:1028,118,1,0
BRDA:1028,118,2,0
BRDA:1031,119,0,0
BRDA:1031,119,1,0
BRDA:1034,120,0,0
BRDA:1034,120,1,0
BRDA:1034,121,0,0
BRDA:1034,121,1,0
BRDA:1034,121,2,0
BRDA:1034,121,3,0
BRDA:1034,121,4,0
BRDA:1034,121,5,0
BRDA:1034,121,6,0
BRDA:1034,121,7,0
BRDA:1034,121,8,0
BRDA:1034,121,9,0
BRDA:1034,121,10,0
BRDA:1034,121,11,0
BRDA:1034,121,12,0
BRDA:1054,122,0,0
BRDA:1054,122,1,0
BRDA:1073,123,0,0
BRDA:1073,123,1,0
BRDA:1079,124,0,0
BRDA:1079,124,1,0
BRDA:1079,124,2,0
BRDA:1097,125,0,0
BRDA:1097,125,1,0
BRDA:1098,126,0,0
BRDA:1098,126,1,0
BRDA:1103,127,0,0
BRDA:1103,127,1,0
BRDA:1111,128,0,0
BRDA:1111,128,1,0
BRDA:1141,129,0,0
BRDA:1141,129,1,0
BRDA:1143,130,0,0
BRDA:1143,130,1,0
BRDA:1144,131,0,0
BRDA:1144,131,1,0
BRDA:1145,132,0,0
BRDA:1145,132,1,0
BRDA:1146,133,0,0
BRDA:1146,133,1,0
BRDA:1148,134,0,0
BRDA:1148,134,1,0
BRDA:1152,135,0,0
BRDA:1152,135,1,0
BRDA:1154,136,0,0
BRDA:1154,136,1,0
BRDA:1158,137,0,0
BRDA:1158,137,1,0
BRDA:1159,138,0,0
BRDA:1159,138,1,0
BRDA:1166,139,0,0
BRDA:1166,139,1,0
BRDA:1168,140,0,0
BRDA:1168,140,1,0
BRDA:1187,141,0,0
BRDA:1187,141,1,0
BRDA:1187,142,0,0
BRDA:1187,142,1,0
BRDA:1189,143,0,0
BRDA:1189,143,1,0
BRDA:1195,144,0,0
BRDA:1195,144,1,0
BRDA:1196,145,0,0
BRDA:1196,145,1,0
BRDA:1225,146,0,0
BRDA:1226,147,0,0
BRDA:1229,148,0,0
BRDA:1229,148,1,0
BRDA:1230,149,0,0
BRDA:1230,149,1,0
BRDA:1231,150,0,0
BRDA:1231,150,1,0
BRDA:1242,151,0,0
BRDA:1242,151,1,0
BRDA:1242,152,0,0
BRDA:1242,152,1,0
BRDA:1251,153,0,0
BRDA:1251,153,1,0
BRDA:1254,154,0,0
BRDA:1254,154,1,0
BRDA:1267,155,0,0
BRDA:1267,155,1,0
BRDA:1275,156,0,0
BRDA:1275,156,1,0
BRDA:1275,157,0,0
BRDA:1275,157,1,0
BRDA:1275,157,2,0
BRDA:1276,158,0,0
BRDA:1276,158,1,0
BRDA:1276,158,2,0
BRDA:1300,159,0,0
BRDA:1300,159,1,0
BRDA:1302,160,0,0
BRDA:1302,160,1,0
BRDA:1306,161,0,0
BRDA:1306,161,1,0
BRDA:1306,162,0,0
BRDA:1306,162,1,0
BRDA:1331,163,0,0
BRDA:1331,163,1,0
BRDA:1337,164,0,0
BRDA:1337,164,1,0
BRDA:1340,165,0,0
BRDA:1340,165,1,0
BRDA:1344,166,0,0
BRDA:1344,166,1,0
BRDA:1344,167,0,0
BRDA:1344,167,1,0
BRDA:1365,168,0,0
BRDA:1365,168,1,0
BRDA:1365,169,0,0
BRDA:1365,169,1,0
BRDA:1366,170,0,0
BRDA:1366,170,1,0
BRF:346
BRH:0
end_of_record
